<?xml version="1.0" encoding="utf-8"?>
<TestRun id="59879fe8-f160-42ec-9194-5e350b85b88f" name="@pombo 2026-06-28 18:44:53" xmlns="http://microsoft.com/schemas/VisualStudio/TeamTest/2010">
  <Times creation="2026-06-28T18:44:53.3733786+01:00" queuing="2026-06-28T18:44:53.3733786+01:00" start="2026-06-28T18:44:51.0071557+01:00" finish="2026-06-28T18:44:59.6282371+01:00" />
  <TestSettings name="default" id="6edf929e-d1b3-4671-ae78-991384178a67">
    <Deployment runDeploymentRoot="_pombo_2026-06-28_18_44_53" />
  </TestSettings>
  <Results>
    <UnitTestResult executionId="38cba165-06dd-4f0d-86fe-fef3bc7ef2c2" testId="91e8c3f5-2af9-f415-dedc-dc86add040b0" testName="Identity.Tests.Domain.ValueObjects.PasswordTests.Create_WithPasswordMissingComplexityRule_ShouldThrowDomainException(weakPassword: &quot;NoNumbersHere!&quot;)" computerName="pombo" duration="00:00:00.0004553" startTime="2026-06-28T18:44:53.3391418+01:00" endTime="2026-06-28T18:44:53.3391418+01:00" testType="13cdc9d9-ddb5-4fa4-a97d-d965ccfc6d4b" outcome="Passed" testListId="8c84fa94-04c1-424b-9868-57a2d4851a1d" relativeResultsDirectory="38cba165-06dd-4f0d-86fe-fef3bc7ef2c2" />
    <UnitTestResult executionId="7084167e-0d5d-4bb2-b3b8-3c24415c8d2e" testId="6d39e308-758b-cd80-7953-12945bf35eb6" testName="Identity.Tests.Application.Users.Register.RegisterUserHandlerTests.Handle_ShouldQueryRepositoryUsingExactEmailFromCommand" computerName="pombo" duration="00:00:00.2523335" startTime="2026-06-28T18:44:54.8291234+01:00" endTime="2026-06-28T18:44:54.8291235+01:00" testType="13cdc9d9-ddb5-4fa4-a97d-d965ccfc6d4b" outcome="Passed" testListId="8c84fa94-04c1-424b-9868-57a2d4851a1d" relativeResultsDirectory="7084167e-0d5d-4bb2-b3b8-3c24415c8d2e" />
    <UnitTestResult executionId="fdcf8465-7b26-4463-b087-3f71af314ba1" testId="2cff496a-448a-1223-8261-d693ec74a58c" testName="Identity.Tests.Domain.ValueObjects.CompleteNameTests.Create_WithNullOrWhitespaceName_ShouldThrowDomainException(firstName: &quot;  &quot;, lastName: &quot;Silva&quot;)" computerName="pombo" duration="00:00:00.0003560" startTime="2026-06-28T18:44:53.3356199+01:00" endTime="2026-06-28T18:44:53.3356199+01:00" testType="13cdc9d9-ddb5-4fa4-a97d-d965ccfc6d4b" outcome="Passed" testListId="8c84fa94-04c1-424b-9868-57a2d4851a1d" relativeResultsDirectory="fdcf8465-7b26-4463-b087-3f71af314ba1" />
    <UnitTestResult executionId="d13abf3d-0d00-4d61-bd32-2a5f74340fde" testId="4c675138-8d08-8ee4-299d-e45bd16bf3ac" testName="Identity.Tests.Domain.ValueObjects.PasswordTests.Create_WithPasswordMissingComplexityRule_ShouldThrowDomainException(weakPassword: &quot;Has Space123!&quot;)" computerName="pombo" duration="00:00:00.0001921" startTime="2026-06-28T18:44:53.3395120+01:00" endTime="2026-06-28T18:44:53.3395121+01:00" testType="13cdc9d9-ddb5-4fa4-a97d-d965ccfc6d4b" outcome="Passed" testListId="8c84fa94-04c1-424b-9868-57a2d4851a1d" relativeResultsDirectory="d13abf3d-0d00-4d61-bd32-2a5f74340fde" />
    <UnitTestResult executionId="060025ea-b2a1-47ad-b199-8e51b0c0ae4b" testId="4848cd30-4b2f-69e9-7c1d-c78c0f47e50a" testName="Identity.Tests.Domain.ValueObjects.CompleteNameTests.Equals_DifferentNames_ShouldNotBeEqual" computerName="pombo" duration="00:00:00.0001436" startTime="2026-06-28T18:44:53.3436521+01:00" endTime="2026-06-28T18:44:53.3436522+01:00" testType="13cdc9d9-ddb5-4fa4-a97d-d965ccfc6d4b" outcome="Passed" testListId="8c84fa94-04c1-424b-9868-57a2d4851a1d" relativeResultsDirectory="060025ea-b2a1-47ad-b199-8e51b0c0ae4b" />
    <UnitTestResult executionId="8c81ac15-4c88-4386-b59b-c1abcffab6c9" testId="85c7ee5d-8ac4-04d4-c023-2cc306c21e4d" testName="Identity.Tests.Domain.ValueObjects.CompleteNameTests.Create_WithNullOrWhitespaceName_ShouldThrowDomainException(firstName: &quot;&quot;, lastName: &quot;Silva&quot;)" computerName="pombo" duration="00:00:00.0003097" startTime="2026-06-28T18:44:53.3387561+01:00" endTime="2026-06-28T18:44:53.3387562+01:00" testType="13cdc9d9-ddb5-4fa4-a97d-d965ccfc6d4b" outcome="Passed" testListId="8c84fa94-04c1-424b-9868-57a2d4851a1d" relativeResultsDirectory="8c81ac15-4c88-4386-b59b-c1abcffab6c9" />
    <UnitTestResult executionId="79394272-1e7d-4cd0-9f9e-ca4bb77f095c" testId="0539f599-0b90-5522-ccca-15316ad408bc" testName="Identity.Tests.Domain.ValueObjects.EmailTests.Create_WithValidEmailFormat_ShouldSucceed(validEmail: &quot;user_name@example-domain.com&quot;)" computerName="pombo" duration="00:00:00.0000109" startTime="2026-06-28T18:44:53.3475577+01:00" endTime="2026-06-28T18:44:53.3475577+01:00" testType="13cdc9d9-ddb5-4fa4-a97d-d965ccfc6d4b" outcome="Passed" testListId="8c84fa94-04c1-424b-9868-57a2d4851a1d" relativeResultsDirectory="79394272-1e7d-4cd0-9f9e-ca4bb77f095c" />
    <UnitTestResult executionId="9b8d25a4-70e2-4f59-a60b-2951a769de69" testId="7d6627a0-9217-b6cc-641c-3183aba1a66f" testName="Identity.Tests.Domain.ValueObjects.EmailTests.Create_WithNullOrWhitespaces_ShouldThrowDomainException(invalidEmail: null)" computerName="pombo" duration="00:00:00.0004195" startTime="2026-06-28T18:44:53.3359577+01:00" endTime="2026-06-28T18:44:53.3359577+01:00" testType="13cdc9d9-ddb5-4fa4-a97d-d965ccfc6d4b" outcome="Passed" testListId="8c84fa94-04c1-424b-9868-57a2d4851a1d" relativeResultsDirectory="9b8d25a4-70e2-4f59-a60b-2951a769de69" />
    <UnitTestResult executionId="b267b3e1-2374-4770-9fe8-7cb0b1973797" testId="6bdca0a6-ec07-6071-8804-b7b06a4b74f5" testName="Identity.Tests.Domain.Entities.UserTests.Create_WithValidData_ShouldReturnSuccessResult" computerName="pombo" duration="00:00:00.2507321" startTime="2026-06-28T18:44:54.7293860+01:00" endTime="2026-06-28T18:44:54.7293862+01:00" testType="13cdc9d9-ddb5-4fa4-a97d-d965ccfc6d4b" outcome="Passed" testListId="8c84fa94-04c1-424b-9868-57a2d4851a1d" relativeResultsDirectory="b267b3e1-2374-4770-9fe8-7cb0b1973797" />
    <UnitTestResult executionId="1a59ee59-eca9-4391-b48c-9afde18802c3" testId="0d7258d6-e7eb-7967-7432-f109cf2e3d08" testName="Identity.Tests.Domain.ValueObjects.PasswordTests.Equals_TwoPasswordWithDifferentSaltButSamePlainText_ShouldNotBeEqual" computerName="pombo" duration="00:00:00.5032540" startTime="2026-06-28T18:44:56.2580937+01:00" endTime="2026-06-28T18:44:56.2580938+01:00" testType="13cdc9d9-ddb5-4fa4-a97d-d965ccfc6d4b" outcome="Passed" testListId="8c84fa94-04c1-424b-9868-57a2d4851a1d" relativeResultsDirectory="1a59ee59-eca9-4391-b48c-9afde18802c3" />
    <UnitTestResult executionId="0930b250-093a-47c0-a868-f806f41891c2" testId="a6f2e7a3-3a3f-c86a-3288-683ee8bb8cf7" testName="Identity.Tests.Application.Users.Register.RegisterUserHandlerTests.Handle_WithNewEmail_ShouldCommitUnitOfWork" computerName="pombo" duration="00:00:01.0646319" startTime="2026-06-28T18:44:54.3198408+01:00" endTime="2026-06-28T18:44:54.3198409+01:00" testType="13cdc9d9-ddb5-4fa4-a97d-d965ccfc6d4b" outcome="Passed" testListId="8c84fa94-04c1-424b-9868-57a2d4851a1d" relativeResultsDirectory="0930b250-093a-47c0-a868-f806f41891c2" />
    <UnitTestResult executionId="5b43089f-7b65-4647-ac3b-66ec4d04a6da" testId="b7669388-0941-66a1-ac72-16401dfbe304" testName="Identity.Tests.Domain.Entities.UserTests.TwoUsersWithDifferentIds_ShouldNotBeConsideredTheSameEntity" computerName="pombo" duration="00:00:00.5201173" startTime="2026-06-28T18:44:55.2496356+01:00" endTime="2026-06-28T18:44:55.2496356+01:00" testType="13cdc9d9-ddb5-4fa4-a97d-d965ccfc6d4b" outcome="Passed" testListId="8c84fa94-04c1-424b-9868-57a2d4851a1d" relativeResultsDirectory="5b43089f-7b65-4647-ac3b-66ec4d04a6da" />
    <UnitTestResult executionId="4aafe32d-6bd9-4dcf-9b22-a96227530727" testId="f57cab95-7ee6-1d93-a53f-fea4c9ce6f84" testName="Identity.Tests.Domain.ValueObjects.PasswordTests.Create_WithPasswordMissingComplexityRule_ShouldThrowDomainException(weakPassword: &quot;NoSpecialChar123&quot;)" computerName="pombo" duration="00:00:00.0001722" startTime="2026-06-28T18:44:53.3399692+01:00" endTime="2026-06-28T18:44:53.3399692+01:00" testType="13cdc9d9-ddb5-4fa4-a97d-d965ccfc6d4b" outcome="Passed" testListId="8c84fa94-04c1-424b-9868-57a2d4851a1d" relativeResultsDirectory="4aafe32d-6bd9-4dcf-9b22-a96227530727" />
    <UnitTestResult executionId="7048107b-496c-47d8-8c2f-1cb4e04b6dd8" testId="0e7a71b0-cd53-08a3-465f-202c03241461" testName="Identity.Tests.Domain.ValueObjects.CompleteNameTests.Initials_ShouldBeComputedFromFirstAndLastName(firstName: &quot;ana&quot;, lastName: &quot;costa&quot;, expectedInitials: &quot;AC&quot;)" computerName="pombo" duration="00:00:00.0000122" startTime="2026-06-28T18:44:53.3003309+01:00" endTime="2026-06-28T18:44:53.3003310+01:00" testType="13cdc9d9-ddb5-4fa4-a97d-d965ccfc6d4b" outcome="Passed" testListId="8c84fa94-04c1-424b-9868-57a2d4851a1d" relativeResultsDirectory="7048107b-496c-47d8-8c2f-1cb4e04b6dd8" />
    <UnitTestResult executionId="4ad86157-0a9a-465c-a430-151b83bf579e" testId="6923638a-9f33-823d-7f15-b2ec1041f814" testName="Identity.Tests.Domain.ValueObjects.EmailTests.Create_WithNullOrWhitespaces_ShouldThrowDomainException(invalidEmail: &quot;   &quot;)" computerName="pombo" duration="00:00:00.0006922" startTime="2026-06-28T18:44:53.3344068+01:00" endTime="2026-06-28T18:44:53.3344069+01:00" testType="13cdc9d9-ddb5-4fa4-a97d-d965ccfc6d4b" outcome="Passed" testListId="8c84fa94-04c1-424b-9868-57a2d4851a1d" relativeResultsDirectory="4ad86157-0a9a-465c-a430-151b83bf579e" />
    <UnitTestResult executionId="b02bbd80-b685-4a8e-9fb2-7068e9c62b16" testId="82f5ec48-a106-641c-1db7-1ef55dcc29a6" testName="Identity.Tests.Domain.Entities.UserTests.Revoke_WithMultipleActiveTokens_ShouldRevokeAllOfThem" computerName="pombo" duration="00:00:00.2610933" startTime="2026-06-28T18:44:55.5108621+01:00" endTime="2026-06-28T18:44:55.5108622+01:00" testType="13cdc9d9-ddb5-4fa4-a97d-d965ccfc6d4b" outcome="Passed" testListId="8c84fa94-04c1-424b-9868-57a2d4851a1d" relativeResultsDirectory="b02bbd80-b685-4a8e-9fb2-7068e9c62b16" />
    <UnitTestResult executionId="1afcf9d3-ee22-4656-afae-ad32f1349702" testId="8bb77a73-db27-4411-01d5-7fb73e9855e8" testName="Identity.Tests.Domain.ValueObjects.PasswordTests.Verify_WithCorrectPlainPassword_ShouldReturnTrue" computerName="pombo" duration="00:00:01.1702024" startTime="2026-06-28T18:44:54.4634606+01:00" endTime="2026-06-28T18:44:54.4634607+01:00" testType="13cdc9d9-ddb5-4fa4-a97d-d965ccfc6d4b" outcome="Passed" testListId="8c84fa94-04c1-424b-9868-57a2d4851a1d" relativeResultsDirectory="1afcf9d3-ee22-4656-afae-ad32f1349702" />
    <UnitTestResult executionId="5e9d2df1-5938-4a0b-82b7-7402b7434535" testId="60e2c02f-c021-30ac-0af3-b42677cfe970" testName="Identity.Tests.Domain.ValueObjects.PasswordTests.Create_WithPasswordMissingComplexityRule_ShouldThrowDomainException(weakPassword: &quot;alllowercase1!&quot;)" computerName="pombo" duration="00:00:00.0002255" startTime="2026-06-28T18:44:53.3408916+01:00" endTime="2026-06-28T18:44:53.3408917+01:00" testType="13cdc9d9-ddb5-4fa4-a97d-d965ccfc6d4b" outcome="Passed" testListId="8c84fa94-04c1-424b-9868-57a2d4851a1d" relativeResultsDirectory="5e9d2df1-5938-4a0b-82b7-7402b7434535" />
    <UnitTestResult executionId="00533e0f-3b39-4569-947f-57322077def9" testId="65bac05f-f892-4816-ed98-12727d80f7b9" testName="Identity.Tests.Domain.ValueObjects.EmailTests.Create_WithInvalidFormat_ShouldThrowDomainException(invalidEmail: &quot;@example.com&quot;)" computerName="pombo" duration="00:00:00.0007873" startTime="2026-06-28T18:44:53.3438274+01:00" endTime="2026-06-28T18:44:53.3438275+01:00" testType="13cdc9d9-ddb5-4fa4-a97d-d965ccfc6d4b" outcome="Passed" testListId="8c84fa94-04c1-424b-9868-57a2d4851a1d" relativeResultsDirectory="00533e0f-3b39-4569-947f-57322077def9" />
    <UnitTestResult executionId="e0d4d4a7-fb19-4d0b-9923-85d07afc74e5" testId="fefe0c39-aff0-ba09-b030-8b24c1e95ae2" testName="Identity.Tests.Domain.ValueObjects.CompleteNameTests.Create_WithNameStartingWithNumber_ShouldThrowDomainException(firstName: &quot;99&quot;, lastName: &quot;00&quot;)" computerName="pombo" duration="00:00:00.0009208" startTime="2026-06-28T18:44:53.3405038+01:00" endTime="2026-06-28T18:44:53.3405038+01:00" testType="13cdc9d9-ddb5-4fa4-a97d-d965ccfc6d4b" outcome="Passed" testListId="8c84fa94-04c1-424b-9868-57a2d4851a1d" relativeResultsDirectory="e0d4d4a7-fb19-4d0b-9923-85d07afc74e5" />
    <UnitTestResult executionId="8c0d1485-67d1-45be-9b03-ceffa7056972" testId="e1100ebf-73f8-cfb9-be3d-42a3620c21cb" testName="Identity.Tests.Domain.ValueObjects.CompleteNameTests.Create_WithNullOrWhitespaceName_ShouldThrowDomainException(firstName: &quot;João&quot;, lastName: null)" computerName="pombo" duration="00:00:00.0002955" startTime="2026-06-28T18:44:53.3363272+01:00" endTime="2026-06-28T18:44:53.3363272+01:00" testType="13cdc9d9-ddb5-4fa4-a97d-d965ccfc6d4b" outcome="Passed" testListId="8c84fa94-04c1-424b-9868-57a2d4851a1d" relativeResultsDirectory="8c0d1485-67d1-45be-9b03-ceffa7056972" />
    <UnitTestResult executionId="9095864a-1325-4bf2-9c0b-1280a5762fb8" testId="0b9cd77a-6120-52aa-82d1-7b1720c966ae" testName="Identity.Tests.Domain.ValueObjects.CompleteNameTests.Initials_ShouldBeComputedFromFirstAndLastName(firstName: &quot;João&quot;, lastName: &quot;Silva&quot;, expectedInitials: &quot;JS&quot;)" computerName="pombo" duration="00:00:00.0169173" startTime="2026-06-28T18:44:53.2852567+01:00" endTime="2026-06-28T18:44:53.2852880+01:00" testType="13cdc9d9-ddb5-4fa4-a97d-d965ccfc6d4b" outcome="Passed" testListId="8c84fa94-04c1-424b-9868-57a2d4851a1d" relativeResultsDirectory="9095864a-1325-4bf2-9c0b-1280a5762fb8" />
    <UnitTestResult executionId="8602d3ce-dada-4bdc-94f9-614463b93431" testId="dd17e392-1c69-260e-c307-a78f95357ffa" testName="Identity.Tests.Domain.ValueObjects.CompleteNameTests.Create_WithNameStartingWithNumber_ShouldThrowDomainException(firstName: &quot;1 João&quot;, lastName: &quot;Silva&quot;)" computerName="pombo" duration="00:00:00.0002646" startTime="2026-06-28T18:44:53.3421601+01:00" endTime="2026-06-28T18:44:53.3421601+01:00" testType="13cdc9d9-ddb5-4fa4-a97d-d965ccfc6d4b" outcome="Passed" testListId="8c84fa94-04c1-424b-9868-57a2d4851a1d" relativeResultsDirectory="8602d3ce-dada-4bdc-94f9-614463b93431" />
    <UnitTestResult executionId="12c55d3e-691f-4543-a428-e495d312bd2b" testId="f6cacf49-f35e-29c0-103a-914cd0fe24dd" testName="Identity.Tests.Domain.Entities.UserTests.Create_NewUser_ShouldSetCreateAtToUtcNow" computerName="pombo" duration="00:00:00.2492712" startTime="2026-06-28T18:44:55.7601973+01:00" endTime="2026-06-28T18:44:55.7601974+01:00" testType="13cdc9d9-ddb5-4fa4-a97d-d965ccfc6d4b" outcome="Passed" testListId="8c84fa94-04c1-424b-9868-57a2d4851a1d" relativeResultsDirectory="12c55d3e-691f-4543-a428-e495d312bd2b" />
    <UnitTestResult executionId="615a57ad-70b6-4bc4-a1f2-f0547d6099b8" testId="1210bb37-5deb-7efb-f8b4-6264635c5c42" testName="Identity.Tests.Domain.Entities.UserTests.Revoke_ShouldNotAffectAlreadyRevokedTokens" computerName="pombo" duration="00:00:00.9494944" startTime="2026-06-28T18:44:54.2141255+01:00" endTime="2026-06-28T18:44:54.2141256+01:00" testType="13cdc9d9-ddb5-4fa4-a97d-d965ccfc6d4b" outcome="Passed" testListId="8c84fa94-04c1-424b-9868-57a2d4851a1d" relativeResultsDirectory="615a57ad-70b6-4bc4-a1f2-f0547d6099b8" />
    <UnitTestResult executionId="27a38fba-81d3-4d71-81c3-db282a23f8b1" testId="61767d10-258f-1ce8-f1f4-99c4b07d6c31" testName="Identity.Tests.Domain.ValueObjects.EmailTests.Equals_TwoEmailWithDifferentAddress_ShouldNotBeEqual" computerName="pombo" duration="00:00:00.0042918" startTime="2026-06-28T18:44:53.3432292+01:00" endTime="2026-06-28T18:44:53.3432293+01:00" testType="13cdc9d9-ddb5-4fa4-a97d-d965ccfc6d4b" outcome="Passed" testListId="8c84fa94-04c1-424b-9868-57a2d4851a1d" relativeResultsDirectory="27a38fba-81d3-4d71-81c3-db282a23f8b1" />
    <UnitTestResult executionId="5f69fa60-455d-4186-bc30-9739ea948c14" testId="fa6e52f6-5c29-5e71-f3c2-ec9c7333a711" testName="Identity.Tests.Application.Users.Register.RegisterUserHandlerTests.Handle_WithNewEmail_ShouldCallAddAsyncOnRepository" computerName="pombo" duration="00:00:00.2562779" startTime="2026-06-28T18:44:54.5766285+01:00" endTime="2026-06-28T18:44:54.5766286+01:00" testType="13cdc9d9-ddb5-4fa4-a97d-d965ccfc6d4b" outcome="Passed" testListId="8c84fa94-04c1-424b-9868-57a2d4851a1d" relativeResultsDirectory="5f69fa60-455d-4186-bc30-9739ea948c14" />
    <UnitTestResult executionId="f4902581-0a0b-4fc1-80f8-ab6944769ca7" testId="1a6e4076-106d-e57a-320b-bc99399e9d83" testName="Identity.Tests.Domain.ValueObjects.EmailTests.Create_WithTooShortEmail_ShouldThrowDomainException(shortEmail: &quot;a@bc&quot;)" computerName="pombo" duration="00:00:00.0007243" startTime="2026-06-28T18:44:53.3483655+01:00" endTime="2026-06-28T18:44:53.3483655+01:00" testType="13cdc9d9-ddb5-4fa4-a97d-d965ccfc6d4b" outcome="Passed" testListId="8c84fa94-04c1-424b-9868-57a2d4851a1d" relativeResultsDirectory="f4902581-0a0b-4fc1-80f8-ab6944769ca7" />
    <UnitTestResult executionId="6e48d535-b326-4aa8-a7d6-df6a8b967dc8" testId="2164ee36-77b0-8b41-fe5e-ae18efb04a19" testName="Identity.Tests.Domain.ValueObjects.PasswordTests.Create_WithTooShortPassword_ShouldThrowDomainException(shortPassword: &quot;short1!&quot;)" computerName="pombo" duration="00:00:00.0264483" startTime="2026-06-28T18:44:53.3009531+01:00" endTime="2026-06-28T18:44:53.3009532+01:00" testType="13cdc9d9-ddb5-4fa4-a97d-d965ccfc6d4b" outcome="Passed" testListId="8c84fa94-04c1-424b-9868-57a2d4851a1d" relativeResultsDirectory="6e48d535-b326-4aa8-a7d6-df6a8b967dc8" />
    <UnitTestResult executionId="98e12e1f-ea57-4f9b-bc69-566676f9d74f" testId="84a2c1b5-163f-d755-d246-6da7cbb30999" testName="Identity.Tests.Domain.Entities.UserTests.Revoke_WithNoTokens_ShouldNotThrow" computerName="pombo" duration="00:00:00.2507159" startTime="2026-06-28T18:44:56.5120791+01:00" endTime="2026-06-28T18:44:56.5120792+01:00" testType="13cdc9d9-ddb5-4fa4-a97d-d965ccfc6d4b" outcome="Passed" testListId="8c84fa94-04c1-424b-9868-57a2d4851a1d" relativeResultsDirectory="98e12e1f-ea57-4f9b-bc69-566676f9d74f" />
    <UnitTestResult executionId="4be2edac-1e2b-47df-b748-73912d6d2499" testId="9e456675-b6ec-849a-fb23-381f118a9dea" testName="Identity.Tests.Domain.ValueObjects.EmailTests.GetHashCode_TwoEqualEmail_ShouldHaveSameHashCode" computerName="pombo" duration="00:00:00.0012822" startTime="2026-06-28T18:44:53.3498198+01:00" endTime="2026-06-28T18:44:53.3498199+01:00" testType="13cdc9d9-ddb5-4fa4-a97d-d965ccfc6d4b" outcome="Passed" testListId="8c84fa94-04c1-424b-9868-57a2d4851a1d" relativeResultsDirectory="4be2edac-1e2b-47df-b748-73912d6d2499" />
    <UnitTestResult executionId="73436a2e-88a0-4a0a-bfba-8a4416efb784" testId="198bac5d-865e-e10c-6e00-0285a13e4943" testName="Identity.Tests.Domain.ValueObjects.PasswordTests.Create_SamePlainPasswordTwice_ShouldProduceDifferentHashes" computerName="pombo" duration="00:00:01.0395314" startTime="2026-06-28T18:44:55.7546890+01:00" endTime="2026-06-28T18:44:55.7546891+01:00" testType="13cdc9d9-ddb5-4fa4-a97d-d965ccfc6d4b" outcome="Passed" testListId="8c84fa94-04c1-424b-9868-57a2d4851a1d" relativeResultsDirectory="73436a2e-88a0-4a0a-bfba-8a4416efb784" />
    <UnitTestResult executionId="cad9c4dc-04f6-4f7d-8c4f-246a5bee5ef4" testId="be3a5de2-5236-f46c-efe4-1a3d315a6fad" testName="Identity.Tests.Domain.ValueObjects.EmailTests.Create_WithUppercaseEmail_ShouldNormalizeToLowercase" computerName="pombo" duration="00:00:00.0001533" startTime="2026-06-28T18:44:53.3459861+01:00" endTime="2026-06-28T18:44:53.3459862+01:00" testType="13cdc9d9-ddb5-4fa4-a97d-d965ccfc6d4b" outcome="Passed" testListId="8c84fa94-04c1-424b-9868-57a2d4851a1d" relativeResultsDirectory="cad9c4dc-04f6-4f7d-8c4f-246a5bee5ef4" />
    <UnitTestResult executionId="0f74e107-6ea1-4d13-a75e-5c2e0f9416d5" testId="714d7c07-d9ce-474e-3d9b-dea8b13154db" testName="Identity.Tests.Domain.ValueObjects.EmailTests.Create_WithTooShortEmail_ShouldThrowDomainException(shortEmail: &quot;a@b.c&quot;)" computerName="pombo" duration="00:00:00.0004266" startTime="2026-06-28T18:44:53.3487278+01:00" endTime="2026-06-28T18:44:53.3487279+01:00" testType="13cdc9d9-ddb5-4fa4-a97d-d965ccfc6d4b" outcome="Passed" testListId="8c84fa94-04c1-424b-9868-57a2d4851a1d" relativeResultsDirectory="0f74e107-6ea1-4d13-a75e-5c2e0f9416d5" />
    <UnitTestResult executionId="dd640e36-8bee-47b2-b1ce-4c5184da5b52" testId="d64e1aba-2a3e-533c-842b-6485ad37a88e" testName="Identity.Tests.Domain.ValueObjects.CompleteNameTests.Create_WithNameStartingWithNumber_ShouldThrowDomainException(firstName: &quot;João&quot;, lastName: &quot;2Silva&quot;)" computerName="pombo" duration="00:00:00.0004750" startTime="2026-06-28T18:44:53.3413077+01:00" endTime="2026-06-28T18:44:53.3413077+01:00" testType="13cdc9d9-ddb5-4fa4-a97d-d965ccfc6d4b" outcome="Passed" testListId="8c84fa94-04c1-424b-9868-57a2d4851a1d" relativeResultsDirectory="dd640e36-8bee-47b2-b1ce-4c5184da5b52" />
    <UnitTestResult executionId="b6deb30d-2bf3-4519-8b92-43b80d8513ce" testId="3ed4350a-a705-bfe8-fc1e-5ef93dba5d7c" testName="Identity.Tests.Domain.Entities.UserTests.Create_NewUser_ShouldBeActiveByDefault" computerName="pombo" duration="00:00:00.2495971" startTime="2026-06-28T18:44:56.0098776+01:00" endTime="2026-06-28T18:44:56.0098777+01:00" testType="13cdc9d9-ddb5-4fa4-a97d-d965ccfc6d4b" outcome="Passed" testListId="8c84fa94-04c1-424b-9868-57a2d4851a1d" relativeResultsDirectory="b6deb30d-2bf3-4519-8b92-43b80d8513ce" />
    <UnitTestResult executionId="ad674046-7571-4a93-bfd3-6ef370119abb" testId="6c8bd53b-0aea-4e85-e875-5fc8f3e2d675" testName="Identity.Tests.Domain.ValueObjects.EmailTests.Create_WithInvalidFormat_ShouldThrowDomainException(invalidEmail: &quot;user@@example.com&quot;)" computerName="pombo" duration="00:00:00.0004648" startTime="2026-06-28T18:44:53.3441734+01:00" endTime="2026-06-28T18:44:53.3441735+01:00" testType="13cdc9d9-ddb5-4fa4-a97d-d965ccfc6d4b" outcome="Passed" testListId="8c84fa94-04c1-424b-9868-57a2d4851a1d" relativeResultsDirectory="ad674046-7571-4a93-bfd3-6ef370119abb" />
    <UnitTestResult executionId="2f000d0b-d81d-4136-aba6-97969e0488ab" testId="0c1433f8-fd1c-8bb9-fac3-3b20f2f55f33" testName="Identity.Tests.Domain.ValueObjects.EmailTests.Equals_TwoEmailsWithSameAddress_ShouldBeEqual" computerName="pombo" duration="00:00:00.0001756" startTime="2026-06-28T18:44:53.3501842+01:00" endTime="2026-06-28T18:44:53.3501843+01:00" testType="13cdc9d9-ddb5-4fa4-a97d-d965ccfc6d4b" outcome="Passed" testListId="8c84fa94-04c1-424b-9868-57a2d4851a1d" relativeResultsDirectory="2f000d0b-d81d-4136-aba6-97969e0488ab" />
    <UnitTestResult executionId="b27af0c5-5a23-4859-a25f-50f879b80ff4" testId="235c8d3f-1f26-0a26-5d8a-27566755590f" testName="Identity.Tests.Domain.ValueObjects.CompleteNameTests.Create_WithNullOrWhitespaceName_ShouldThrowDomainException(firstName: &quot;João&quot;, lastName: &quot;&quot;)" computerName="pombo" duration="00:00:00.0007013" startTime="2026-06-28T18:44:53.3348307+01:00" endTime="2026-06-28T18:44:53.3348308+01:00" testType="13cdc9d9-ddb5-4fa4-a97d-d965ccfc6d4b" outcome="Passed" testListId="8c84fa94-04c1-424b-9868-57a2d4851a1d" relativeResultsDirectory="b27af0c5-5a23-4859-a25f-50f879b80ff4" />
    <UnitTestResult executionId="32d0abd9-0d5e-4c97-99b1-59b761947ba2" testId="2d964ca9-862d-a06e-8cff-f1f3b17942be" testName="Identity.Tests.Domain.ValueObjects.EmailTests.HashSet_WithDuplicateEmails_ShouldDeduplicateBasedOnValue" computerName="pombo" duration="00:00:00.0030411" startTime="2026-06-28T18:44:53.3494558+01:00" endTime="2026-06-28T18:44:53.3494558+01:00" testType="13cdc9d9-ddb5-4fa4-a97d-d965ccfc6d4b" outcome="Passed" testListId="8c84fa94-04c1-424b-9868-57a2d4851a1d" relativeResultsDirectory="32d0abd9-0d5e-4c97-99b1-59b761947ba2" />
    <UnitTestResult executionId="99e5c3fc-eb87-47f3-a652-8791b5a2eecd" testId="b1bdba67-a360-b397-8547-e1a3a0cd1e03" testName="Identity.Tests.Domain.ValueObjects.EmailTests.Create_WithInvalidFormat_ShouldThrowDomainException(invalidEmail: &quot;notaemail&quot;)" computerName="pombo" duration="00:00:00.0001691" startTime="2026-06-28T18:44:53.3455934+01:00" endTime="2026-06-28T18:44:53.3455934+01:00" testType="13cdc9d9-ddb5-4fa4-a97d-d965ccfc6d4b" outcome="Passed" testListId="8c84fa94-04c1-424b-9868-57a2d4851a1d" relativeResultsDirectory="99e5c3fc-eb87-47f3-a652-8791b5a2eecd" />
    <UnitTestResult executionId="4f7e310d-0878-4928-9ed6-7e7388cab315" testId="444ccee1-0e5e-3086-c9b1-d7e1da2eafd3" testName="Identity.Tests.Domain.Entities.UserTests.AddRefreshToken_ShouldAddTokenCollection" computerName="pombo" duration="00:00:00.2650455" startTime="2026-06-28T18:44:54.4785288+01:00" endTime="2026-06-28T18:44:54.4785289+01:00" testType="13cdc9d9-ddb5-4fa4-a97d-d965ccfc6d4b" outcome="Passed" testListId="8c84fa94-04c1-424b-9868-57a2d4851a1d" relativeResultsDirectory="4f7e310d-0878-4928-9ed6-7e7388cab315" />
    <UnitTestResult executionId="10d19c50-8ae2-4445-90d0-ff9d2f936505" testId="4b2297b1-9929-8fac-ef0a-7734b772a666" testName="Identity.Tests.Domain.ValueObjects.EmailTests.Create_WithInvalidFormat_ShouldThrowDomainException(invalidEmail: &quot;missing@domain&quot;)" computerName="pombo" duration="00:00:00.0002928" startTime="2026-06-28T18:44:53.3445048+01:00" endTime="2026-06-28T18:44:53.3445048+01:00" testType="13cdc9d9-ddb5-4fa4-a97d-d965ccfc6d4b" outcome="Passed" testListId="8c84fa94-04c1-424b-9868-57a2d4851a1d" relativeResultsDirectory="10d19c50-8ae2-4445-90d0-ff9d2f936505" />
    <UnitTestResult executionId="b63b345e-335c-4d0e-8df3-9aa4123261bb" testId="4877c871-4aaa-e5c5-652e-d70b2caf6aa0" testName="Identity.Tests.Domain.ValueObjects.CompleteNameTests.Initials_ShouldBeComputedFromFirstAndLastName(firstName: &quot;Maria&quot;, lastName: &quot;DOS SANTOS&quot;, expectedInitials: &quot;MD&quot;)" computerName="pombo" duration="00:00:00.0002714" startTime="2026-06-28T18:44:53.2972719+01:00" endTime="2026-06-28T18:44:53.2972720+01:00" testType="13cdc9d9-ddb5-4fa4-a97d-d965ccfc6d4b" outcome="Passed" testListId="8c84fa94-04c1-424b-9868-57a2d4851a1d" relativeResultsDirectory="b63b345e-335c-4d0e-8df3-9aa4123261bb" />
    <UnitTestResult executionId="7aa115e1-ca9b-4b37-b0bf-62eb5a8605b6" testId="e31517f0-e582-eb80-bc41-e023ef028ddf" testName="Identity.Tests.Domain.ValueObjects.PasswordTests.Create_WithValidStringPassword_ShouldSucceed" computerName="pombo" duration="00:00:00.2476196" startTime="2026-06-28T18:44:57.0035759+01:00" endTime="2026-06-28T18:44:57.0035760+01:00" testType="13cdc9d9-ddb5-4fa4-a97d-d965ccfc6d4b" outcome="Passed" testListId="8c84fa94-04c1-424b-9868-57a2d4851a1d" relativeResultsDirectory="7aa115e1-ca9b-4b37-b0bf-62eb5a8605b6" />
    <UnitTestResult executionId="1e042dac-ad42-4008-846f-1be1b3493c90" testId="a81738ef-902d-b18c-fd12-9a94f8a56fb7" testName="Identity.Tests.Domain.ValueObjects.CompleteNameTests.Create_WithValidNames_ShouldSucceed" computerName="pombo" duration="00:00:00.0002184" startTime="2026-06-28T18:44:53.3428663+01:00" endTime="2026-06-28T18:44:53.3428663+01:00" testType="13cdc9d9-ddb5-4fa4-a97d-d965ccfc6d4b" outcome="Passed" testListId="8c84fa94-04c1-424b-9868-57a2d4851a1d" relativeResultsDirectory="1e042dac-ad42-4008-846f-1be1b3493c90" />
    <UnitTestResult executionId="22b30498-2689-4123-a850-c0b4f76cc93b" testId="f0395ec9-08cc-89a2-3ff1-20dbded38c8b" testName="Identity.Tests.Domain.ValueObjects.CompleteNameTests.Equals_NamesWithDifferentCasing_ShouldBeEqual" computerName="pombo" duration="00:00:00.0015838" startTime="2026-06-28T18:44:53.3425288+01:00" endTime="2026-06-28T18:44:53.3425289+01:00" testType="13cdc9d9-ddb5-4fa4-a97d-d965ccfc6d4b" outcome="Passed" testListId="8c84fa94-04c1-424b-9868-57a2d4851a1d" relativeResultsDirectory="22b30498-2689-4123-a850-c0b4f76cc93b" />
    <UnitTestResult executionId="3b573a27-a593-44a4-83ed-9eb79a5e00a6" testId="9ed9afbb-4c89-095a-21eb-5b30c1a25bd4" testName="Identity.Tests.Application.Users.Register.RegisterUserHandlerTests.Handle_WithAlreadyRegisteredEmail_ShouldReturnConflictError" computerName="pombo" duration="00:00:00.2817958" startTime="2026-06-28T18:44:55.3747413+01:00" endTime="2026-06-28T18:44:55.3747414+01:00" testType="13cdc9d9-ddb5-4fa4-a97d-d965ccfc6d4b" outcome="Passed" testListId="8c84fa94-04c1-424b-9868-57a2d4851a1d" relativeResultsDirectory="3b573a27-a593-44a4-83ed-9eb79a5e00a6" />
    <UnitTestResult executionId="03624548-a27d-4893-9113-21da8e986505" testId="92aeb8b3-f052-0bb4-32ac-b0b154a683ff" testName="Identity.Tests.Domain.ValueObjects.CompleteNameTests.Create_WithNullOrWhitespaceName_ShouldThrowDomainException(firstName: null, lastName: &quot;Silva&quot;)" computerName="pombo" duration="00:00:00.0049243" startTime="2026-06-28T18:44:53.3011491+01:00" endTime="2026-06-28T18:44:53.3011491+01:00" testType="13cdc9d9-ddb5-4fa4-a97d-d965ccfc6d4b" outcome="Passed" testListId="8c84fa94-04c1-424b-9868-57a2d4851a1d" relativeResultsDirectory="03624548-a27d-4893-9113-21da8e986505" />
    <UnitTestResult executionId="cfb8762e-f4a5-45f5-b06c-79a936e57d0d" testId="6e714ac3-93e8-c761-7c58-48aba9d8da56" testName="Identity.Tests.Domain.Entities.UserTests.Create_ShouldGenerateWithNonEmptyId" computerName="pombo" duration="00:00:00.2513194" startTime="2026-06-28T18:44:56.2612707+01:00" endTime="2026-06-28T18:44:56.2612708+01:00" testType="13cdc9d9-ddb5-4fa4-a97d-d965ccfc6d4b" outcome="Passed" testListId="8c84fa94-04c1-424b-9868-57a2d4851a1d" relativeResultsDirectory="cfb8762e-f4a5-45f5-b06c-79a936e57d0d" />
    <UnitTestResult executionId="763f4a0e-7791-4f08-b06c-fedd03fa21de" testId="0f742ff5-10ce-897e-a438-ae10fa51fb0c" testName="Identity.Tests.Domain.ValueObjects.EmailTests.Create_WithValidEmailFormat_ShouldSucceed(validEmail: &quot;user@example.com&quot;)" computerName="pombo" duration="00:00:00.0003534" startTime="2026-06-28T18:44:53.3467790+01:00" endTime="2026-06-28T18:44:53.3467790+01:00" testType="13cdc9d9-ddb5-4fa4-a97d-d965ccfc6d4b" outcome="Passed" testListId="8c84fa94-04c1-424b-9868-57a2d4851a1d" relativeResultsDirectory="763f4a0e-7791-4f08-b06c-fedd03fa21de" />
    <UnitTestResult executionId="67845c1a-b1e9-46f9-baef-deb960ed545e" testId="33fa476f-fadd-c179-0065-f10fe6d99ada" testName="Identity.Tests.Domain.ValueObjects.EmailTests.Create_WithValidEmailFormat_ShouldSucceed(validEmail: &quot;first.last@example.com&quot;)" computerName="pombo" duration="00:00:00.0001783" startTime="2026-06-28T18:44:53.3471694+01:00" endTime="2026-06-28T18:44:53.3471695+01:00" testType="13cdc9d9-ddb5-4fa4-a97d-d965ccfc6d4b" outcome="Passed" testListId="8c84fa94-04c1-424b-9868-57a2d4851a1d" relativeResultsDirectory="67845c1a-b1e9-46f9-baef-deb960ed545e" />
    <UnitTestResult executionId="ab1e8090-7a00-46ac-82ab-351fb693b20c" testId="d4b8b358-5de1-1f7c-08c5-627fabb36318" testName="Identity.Tests.Application.Users.Register.RegisterUserHandlerTests.Handle_WithAlreadyRegisteredEmail_ShouldNeverCallAddAsync" computerName="pombo" duration="00:00:00.2635700" startTime="2026-06-28T18:44:55.0935952+01:00" endTime="2026-06-28T18:44:55.0935953+01:00" testType="13cdc9d9-ddb5-4fa4-a97d-d965ccfc6d4b" outcome="Passed" testListId="8c84fa94-04c1-424b-9868-57a2d4851a1d" relativeResultsDirectory="ab1e8090-7a00-46ac-82ab-351fb693b20c" />
    <UnitTestResult executionId="eb38ba74-ec69-4287-90a0-60cb28a58b9f" testId="a4cbc4bc-35b1-1bb4-2e3d-1fb47720a0d0" testName="Identity.Tests.Domain.ValueObjects.PasswordTests.Create_ShouldNeverExposePlainPassword" computerName="pombo" duration="00:00:00.2513957" startTime="2026-06-28T18:44:54.7149651+01:00" endTime="2026-06-28T18:44:54.7149652+01:00" testType="13cdc9d9-ddb5-4fa4-a97d-d965ccfc6d4b" outcome="Passed" testListId="8c84fa94-04c1-424b-9868-57a2d4851a1d" relativeResultsDirectory="eb38ba74-ec69-4287-90a0-60cb28a58b9f" />
    <UnitTestResult executionId="abf3ce3a-ac93-4408-aedf-7e2da7bc010d" testId="27a0856f-fff4-f01c-8b04-2c13e5db5631" testName="Identity.Tests.Domain.ValueObjects.EmailTests.Create_WithLeadingOrTrailingWhitespace_ShouldTrim" computerName="pombo" duration="00:00:00.0001363" startTime="2026-06-28T18:44:53.3464045+01:00" endTime="2026-06-28T18:44:53.3464046+01:00" testType="13cdc9d9-ddb5-4fa4-a97d-d965ccfc6d4b" outcome="Passed" testListId="8c84fa94-04c1-424b-9868-57a2d4851a1d" relativeResultsDirectory="abf3ce3a-ac93-4408-aedf-7e2da7bc010d" />
    <UnitTestResult executionId="b7b667b6-8798-4ca7-9fee-5ba4082685f0" testId="26565884-b110-28f7-a778-3df48fd51de6" testName="Identity.Tests.Infrastructure.Persistence.UserRepositoryTests.FindByEmail_WhenUserDoesNotExist_ShouldReturnNull" computerName="pombo" duration="00:00:00.2589446" startTime="2026-06-28T18:44:59.0117308+01:00" endTime="2026-06-28T18:44:59.0117309+01:00" testType="13cdc9d9-ddb5-4fa4-a97d-d965ccfc6d4b" outcome="Passed" testListId="8c84fa94-04c1-424b-9868-57a2d4851a1d" relativeResultsDirectory="b7b667b6-8798-4ca7-9fee-5ba4082685f0" />
    <UnitTestResult executionId="70b4607f-358b-43cb-ac81-3546fef8817e" testId="fbb3b841-6c4c-bfe3-f8aa-bc3daeaac023" testName="Identity.Tests.Domain.ValueObjects.EmailTests.Create_WithNullOrWhitespaces_ShouldThrowDomainException(invalidEmail: &quot;&quot;)" computerName="pombo" duration="00:00:00.0264592" startTime="2026-06-28T18:44:53.3007683+01:00" endTime="2026-06-28T18:44:53.3007683+01:00" testType="13cdc9d9-ddb5-4fa4-a97d-d965ccfc6d4b" outcome="Passed" testListId="8c84fa94-04c1-424b-9868-57a2d4851a1d" relativeResultsDirectory="70b4607f-358b-43cb-ac81-3546fef8817e" />
    <UnitTestResult executionId="5b6dc00c-a79b-4258-b09c-36f96bc1c86d" testId="991c6d01-af3c-2318-24b2-c23608ab6cda" testName="Identity.Tests.Domain.ValueObjects.PasswordTests.Create_WithPasswordMissingComplexityRule_ShouldThrowDomainException(weakPassword: &quot;ALLUPPERCASE1!&quot;)" computerName="pombo" duration="00:00:00.0007066" startTime="2026-06-28T18:44:53.3382826+01:00" endTime="2026-06-28T18:44:53.3382827+01:00" testType="13cdc9d9-ddb5-4fa4-a97d-d965ccfc6d4b" outcome="Passed" testListId="8c84fa94-04c1-424b-9868-57a2d4851a1d" relativeResultsDirectory="5b6dc00c-a79b-4258-b09c-36f96bc1c86d" />
    <UnitTestResult executionId="6b1b84cb-8a43-4f78-9c79-c05d1106bbbc" testId="5de5ee0f-ab48-9ac7-21c5-564c41b0b9f9" testName="Identity.Tests.Domain.ValueObjects.PasswordTests.Create_WithTooShortPassword_ShouldThrowDomainException(shortPassword: &quot;   &quot;)" computerName="pombo" duration="00:00:00.0002263" startTime="2026-06-28T18:44:53.3352621+01:00" endTime="2026-06-28T18:44:53.3352621+01:00" testType="13cdc9d9-ddb5-4fa4-a97d-d965ccfc6d4b" outcome="Passed" testListId="8c84fa94-04c1-424b-9868-57a2d4851a1d" relativeResultsDirectory="6b1b84cb-8a43-4f78-9c79-c05d1106bbbc" />
    <UnitTestResult executionId="643cadd1-40d8-4deb-9fc5-a4a07dab2d03" testId="b60496da-699a-f7e8-b512-4bef35ebb3c6" testName="Identity.Tests.Domain.ValueObjects.PasswordTests.Verify_WithIncorrectPlainPassword_ShouldReturnFalse" computerName="pombo" duration="00:00:00.4976240" startTime="2026-06-28T18:44:56.7558529+01:00" endTime="2026-06-28T18:44:56.7558530+01:00" testType="13cdc9d9-ddb5-4fa4-a97d-d965ccfc6d4b" outcome="Passed" testListId="8c84fa94-04c1-424b-9868-57a2d4851a1d" relativeResultsDirectory="643cadd1-40d8-4deb-9fc5-a4a07dab2d03" />
    <UnitTestResult executionId="b425274b-f202-499a-b0ee-b577ca655189" testId="a5d964cc-969f-0e25-85e7-a449b3d69abb" testName="Identity.Tests.Domain.ValueObjects.EmailTests.Create_WithValidEmailFormat_ShouldSucceed(validEmail: &quot;user+tag@example.co.uk&quot;)" computerName="pombo" duration="00:00:00.0000090" startTime="2026-06-28T18:44:53.3479373+01:00" endTime="2026-06-28T18:44:53.3479373+01:00" testType="13cdc9d9-ddb5-4fa4-a97d-d965ccfc6d4b" outcome="Passed" testListId="8c84fa94-04c1-424b-9868-57a2d4851a1d" relativeResultsDirectory="b425274b-f202-499a-b0ee-b577ca655189" />
    <UnitTestResult executionId="308c96de-7833-4b64-bbc6-bb647b70a30d" testId="f2f7a73a-7722-90e6-3cad-f5a0798eab02" testName="Identity.Tests.Domain.ValueObjects.PasswordTests.Create_WithTooShortPassword_ShouldThrowDomainException(shortPassword: &quot;&quot;)" computerName="pombo" duration="00:00:00.0006680" startTime="2026-06-28T18:44:53.3308390+01:00" endTime="2026-06-28T18:44:53.3308391+01:00" testType="13cdc9d9-ddb5-4fa4-a97d-d965ccfc6d4b" outcome="Passed" testListId="8c84fa94-04c1-424b-9868-57a2d4851a1d" relativeResultsDirectory="308c96de-7833-4b64-bbc6-bb647b70a30d" />
    <UnitTestResult executionId="24550325-ac3a-4ecb-a7e5-63e6d08ac8a0" testId="2f95a583-5ebf-642b-a683-631f65b6cde3" testName="Identity.Tests.Domain.ValueObjects.EmailTests.Create_WithInvalidFormat_ShouldThrowDomainException(invalidEmail: &quot;user@.com&quot;)" computerName="pombo" duration="00:00:00.0002502" startTime="2026-06-28T18:44:53.3448463+01:00" endTime="2026-06-28T18:44:53.3448464+01:00" testType="13cdc9d9-ddb5-4fa4-a97d-d965ccfc6d4b" outcome="Passed" testListId="8c84fa94-04c1-424b-9868-57a2d4851a1d" relativeResultsDirectory="24550325-ac3a-4ecb-a7e5-63e6d08ac8a0" />
  </Results>
  <TestDefinitions>
    <UnitTest name="Identity.Tests.Domain.ValueObjects.EmailTests.Create_WithValidEmailFormat_ShouldSucceed(validEmail: &quot;user@example.com&quot;)" storage="/home/pombo/dev/c#/cloudmart-ecommerce/src/identity.tests/bin/debug/net9.0/identity.tests.dll" id="0f742ff5-10ce-897e-a438-ae10fa51fb0c">
      <Execution id="763f4a0e-7791-4f08-b06c-fedd03fa21de" />
      <TestMethod codeBase="/home/pombo/Dev/C#/cloudmart-ecommerce/src/Identity.Tests/bin/Debug/net9.0/Identity.Tests.dll" adapterTypeName="executor://xunit/VsTestRunner2/netcoreapp" className="Identity.Tests.Domain.ValueObjects.EmailTests" name="Create_WithValidEmailFormat_ShouldSucceed" />
    </UnitTest>
    <UnitTest name="Identity.Tests.Domain.ValueObjects.PasswordTests.Create_WithPasswordMissingComplexityRule_ShouldThrowDomainException(weakPassword: &quot;Has Space123!&quot;)" storage="/home/pombo/dev/c#/cloudmart-ecommerce/src/identity.tests/bin/debug/net9.0/identity.tests.dll" id="4c675138-8d08-8ee4-299d-e45bd16bf3ac">
      <Execution id="d13abf3d-0d00-4d61-bd32-2a5f74340fde" />
      <TestMethod codeBase="/home/pombo/Dev/C#/cloudmart-ecommerce/src/Identity.Tests/bin/Debug/net9.0/Identity.Tests.dll" adapterTypeName="executor://xunit/VsTestRunner2/netcoreapp" className="Identity.Tests.Domain.ValueObjects.PasswordTests" name="Create_WithPasswordMissingComplexityRule_ShouldThrowDomainException" />
    </UnitTest>
    <UnitTest name="Identity.Tests.Domain.ValueObjects.EmailTests.Equals_TwoEmailsWithSameAddress_ShouldBeEqual" storage="/home/pombo/dev/c#/cloudmart-ecommerce/src/identity.tests/bin/debug/net9.0/identity.tests.dll" id="0c1433f8-fd1c-8bb9-fac3-3b20f2f55f33">
      <Execution id="2f000d0b-d81d-4136-aba6-97969e0488ab" />
      <TestMethod codeBase="/home/pombo/Dev/C#/cloudmart-ecommerce/src/Identity.Tests/bin/Debug/net9.0/Identity.Tests.dll" adapterTypeName="executor://xunit/VsTestRunner2/netcoreapp" className="Identity.Tests.Domain.ValueObjects.EmailTests" name="Equals_TwoEmailsWithSameAddress_ShouldBeEqual" />
    </UnitTest>
    <UnitTest name="Identity.Tests.Application.Users.Register.RegisterUserHandlerTests.Handle_WithAlreadyRegisteredEmail_ShouldReturnConflictError" storage="/home/pombo/dev/c#/cloudmart-ecommerce/src/identity.tests/bin/debug/net9.0/identity.tests.dll" id="9ed9afbb-4c89-095a-21eb-5b30c1a25bd4">
      <Execution id="3b573a27-a593-44a4-83ed-9eb79a5e00a6" />
      <TestMethod codeBase="/home/pombo/Dev/C#/cloudmart-ecommerce/src/Identity.Tests/bin/Debug/net9.0/Identity.Tests.dll" adapterTypeName="executor://xunit/VsTestRunner2/netcoreapp" className="Identity.Tests.Application.Users.Register.RegisterUserHandlerTests" name="Handle_WithAlreadyRegisteredEmail_ShouldReturnConflictError" />
    </UnitTest>
    <UnitTest name="Identity.Tests.Domain.ValueObjects.CompleteNameTests.Create_WithNameStartingWithNumber_ShouldThrowDomainException(firstName: &quot;João&quot;, lastName: &quot;2Silva&quot;)" storage="/home/pombo/dev/c#/cloudmart-ecommerce/src/identity.tests/bin/debug/net9.0/identity.tests.dll" id="d64e1aba-2a3e-533c-842b-6485ad37a88e">
      <Execution id="dd640e36-8bee-47b2-b1ce-4c5184da5b52" />
      <TestMethod codeBase="/home/pombo/Dev/C#/cloudmart-ecommerce/src/Identity.Tests/bin/Debug/net9.0/Identity.Tests.dll" adapterTypeName="executor://xunit/VsTestRunner2/netcoreapp" className="Identity.Tests.Domain.ValueObjects.CompleteNameTests" name="Create_WithNameStartingWithNumber_ShouldThrowDomainException" />
    </UnitTest>
    <UnitTest name="Identity.Tests.Domain.ValueObjects.CompleteNameTests.Create_WithNullOrWhitespaceName_ShouldThrowDomainException(firstName: &quot;João&quot;, lastName: null)" storage="/home/pombo/dev/c#/cloudmart-ecommerce/src/identity.tests/bin/debug/net9.0/identity.tests.dll" id="e1100ebf-73f8-cfb9-be3d-42a3620c21cb">
      <Execution id="8c0d1485-67d1-45be-9b03-ceffa7056972" />
      <TestMethod codeBase="/home/pombo/Dev/C#/cloudmart-ecommerce/src/Identity.Tests/bin/Debug/net9.0/Identity.Tests.dll" adapterTypeName="executor://xunit/VsTestRunner2/netcoreapp" className="Identity.Tests.Domain.ValueObjects.CompleteNameTests" name="Create_WithNullOrWhitespaceName_ShouldThrowDomainException" />
    </UnitTest>
    <UnitTest name="Identity.Tests.Domain.Entities.UserTests.TwoUsersWithDifferentIds_ShouldNotBeConsideredTheSameEntity" storage="/home/pombo/dev/c#/cloudmart-ecommerce/src/identity.tests/bin/debug/net9.0/identity.tests.dll" id="b7669388-0941-66a1-ac72-16401dfbe304">
      <Execution id="5b43089f-7b65-4647-ac3b-66ec4d04a6da" />
      <TestMethod codeBase="/home/pombo/Dev/C#/cloudmart-ecommerce/src/Identity.Tests/bin/Debug/net9.0/Identity.Tests.dll" adapterTypeName="executor://xunit/VsTestRunner2/netcoreapp" className="Identity.Tests.Domain.Entities.UserTests" name="TwoUsersWithDifferentIds_ShouldNotBeConsideredTheSameEntity" />
    </UnitTest>
    <UnitTest name="Identity.Tests.Domain.ValueObjects.CompleteNameTests.Initials_ShouldBeComputedFromFirstAndLastName(firstName: &quot;ana&quot;, lastName: &quot;costa&quot;, expectedInitials: &quot;AC&quot;)" storage="/home/pombo/dev/c#/cloudmart-ecommerce/src/identity.tests/bin/debug/net9.0/identity.tests.dll" id="0e7a71b0-cd53-08a3-465f-202c03241461">
      <Execution id="7048107b-496c-47d8-8c2f-1cb4e04b6dd8" />
      <TestMethod codeBase="/home/pombo/Dev/C#/cloudmart-ecommerce/src/Identity.Tests/bin/Debug/net9.0/Identity.Tests.dll" adapterTypeName="executor://xunit/VsTestRunner2/netcoreapp" className="Identity.Tests.Domain.ValueObjects.CompleteNameTests" name="Initials_ShouldBeComputedFromFirstAndLastName" />
    </UnitTest>
    <UnitTest name="Identity.Tests.Domain.ValueObjects.CompleteNameTests.Equals_DifferentNames_ShouldNotBeEqual" storage="/home/pombo/dev/c#/cloudmart-ecommerce/src/identity.tests/bin/debug/net9.0/identity.tests.dll" id="4848cd30-4b2f-69e9-7c1d-c78c0f47e50a">
      <Execution id="060025ea-b2a1-47ad-b199-8e51b0c0ae4b" />
      <TestMethod codeBase="/home/pombo/Dev/C#/cloudmart-ecommerce/src/Identity.Tests/bin/Debug/net9.0/Identity.Tests.dll" adapterTypeName="executor://xunit/VsTestRunner2/netcoreapp" className="Identity.Tests.Domain.ValueObjects.CompleteNameTests" name="Equals_DifferentNames_ShouldNotBeEqual" />
    </UnitTest>
    <UnitTest name="Identity.Tests.Domain.ValueObjects.CompleteNameTests.Create_WithNameStartingWithNumber_ShouldThrowDomainException(firstName: &quot;99&quot;, lastName: &quot;00&quot;)" storage="/home/pombo/dev/c#/cloudmart-ecommerce/src/identity.tests/bin/debug/net9.0/identity.tests.dll" id="fefe0c39-aff0-ba09-b030-8b24c1e95ae2">
      <Execution id="e0d4d4a7-fb19-4d0b-9923-85d07afc74e5" />
      <TestMethod codeBase="/home/pombo/Dev/C#/cloudmart-ecommerce/src/Identity.Tests/bin/Debug/net9.0/Identity.Tests.dll" adapterTypeName="executor://xunit/VsTestRunner2/netcoreapp" className="Identity.Tests.Domain.ValueObjects.CompleteNameTests" name="Create_WithNameStartingWithNumber_ShouldThrowDomainException" />
    </UnitTest>
    <UnitTest name="Identity.Tests.Domain.ValueObjects.EmailTests.Create_WithInvalidFormat_ShouldThrowDomainException(invalidEmail: &quot;user@.com&quot;)" storage="/home/pombo/dev/c#/cloudmart-ecommerce/src/identity.tests/bin/debug/net9.0/identity.tests.dll" id="2f95a583-5ebf-642b-a683-631f65b6cde3">
      <Execution id="24550325-ac3a-4ecb-a7e5-63e6d08ac8a0" />
      <TestMethod codeBase="/home/pombo/Dev/C#/cloudmart-ecommerce/src/Identity.Tests/bin/Debug/net9.0/Identity.Tests.dll" adapterTypeName="executor://xunit/VsTestRunner2/netcoreapp" className="Identity.Tests.Domain.ValueObjects.EmailTests" name="Create_WithInvalidFormat_ShouldThrowDomainException" />
    </UnitTest>
    <UnitTest name="Identity.Tests.Domain.ValueObjects.PasswordTests.Equals_TwoPasswordWithDifferentSaltButSamePlainText_ShouldNotBeEqual" storage="/home/pombo/dev/c#/cloudmart-ecommerce/src/identity.tests/bin/debug/net9.0/identity.tests.dll" id="0d7258d6-e7eb-7967-7432-f109cf2e3d08">
      <Execution id="1a59ee59-eca9-4391-b48c-9afde18802c3" />
      <TestMethod codeBase="/home/pombo/Dev/C#/cloudmart-ecommerce/src/Identity.Tests/bin/Debug/net9.0/Identity.Tests.dll" adapterTypeName="executor://xunit/VsTestRunner2/netcoreapp" className="Identity.Tests.Domain.ValueObjects.PasswordTests" name="Equals_TwoPasswordWithDifferentSaltButSamePlainText_ShouldNotBeEqual" />
    </UnitTest>
    <UnitTest name="Identity.Tests.Domain.ValueObjects.EmailTests.Create_WithInvalidFormat_ShouldThrowDomainException(invalidEmail: &quot;notaemail&quot;)" storage="/home/pombo/dev/c#/cloudmart-ecommerce/src/identity.tests/bin/debug/net9.0/identity.tests.dll" id="b1bdba67-a360-b397-8547-e1a3a0cd1e03">
      <Execution id="99e5c3fc-eb87-47f3-a652-8791b5a2eecd" />
      <TestMethod codeBase="/home/pombo/Dev/C#/cloudmart-ecommerce/src/Identity.Tests/bin/Debug/net9.0/Identity.Tests.dll" adapterTypeName="executor://xunit/VsTestRunner2/netcoreapp" className="Identity.Tests.Domain.ValueObjects.EmailTests" name="Create_WithInvalidFormat_ShouldThrowDomainException" />
    </UnitTest>
    <UnitTest name="Identity.Tests.Domain.ValueObjects.CompleteNameTests.Create_WithNameStartingWithNumber_ShouldThrowDomainException(firstName: &quot;1 João&quot;, lastName: &quot;Silva&quot;)" storage="/home/pombo/dev/c#/cloudmart-ecommerce/src/identity.tests/bin/debug/net9.0/identity.tests.dll" id="dd17e392-1c69-260e-c307-a78f95357ffa">
      <Execution id="8602d3ce-dada-4bdc-94f9-614463b93431" />
      <TestMethod codeBase="/home/pombo/Dev/C#/cloudmart-ecommerce/src/Identity.Tests/bin/Debug/net9.0/Identity.Tests.dll" adapterTypeName="executor://xunit/VsTestRunner2/netcoreapp" className="Identity.Tests.Domain.ValueObjects.CompleteNameTests" name="Create_WithNameStartingWithNumber_ShouldThrowDomainException" />
    </UnitTest>
    <UnitTest name="Identity.Tests.Domain.ValueObjects.EmailTests.HashSet_WithDuplicateEmails_ShouldDeduplicateBasedOnValue" storage="/home/pombo/dev/c#/cloudmart-ecommerce/src/identity.tests/bin/debug/net9.0/identity.tests.dll" id="2d964ca9-862d-a06e-8cff-f1f3b17942be">
      <Execution id="32d0abd9-0d5e-4c97-99b1-59b761947ba2" />
      <TestMethod codeBase="/home/pombo/Dev/C#/cloudmart-ecommerce/src/Identity.Tests/bin/Debug/net9.0/Identity.Tests.dll" adapterTypeName="executor://xunit/VsTestRunner2/netcoreapp" className="Identity.Tests.Domain.ValueObjects.EmailTests" name="HashSet_WithDuplicateEmails_ShouldDeduplicateBasedOnValue" />
    </UnitTest>
    <UnitTest name="Identity.Tests.Application.Users.Register.RegisterUserHandlerTests.Handle_WithAlreadyRegisteredEmail_ShouldNeverCallAddAsync" storage="/home/pombo/dev/c#/cloudmart-ecommerce/src/identity.tests/bin/debug/net9.0/identity.tests.dll" id="d4b8b358-5de1-1f7c-08c5-627fabb36318">
      <Execution id="ab1e8090-7a00-46ac-82ab-351fb693b20c" />
      <TestMethod codeBase="/home/pombo/Dev/C#/cloudmart-ecommerce/src/Identity.Tests/bin/Debug/net9.0/Identity.Tests.dll" adapterTypeName="executor://xunit/VsTestRunner2/netcoreapp" className="Identity.Tests.Application.Users.Register.RegisterUserHandlerTests" name="Handle_WithAlreadyRegisteredEmail_ShouldNeverCallAddAsync" />
    </UnitTest>
    <UnitTest name="Identity.Tests.Domain.ValueObjects.EmailTests.Create_WithValidEmailFormat_ShouldSucceed(validEmail: &quot;user+tag@example.co.uk&quot;)" storage="/home/pombo/dev/c#/cloudmart-ecommerce/src/identity.tests/bin/debug/net9.0/identity.tests.dll" id="a5d964cc-969f-0e25-85e7-a449b3d69abb">
      <Execution id="b425274b-f202-499a-b0ee-b577ca655189" />
      <TestMethod codeBase="/home/pombo/Dev/C#/cloudmart-ecommerce/src/Identity.Tests/bin/Debug/net9.0/Identity.Tests.dll" adapterTypeName="executor://xunit/VsTestRunner2/netcoreapp" className="Identity.Tests.Domain.ValueObjects.EmailTests" name="Create_WithValidEmailFormat_ShouldSucceed" />
    </UnitTest>
    <UnitTest name="Identity.Tests.Domain.ValueObjects.PasswordTests.Create_WithValidStringPassword_ShouldSucceed" storage="/home/pombo/dev/c#/cloudmart-ecommerce/src/identity.tests/bin/debug/net9.0/identity.tests.dll" id="e31517f0-e582-eb80-bc41-e023ef028ddf">
      <Execution id="7aa115e1-ca9b-4b37-b0bf-62eb5a8605b6" />
      <TestMethod codeBase="/home/pombo/Dev/C#/cloudmart-ecommerce/src/Identity.Tests/bin/Debug/net9.0/Identity.Tests.dll" adapterTypeName="executor://xunit/VsTestRunner2/netcoreapp" className="Identity.Tests.Domain.ValueObjects.PasswordTests" name="Create_WithValidStringPassword_ShouldSucceed" />
    </UnitTest>
    <UnitTest name="Identity.Tests.Domain.ValueObjects.EmailTests.Create_WithNullOrWhitespaces_ShouldThrowDomainException(invalidEmail: &quot;&quot;)" storage="/home/pombo/dev/c#/cloudmart-ecommerce/src/identity.tests/bin/debug/net9.0/identity.tests.dll" id="fbb3b841-6c4c-bfe3-f8aa-bc3daeaac023">
      <Execution id="70b4607f-358b-43cb-ac81-3546fef8817e" />
      <TestMethod codeBase="/home/pombo/Dev/C#/cloudmart-ecommerce/src/Identity.Tests/bin/Debug/net9.0/Identity.Tests.dll" adapterTypeName="executor://xunit/VsTestRunner2/netcoreapp" className="Identity.Tests.Domain.ValueObjects.EmailTests" name="Create_WithNullOrWhitespaces_ShouldThrowDomainException" />
    </UnitTest>
    <UnitTest name="Identity.Tests.Domain.ValueObjects.EmailTests.Create_WithTooShortEmail_ShouldThrowDomainException(shortEmail: &quot;a@b.c&quot;)" storage="/home/pombo/dev/c#/cloudmart-ecommerce/src/identity.tests/bin/debug/net9.0/identity.tests.dll" id="714d7c07-d9ce-474e-3d9b-dea8b13154db">
      <Execution id="0f74e107-6ea1-4d13-a75e-5c2e0f9416d5" />
      <TestMethod codeBase="/home/pombo/Dev/C#/cloudmart-ecommerce/src/Identity.Tests/bin/Debug/net9.0/Identity.Tests.dll" adapterTypeName="executor://xunit/VsTestRunner2/netcoreapp" className="Identity.Tests.Domain.ValueObjects.EmailTests" name="Create_WithTooShortEmail_ShouldThrowDomainException" />
    </UnitTest>
    <UnitTest name="Identity.Tests.Domain.ValueObjects.CompleteNameTests.Create_WithNullOrWhitespaceName_ShouldThrowDomainException(firstName: &quot;&quot;, lastName: &quot;Silva&quot;)" storage="/home/pombo/dev/c#/cloudmart-ecommerce/src/identity.tests/bin/debug/net9.0/identity.tests.dll" id="85c7ee5d-8ac4-04d4-c023-2cc306c21e4d">
      <Execution id="8c81ac15-4c88-4386-b59b-c1abcffab6c9" />
      <TestMethod codeBase="/home/pombo/Dev/C#/cloudmart-ecommerce/src/Identity.Tests/bin/Debug/net9.0/Identity.Tests.dll" adapterTypeName="executor://xunit/VsTestRunner2/netcoreapp" className="Identity.Tests.Domain.ValueObjects.CompleteNameTests" name="Create_WithNullOrWhitespaceName_ShouldThrowDomainException" />
    </UnitTest>
    <UnitTest name="Identity.Tests.Domain.ValueObjects.PasswordTests.Create_WithPasswordMissingComplexityRule_ShouldThrowDomainException(weakPassword: &quot;ALLUPPERCASE1!&quot;)" storage="/home/pombo/dev/c#/cloudmart-ecommerce/src/identity.tests/bin/debug/net9.0/identity.tests.dll" id="991c6d01-af3c-2318-24b2-c23608ab6cda">
      <Execution id="5b6dc00c-a79b-4258-b09c-36f96bc1c86d" />
      <TestMethod codeBase="/home/pombo/Dev/C#/cloudmart-ecommerce/src/Identity.Tests/bin/Debug/net9.0/Identity.Tests.dll" adapterTypeName="executor://xunit/VsTestRunner2/netcoreapp" className="Identity.Tests.Domain.ValueObjects.PasswordTests" name="Create_WithPasswordMissingComplexityRule_ShouldThrowDomainException" />
    </UnitTest>
    <UnitTest name="Identity.Tests.Application.Users.Register.RegisterUserHandlerTests.Handle_ShouldQueryRepositoryUsingExactEmailFromCommand" storage="/home/pombo/dev/c#/cloudmart-ecommerce/src/identity.tests/bin/debug/net9.0/identity.tests.dll" id="6d39e308-758b-cd80-7953-12945bf35eb6">
      <Execution id="7084167e-0d5d-4bb2-b3b8-3c24415c8d2e" />
      <TestMethod codeBase="/home/pombo/Dev/C#/cloudmart-ecommerce/src/Identity.Tests/bin/Debug/net9.0/Identity.Tests.dll" adapterTypeName="executor://xunit/VsTestRunner2/netcoreapp" className="Identity.Tests.Application.Users.Register.RegisterUserHandlerTests" name="Handle_ShouldQueryRepositoryUsingExactEmailFromCommand" />
    </UnitTest>
    <UnitTest name="Identity.Tests.Domain.ValueObjects.PasswordTests.Create_WithPasswordMissingComplexityRule_ShouldThrowDomainException(weakPassword: &quot;NoNumbersHere!&quot;)" storage="/home/pombo/dev/c#/cloudmart-ecommerce/src/identity.tests/bin/debug/net9.0/identity.tests.dll" id="91e8c3f5-2af9-f415-dedc-dc86add040b0">
      <Execution id="38cba165-06dd-4f0d-86fe-fef3bc7ef2c2" />
      <TestMethod codeBase="/home/pombo/Dev/C#/cloudmart-ecommerce/src/Identity.Tests/bin/Debug/net9.0/Identity.Tests.dll" adapterTypeName="executor://xunit/VsTestRunner2/netcoreapp" className="Identity.Tests.Domain.ValueObjects.PasswordTests" name="Create_WithPasswordMissingComplexityRule_ShouldThrowDomainException" />
    </UnitTest>
    <UnitTest name="Identity.Tests.Domain.Entities.UserTests.Revoke_WithMultipleActiveTokens_ShouldRevokeAllOfThem" storage="/home/pombo/dev/c#/cloudmart-ecommerce/src/identity.tests/bin/debug/net9.0/identity.tests.dll" id="82f5ec48-a106-641c-1db7-1ef55dcc29a6">
      <Execution id="b02bbd80-b685-4a8e-9fb2-7068e9c62b16" />
      <TestMethod codeBase="/home/pombo/Dev/C#/cloudmart-ecommerce/src/Identity.Tests/bin/Debug/net9.0/Identity.Tests.dll" adapterTypeName="executor://xunit/VsTestRunner2/netcoreapp" className="Identity.Tests.Domain.Entities.UserTests" name="Revoke_WithMultipleActiveTokens_ShouldRevokeAllOfThem" />
    </UnitTest>
    <UnitTest name="Identity.Tests.Domain.ValueObjects.PasswordTests.Create_ShouldNeverExposePlainPassword" storage="/home/pombo/dev/c#/cloudmart-ecommerce/src/identity.tests/bin/debug/net9.0/identity.tests.dll" id="a4cbc4bc-35b1-1bb4-2e3d-1fb47720a0d0">
      <Execution id="eb38ba74-ec69-4287-90a0-60cb28a58b9f" />
      <TestMethod codeBase="/home/pombo/Dev/C#/cloudmart-ecommerce/src/Identity.Tests/bin/Debug/net9.0/Identity.Tests.dll" adapterTypeName="executor://xunit/VsTestRunner2/netcoreapp" className="Identity.Tests.Domain.ValueObjects.PasswordTests" name="Create_ShouldNeverExposePlainPassword" />
    </UnitTest>
    <UnitTest name="Identity.Tests.Domain.ValueObjects.PasswordTests.Create_WithPasswordMissingComplexityRule_ShouldThrowDomainException(weakPassword: &quot;alllowercase1!&quot;)" storage="/home/pombo/dev/c#/cloudmart-ecommerce/src/identity.tests/bin/debug/net9.0/identity.tests.dll" id="60e2c02f-c021-30ac-0af3-b42677cfe970">
      <Execution id="5e9d2df1-5938-4a0b-82b7-7402b7434535" />
      <TestMethod codeBase="/home/pombo/Dev/C#/cloudmart-ecommerce/src/Identity.Tests/bin/Debug/net9.0/Identity.Tests.dll" adapterTypeName="executor://xunit/VsTestRunner2/netcoreapp" className="Identity.Tests.Domain.ValueObjects.PasswordTests" name="Create_WithPasswordMissingComplexityRule_ShouldThrowDomainException" />
    </UnitTest>
    <UnitTest name="Identity.Tests.Domain.Entities.UserTests.Create_WithValidData_ShouldReturnSuccessResult" storage="/home/pombo/dev/c#/cloudmart-ecommerce/src/identity.tests/bin/debug/net9.0/identity.tests.dll" id="6bdca0a6-ec07-6071-8804-b7b06a4b74f5">
      <Execution id="b267b3e1-2374-4770-9fe8-7cb0b1973797" />
      <TestMethod codeBase="/home/pombo/Dev/C#/cloudmart-ecommerce/src/Identity.Tests/bin/Debug/net9.0/Identity.Tests.dll" adapterTypeName="executor://xunit/VsTestRunner2/netcoreapp" className="Identity.Tests.Domain.Entities.UserTests" name="Create_WithValidData_ShouldReturnSuccessResult" />
    </UnitTest>
    <UnitTest name="Identity.Tests.Domain.ValueObjects.CompleteNameTests.Create_WithNullOrWhitespaceName_ShouldThrowDomainException(firstName: null, lastName: &quot;Silva&quot;)" storage="/home/pombo/dev/c#/cloudmart-ecommerce/src/identity.tests/bin/debug/net9.0/identity.tests.dll" id="92aeb8b3-f052-0bb4-32ac-b0b154a683ff">
      <Execution id="03624548-a27d-4893-9113-21da8e986505" />
      <TestMethod codeBase="/home/pombo/Dev/C#/cloudmart-ecommerce/src/Identity.Tests/bin/Debug/net9.0/Identity.Tests.dll" adapterTypeName="executor://xunit/VsTestRunner2/netcoreapp" className="Identity.Tests.Domain.ValueObjects.CompleteNameTests" name="Create_WithNullOrWhitespaceName_ShouldThrowDomainException" />
    </UnitTest>
    <UnitTest name="Identity.Tests.Domain.ValueObjects.PasswordTests.Create_WithTooShortPassword_ShouldThrowDomainException(shortPassword: &quot;&quot;)" storage="/home/pombo/dev/c#/cloudmart-ecommerce/src/identity.tests/bin/debug/net9.0/identity.tests.dll" id="f2f7a73a-7722-90e6-3cad-f5a0798eab02">
      <Execution id="308c96de-7833-4b64-bbc6-bb647b70a30d" />
      <TestMethod codeBase="/home/pombo/Dev/C#/cloudmart-ecommerce/src/Identity.Tests/bin/Debug/net9.0/Identity.Tests.dll" adapterTypeName="executor://xunit/VsTestRunner2/netcoreapp" className="Identity.Tests.Domain.ValueObjects.PasswordTests" name="Create_WithTooShortPassword_ShouldThrowDomainException" />
    </UnitTest>
    <UnitTest name="Identity.Tests.Domain.Entities.UserTests.Revoke_WithNoTokens_ShouldNotThrow" storage="/home/pombo/dev/c#/cloudmart-ecommerce/src/identity.tests/bin/debug/net9.0/identity.tests.dll" id="84a2c1b5-163f-d755-d246-6da7cbb30999">
      <Execution id="98e12e1f-ea57-4f9b-bc69-566676f9d74f" />
      <TestMethod codeBase="/home/pombo/Dev/C#/cloudmart-ecommerce/src/Identity.Tests/bin/Debug/net9.0/Identity.Tests.dll" adapterTypeName="executor://xunit/VsTestRunner2/netcoreapp" className="Identity.Tests.Domain.Entities.UserTests" name="Revoke_WithNoTokens_ShouldNotThrow" />
    </UnitTest>
    <UnitTest name="Identity.Tests.Domain.ValueObjects.EmailTests.Create_WithInvalidFormat_ShouldThrowDomainException(invalidEmail: &quot;@example.com&quot;)" storage="/home/pombo/dev/c#/cloudmart-ecommerce/src/identity.tests/bin/debug/net9.0/identity.tests.dll" id="65bac05f-f892-4816-ed98-12727d80f7b9">
      <Execution id="00533e0f-3b39-4569-947f-57322077def9" />
      <TestMethod codeBase="/home/pombo/Dev/C#/cloudmart-ecommerce/src/Identity.Tests/bin/Debug/net9.0/Identity.Tests.dll" adapterTypeName="executor://xunit/VsTestRunner2/netcoreapp" className="Identity.Tests.Domain.ValueObjects.EmailTests" name="Create_WithInvalidFormat_ShouldThrowDomainException" />
    </UnitTest>
    <UnitTest name="Identity.Tests.Domain.Entities.UserTests.Create_NewUser_ShouldBeActiveByDefault" storage="/home/pombo/dev/c#/cloudmart-ecommerce/src/identity.tests/bin/debug/net9.0/identity.tests.dll" id="3ed4350a-a705-bfe8-fc1e-5ef93dba5d7c">
      <Execution id="b6deb30d-2bf3-4519-8b92-43b80d8513ce" />
      <TestMethod codeBase="/home/pombo/Dev/C#/cloudmart-ecommerce/src/Identity.Tests/bin/Debug/net9.0/Identity.Tests.dll" adapterTypeName="executor://xunit/VsTestRunner2/netcoreapp" className="Identity.Tests.Domain.Entities.UserTests" name="Create_NewUser_ShouldBeActiveByDefault" />
    </UnitTest>
    <UnitTest name="Identity.Tests.Domain.ValueObjects.CompleteNameTests.Initials_ShouldBeComputedFromFirstAndLastName(firstName: &quot;João&quot;, lastName: &quot;Silva&quot;, expectedInitials: &quot;JS&quot;)" storage="/home/pombo/dev/c#/cloudmart-ecommerce/src/identity.tests/bin/debug/net9.0/identity.tests.dll" id="0b9cd77a-6120-52aa-82d1-7b1720c966ae">
      <Execution id="9095864a-1325-4bf2-9c0b-1280a5762fb8" />
      <TestMethod codeBase="/home/pombo/Dev/C#/cloudmart-ecommerce/src/Identity.Tests/bin/Debug/net9.0/Identity.Tests.dll" adapterTypeName="executor://xunit/VsTestRunner2/netcoreapp" className="Identity.Tests.Domain.ValueObjects.CompleteNameTests" name="Initials_ShouldBeComputedFromFirstAndLastName" />
    </UnitTest>
    <UnitTest name="Identity.Tests.Domain.ValueObjects.PasswordTests.Verify_WithIncorrectPlainPassword_ShouldReturnFalse" storage="/home/pombo/dev/c#/cloudmart-ecommerce/src/identity.tests/bin/debug/net9.0/identity.tests.dll" id="b60496da-699a-f7e8-b512-4bef35ebb3c6">
      <Execution id="643cadd1-40d8-4deb-9fc5-a4a07dab2d03" />
      <TestMethod codeBase="/home/pombo/Dev/C#/cloudmart-ecommerce/src/Identity.Tests/bin/Debug/net9.0/Identity.Tests.dll" adapterTypeName="executor://xunit/VsTestRunner2/netcoreapp" className="Identity.Tests.Domain.ValueObjects.PasswordTests" name="Verify_WithIncorrectPlainPassword_ShouldReturnFalse" />
    </UnitTest>
    <UnitTest name="Identity.Tests.Domain.ValueObjects.CompleteNameTests.Equals_NamesWithDifferentCasing_ShouldBeEqual" storage="/home/pombo/dev/c#/cloudmart-ecommerce/src/identity.tests/bin/debug/net9.0/identity.tests.dll" id="f0395ec9-08cc-89a2-3ff1-20dbded38c8b">
      <Execution id="22b30498-2689-4123-a850-c0b4f76cc93b" />
      <TestMethod codeBase="/home/pombo/Dev/C#/cloudmart-ecommerce/src/Identity.Tests/bin/Debug/net9.0/Identity.Tests.dll" adapterTypeName="executor://xunit/VsTestRunner2/netcoreapp" className="Identity.Tests.Domain.ValueObjects.CompleteNameTests" name="Equals_NamesWithDifferentCasing_ShouldBeEqual" />
    </UnitTest>
    <UnitTest name="Identity.Tests.Domain.ValueObjects.CompleteNameTests.Create_WithNullOrWhitespaceName_ShouldThrowDomainException(firstName: &quot;João&quot;, lastName: &quot;&quot;)" storage="/home/pombo/dev/c#/cloudmart-ecommerce/src/identity.tests/bin/debug/net9.0/identity.tests.dll" id="235c8d3f-1f26-0a26-5d8a-27566755590f">
      <Execution id="b27af0c5-5a23-4859-a25f-50f879b80ff4" />
      <TestMethod codeBase="/home/pombo/Dev/C#/cloudmart-ecommerce/src/Identity.Tests/bin/Debug/net9.0/Identity.Tests.dll" adapterTypeName="executor://xunit/VsTestRunner2/netcoreapp" className="Identity.Tests.Domain.ValueObjects.CompleteNameTests" name="Create_WithNullOrWhitespaceName_ShouldThrowDomainException" />
    </UnitTest>
    <UnitTest name="Identity.Tests.Domain.ValueObjects.EmailTests.Create_WithTooShortEmail_ShouldThrowDomainException(shortEmail: &quot;a@bc&quot;)" storage="/home/pombo/dev/c#/cloudmart-ecommerce/src/identity.tests/bin/debug/net9.0/identity.tests.dll" id="1a6e4076-106d-e57a-320b-bc99399e9d83">
      <Execution id="f4902581-0a0b-4fc1-80f8-ab6944769ca7" />
      <TestMethod codeBase="/home/pombo/Dev/C#/cloudmart-ecommerce/src/Identity.Tests/bin/Debug/net9.0/Identity.Tests.dll" adapterTypeName="executor://xunit/VsTestRunner2/netcoreapp" className="Identity.Tests.Domain.ValueObjects.EmailTests" name="Create_WithTooShortEmail_ShouldThrowDomainException" />
    </UnitTest>
    <UnitTest name="Identity.Tests.Domain.ValueObjects.EmailTests.Create_WithNullOrWhitespaces_ShouldThrowDomainException(invalidEmail: null)" storage="/home/pombo/dev/c#/cloudmart-ecommerce/src/identity.tests/bin/debug/net9.0/identity.tests.dll" id="7d6627a0-9217-b6cc-641c-3183aba1a66f">
      <Execution id="9b8d25a4-70e2-4f59-a60b-2951a769de69" />
      <TestMethod codeBase="/home/pombo/Dev/C#/cloudmart-ecommerce/src/Identity.Tests/bin/Debug/net9.0/Identity.Tests.dll" adapterTypeName="executor://xunit/VsTestRunner2/netcoreapp" className="Identity.Tests.Domain.ValueObjects.EmailTests" name="Create_WithNullOrWhitespaces_ShouldThrowDomainException" />
    </UnitTest>
    <UnitTest name="Identity.Tests.Infrastructure.Persistence.UserRepositoryTests.FindByEmail_WhenUserDoesNotExist_ShouldReturnNull" storage="/home/pombo/dev/c#/cloudmart-ecommerce/src/identity.tests/bin/debug/net9.0/identity.tests.dll" id="26565884-b110-28f7-a778-3df48fd51de6">
      <Execution id="b7b667b6-8798-4ca7-9fee-5ba4082685f0" />
      <TestMethod codeBase="/home/pombo/Dev/C#/cloudmart-ecommerce/src/Identity.Tests/bin/Debug/net9.0/Identity.Tests.dll" adapterTypeName="executor://xunit/VsTestRunner2/netcoreapp" className="Identity.Tests.Infrastructure.Persistence.UserRepositoryTests" name="FindByEmail_WhenUserDoesNotExist_ShouldReturnNull" />
    </UnitTest>
    <UnitTest name="Identity.Tests.Domain.ValueObjects.PasswordTests.Create_WithTooShortPassword_ShouldThrowDomainException(shortPassword: &quot;   &quot;)" storage="/home/pombo/dev/c#/cloudmart-ecommerce/src/identity.tests/bin/debug/net9.0/identity.tests.dll" id="5de5ee0f-ab48-9ac7-21c5-564c41b0b9f9">
      <Execution id="6b1b84cb-8a43-4f78-9c79-c05d1106bbbc" />
      <TestMethod codeBase="/home/pombo/Dev/C#/cloudmart-ecommerce/src/Identity.Tests/bin/Debug/net9.0/Identity.Tests.dll" adapterTypeName="executor://xunit/VsTestRunner2/netcoreapp" className="Identity.Tests.Domain.ValueObjects.PasswordTests" name="Create_WithTooShortPassword_ShouldThrowDomainException" />
    </UnitTest>
    <UnitTest name="Identity.Tests.Domain.ValueObjects.EmailTests.Create_WithUppercaseEmail_ShouldNormalizeToLowercase" storage="/home/pombo/dev/c#/cloudmart-ecommerce/src/identity.tests/bin/debug/net9.0/identity.tests.dll" id="be3a5de2-5236-f46c-efe4-1a3d315a6fad">
      <Execution id="cad9c4dc-04f6-4f7d-8c4f-246a5bee5ef4" />
      <TestMethod codeBase="/home/pombo/Dev/C#/cloudmart-ecommerce/src/Identity.Tests/bin/Debug/net9.0/Identity.Tests.dll" adapterTypeName="executor://xunit/VsTestRunner2/netcoreapp" className="Identity.Tests.Domain.ValueObjects.EmailTests" name="Create_WithUppercaseEmail_ShouldNormalizeToLowercase" />
    </UnitTest>
    <UnitTest name="Identity.Tests.Domain.Entities.UserTests.Revoke_ShouldNotAffectAlreadyRevokedTokens" storage="/home/pombo/dev/c#/cloudmart-ecommerce/src/identity.tests/bin/debug/net9.0/identity.tests.dll" id="1210bb37-5deb-7efb-f8b4-6264635c5c42">
      <Execution id="615a57ad-70b6-4bc4-a1f2-f0547d6099b8" />
      <TestMethod codeBase="/home/pombo/Dev/C#/cloudmart-ecommerce/src/Identity.Tests/bin/Debug/net9.0/Identity.Tests.dll" adapterTypeName="executor://xunit/VsTestRunner2/netcoreapp" className="Identity.Tests.Domain.Entities.UserTests" name="Revoke_ShouldNotAffectAlreadyRevokedTokens" />
    </UnitTest>
    <UnitTest name="Identity.Tests.Application.Users.Register.RegisterUserHandlerTests.Handle_WithNewEmail_ShouldCommitUnitOfWork" storage="/home/pombo/dev/c#/cloudmart-ecommerce/src/identity.tests/bin/debug/net9.0/identity.tests.dll" id="a6f2e7a3-3a3f-c86a-3288-683ee8bb8cf7">
      <Execution id="0930b250-093a-47c0-a868-f806f41891c2" />
      <TestMethod codeBase="/home/pombo/Dev/C#/cloudmart-ecommerce/src/Identity.Tests/bin/Debug/net9.0/Identity.Tests.dll" adapterTypeName="executor://xunit/VsTestRunner2/netcoreapp" className="Identity.Tests.Application.Users.Register.RegisterUserHandlerTests" name="Handle_WithNewEmail_ShouldCommitUnitOfWork" />
    </UnitTest>
    <UnitTest name="Identity.Tests.Domain.ValueObjects.CompleteNameTests.Create_WithNullOrWhitespaceName_ShouldThrowDomainException(firstName: &quot;  &quot;, lastName: &quot;Silva&quot;)" storage="/home/pombo/dev/c#/cloudmart-ecommerce/src/identity.tests/bin/debug/net9.0/identity.tests.dll" id="2cff496a-448a-1223-8261-d693ec74a58c">
      <Execution id="fdcf8465-7b26-4463-b087-3f71af314ba1" />
      <TestMethod codeBase="/home/pombo/Dev/C#/cloudmart-ecommerce/src/Identity.Tests/bin/Debug/net9.0/Identity.Tests.dll" adapterTypeName="executor://xunit/VsTestRunner2/netcoreapp" className="Identity.Tests.Domain.ValueObjects.CompleteNameTests" name="Create_WithNullOrWhitespaceName_ShouldThrowDomainException" />
    </UnitTest>
    <UnitTest name="Identity.Tests.Domain.ValueObjects.PasswordTests.Create_SamePlainPasswordTwice_ShouldProduceDifferentHashes" storage="/home/pombo/dev/c#/cloudmart-ecommerce/src/identity.tests/bin/debug/net9.0/identity.tests.dll" id="198bac5d-865e-e10c-6e00-0285a13e4943">
      <Execution id="73436a2e-88a0-4a0a-bfba-8a4416efb784" />
      <TestMethod codeBase="/home/pombo/Dev/C#/cloudmart-ecommerce/src/Identity.Tests/bin/Debug/net9.0/Identity.Tests.dll" adapterTypeName="executor://xunit/VsTestRunner2/netcoreapp" className="Identity.Tests.Domain.ValueObjects.PasswordTests" name="Create_SamePlainPasswordTwice_ShouldProduceDifferentHashes" />
    </UnitTest>
    <UnitTest name="Identity.Tests.Domain.ValueObjects.PasswordTests.Verify_WithCorrectPlainPassword_ShouldReturnTrue" storage="/home/pombo/dev/c#/cloudmart-ecommerce/src/identity.tests/bin/debug/net9.0/identity.tests.dll" id="8bb77a73-db27-4411-01d5-7fb73e9855e8">
      <Execution id="1afcf9d3-ee22-4656-afae-ad32f1349702" />
      <TestMethod codeBase="/home/pombo/Dev/C#/cloudmart-ecommerce/src/Identity.Tests/bin/Debug/net9.0/Identity.Tests.dll" adapterTypeName="executor://xunit/VsTestRunner2/netcoreapp" className="Identity.Tests.Domain.ValueObjects.PasswordTests" name="Verify_WithCorrectPlainPassword_ShouldReturnTrue" />
    </UnitTest>
    <UnitTest name="Identity.Tests.Domain.ValueObjects.EmailTests.Create_WithValidEmailFormat_ShouldSucceed(validEmail: &quot;user_name@example-domain.com&quot;)" storage="/home/pombo/dev/c#/cloudmart-ecommerce/src/identity.tests/bin/debug/net9.0/identity.tests.dll" id="0539f599-0b90-5522-ccca-15316ad408bc">
      <Execution id="79394272-1e7d-4cd0-9f9e-ca4bb77f095c" />
      <TestMethod codeBase="/home/pombo/Dev/C#/cloudmart-ecommerce/src/Identity.Tests/bin/Debug/net9.0/Identity.Tests.dll" adapterTypeName="executor://xunit/VsTestRunner2/netcoreapp" className="Identity.Tests.Domain.ValueObjects.EmailTests" name="Create_WithValidEmailFormat_ShouldSucceed" />
    </UnitTest>
    <UnitTest name="Identity.Tests.Domain.ValueObjects.EmailTests.Create_WithInvalidFormat_ShouldThrowDomainException(invalidEmail: &quot;user@@example.com&quot;)" storage="/home/pombo/dev/c#/cloudmart-ecommerce/src/identity.tests/bin/debug/net9.0/identity.tests.dll" id="6c8bd53b-0aea-4e85-e875-5fc8f3e2d675">
      <Execution id="ad674046-7571-4a93-bfd3-6ef370119abb" />
      <TestMethod codeBase="/home/pombo/Dev/C#/cloudmart-ecommerce/src/Identity.Tests/bin/Debug/net9.0/Identity.Tests.dll" adapterTypeName="executor://xunit/VsTestRunner2/netcoreapp" className="Identity.Tests.Domain.ValueObjects.EmailTests" name="Create_WithInvalidFormat_ShouldThrowDomainException" />
    </UnitTest>
    <UnitTest name="Identity.Tests.Domain.ValueObjects.EmailTests.Create_WithNullOrWhitespaces_ShouldThrowDomainException(invalidEmail: &quot;   &quot;)" storage="/home/pombo/dev/c#/cloudmart-ecommerce/src/identity.tests/bin/debug/net9.0/identity.tests.dll" id="6923638a-9f33-823d-7f15-b2ec1041f814">
      <Execution id="4ad86157-0a9a-465c-a430-151b83bf579e" />
      <TestMethod codeBase="/home/pombo/Dev/C#/cloudmart-ecommerce/src/Identity.Tests/bin/Debug/net9.0/Identity.Tests.dll" adapterTypeName="executor://xunit/VsTestRunner2/netcoreapp" className="Identity.Tests.Domain.ValueObjects.EmailTests" name="Create_WithNullOrWhitespaces_ShouldThrowDomainException" />
    </UnitTest>
    <UnitTest name="Identity.Tests.Domain.Entities.UserTests.Create_ShouldGenerateWithNonEmptyId" storage="/home/pombo/dev/c#/cloudmart-ecommerce/src/identity.tests/bin/debug/net9.0/identity.tests.dll" id="6e714ac3-93e8-c761-7c58-48aba9d8da56">
      <Execution id="cfb8762e-f4a5-45f5-b06c-79a936e57d0d" />
      <TestMethod codeBase="/home/pombo/Dev/C#/cloudmart-ecommerce/src/Identity.Tests/bin/Debug/net9.0/Identity.Tests.dll" adapterTypeName="executor://xunit/VsTestRunner2/netcoreapp" className="Identity.Tests.Domain.Entities.UserTests" name="Create_ShouldGenerateWithNonEmptyId" />
    </UnitTest>
    <UnitTest name="Identity.Tests.Domain.ValueObjects.PasswordTests.Create_WithTooShortPassword_ShouldThrowDomainException(shortPassword: &quot;short1!&quot;)" storage="/home/pombo/dev/c#/cloudmart-ecommerce/src/identity.tests/bin/debug/net9.0/identity.tests.dll" id="2164ee36-77b0-8b41-fe5e-ae18efb04a19">
      <Execution id="6e48d535-b326-4aa8-a7d6-df6a8b967dc8" />
      <TestMethod codeBase="/home/pombo/Dev/C#/cloudmart-ecommerce/src/Identity.Tests/bin/Debug/net9.0/Identity.Tests.dll" adapterTypeName="executor://xunit/VsTestRunner2/netcoreapp" className="Identity.Tests.Domain.ValueObjects.PasswordTests" name="Create_WithTooShortPassword_ShouldThrowDomainException" />
    </UnitTest>
    <UnitTest name="Identity.Tests.Domain.ValueObjects.CompleteNameTests.Initials_ShouldBeComputedFromFirstAndLastName(firstName: &quot;Maria&quot;, lastName: &quot;DOS SANTOS&quot;, expectedInitials: &quot;MD&quot;)" storage="/home/pombo/dev/c#/cloudmart-ecommerce/src/identity.tests/bin/debug/net9.0/identity.tests.dll" id="4877c871-4aaa-e5c5-652e-d70b2caf6aa0">
      <Execution id="b63b345e-335c-4d0e-8df3-9aa4123261bb" />
      <TestMethod codeBase="/home/pombo/Dev/C#/cloudmart-ecommerce/src/Identity.Tests/bin/Debug/net9.0/Identity.Tests.dll" adapterTypeName="executor://xunit/VsTestRunner2/netcoreapp" className="Identity.Tests.Domain.ValueObjects.CompleteNameTests" name="Initials_ShouldBeComputedFromFirstAndLastName" />
    </UnitTest>
    <UnitTest name="Identity.Tests.Domain.Entities.UserTests.AddRefreshToken_ShouldAddTokenCollection" storage="/home/pombo/dev/c#/cloudmart-ecommerce/src/identity.tests/bin/debug/net9.0/identity.tests.dll" id="444ccee1-0e5e-3086-c9b1-d7e1da2eafd3">
      <Execution id="4f7e310d-0878-4928-9ed6-7e7388cab315" />
      <TestMethod codeBase="/home/pombo/Dev/C#/cloudmart-ecommerce/src/Identity.Tests/bin/Debug/net9.0/Identity.Tests.dll" adapterTypeName="executor://xunit/VsTestRunner2/netcoreapp" className="Identity.Tests.Domain.Entities.UserTests" name="AddRefreshToken_ShouldAddTokenCollection" />
    </UnitTest>
    <UnitTest name="Identity.Tests.Domain.ValueObjects.EmailTests.Equals_TwoEmailWithDifferentAddress_ShouldNotBeEqual" storage="/home/pombo/dev/c#/cloudmart-ecommerce/src/identity.tests/bin/debug/net9.0/identity.tests.dll" id="61767d10-258f-1ce8-f1f4-99c4b07d6c31">
      <Execution id="27a38fba-81d3-4d71-81c3-db282a23f8b1" />
      <TestMethod codeBase="/home/pombo/Dev/C#/cloudmart-ecommerce/src/Identity.Tests/bin/Debug/net9.0/Identity.Tests.dll" adapterTypeName="executor://xunit/VsTestRunner2/netcoreapp" className="Identity.Tests.Domain.ValueObjects.EmailTests" name="Equals_TwoEmailWithDifferentAddress_ShouldNotBeEqual" />
    </UnitTest>
    <UnitTest name="Identity.Tests.Domain.ValueObjects.CompleteNameTests.Create_WithValidNames_ShouldSucceed" storage="/home/pombo/dev/c#/cloudmart-ecommerce/src/identity.tests/bin/debug/net9.0/identity.tests.dll" id="a81738ef-902d-b18c-fd12-9a94f8a56fb7">
      <Execution id="1e042dac-ad42-4008-846f-1be1b3493c90" />
      <TestMethod codeBase="/home/pombo/Dev/C#/cloudmart-ecommerce/src/Identity.Tests/bin/Debug/net9.0/Identity.Tests.dll" adapterTypeName="executor://xunit/VsTestRunner2/netcoreapp" className="Identity.Tests.Domain.ValueObjects.CompleteNameTests" name="Create_WithValidNames_ShouldSucceed" />
    </UnitTest>
    <UnitTest name="Identity.Tests.Domain.ValueObjects.EmailTests.Create_WithLeadingOrTrailingWhitespace_ShouldTrim" storage="/home/pombo/dev/c#/cloudmart-ecommerce/src/identity.tests/bin/debug/net9.0/identity.tests.dll" id="27a0856f-fff4-f01c-8b04-2c13e5db5631">
      <Execution id="abf3ce3a-ac93-4408-aedf-7e2da7bc010d" />
      <TestMethod codeBase="/home/pombo/Dev/C#/cloudmart-ecommerce/src/Identity.Tests/bin/Debug/net9.0/Identity.Tests.dll" adapterTypeName="executor://xunit/VsTestRunner2/netcoreapp" className="Identity.Tests.Domain.ValueObjects.EmailTests" name="Create_WithLeadingOrTrailingWhitespace_ShouldTrim" />
    </UnitTest>
    <UnitTest name="Identity.Tests.Domain.Entities.UserTests.Create_NewUser_ShouldSetCreateAtToUtcNow" storage="/home/pombo/dev/c#/cloudmart-ecommerce/src/identity.tests/bin/debug/net9.0/identity.tests.dll" id="f6cacf49-f35e-29c0-103a-914cd0fe24dd">
      <Execution id="12c55d3e-691f-4543-a428-e495d312bd2b" />
      <TestMethod codeBase="/home/pombo/Dev/C#/cloudmart-ecommerce/src/Identity.Tests/bin/Debug/net9.0/Identity.Tests.dll" adapterTypeName="executor://xunit/VsTestRunner2/netcoreapp" className="Identity.Tests.Domain.Entities.UserTests" name="Create_NewUser_ShouldSetCreateAtToUtcNow" />
    </UnitTest>
    <UnitTest name="Identity.Tests.Domain.ValueObjects.EmailTests.Create_WithInvalidFormat_ShouldThrowDomainException(invalidEmail: &quot;missing@domain&quot;)" storage="/home/pombo/dev/c#/cloudmart-ecommerce/src/identity.tests/bin/debug/net9.0/identity.tests.dll" id="4b2297b1-9929-8fac-ef0a-7734b772a666">
      <Execution id="10d19c50-8ae2-4445-90d0-ff9d2f936505" />
      <TestMethod codeBase="/home/pombo/Dev/C#/cloudmart-ecommerce/src/Identity.Tests/bin/Debug/net9.0/Identity.Tests.dll" adapterTypeName="executor://xunit/VsTestRunner2/netcoreapp" className="Identity.Tests.Domain.ValueObjects.EmailTests" name="Create_WithInvalidFormat_ShouldThrowDomainException" />
    </UnitTest>
    <UnitTest name="Identity.Tests.Domain.ValueObjects.EmailTests.GetHashCode_TwoEqualEmail_ShouldHaveSameHashCode" storage="/home/pombo/dev/c#/cloudmart-ecommerce/src/identity.tests/bin/debug/net9.0/identity.tests.dll" id="9e456675-b6ec-849a-fb23-381f118a9dea">
      <Execution id="4be2edac-1e2b-47df-b748-73912d6d2499" />
      <TestMethod codeBase="/home/pombo/Dev/C#/cloudmart-ecommerce/src/Identity.Tests/bin/Debug/net9.0/Identity.Tests.dll" adapterTypeName="executor://xunit/VsTestRunner2/netcoreapp" className="Identity.Tests.Domain.ValueObjects.EmailTests" name="GetHashCode_TwoEqualEmail_ShouldHaveSameHashCode" />
    </UnitTest>
    <UnitTest name="Identity.Tests.Domain.ValueObjects.EmailTests.Create_WithValidEmailFormat_ShouldSucceed(validEmail: &quot;first.last@example.com&quot;)" storage="/home/pombo/dev/c#/cloudmart-ecommerce/src/identity.tests/bin/debug/net9.0/identity.tests.dll" id="33fa476f-fadd-c179-0065-f10fe6d99ada">
      <Execution id="67845c1a-b1e9-46f9-baef-deb960ed545e" />
      <TestMethod codeBase="/home/pombo/Dev/C#/cloudmart-ecommerce/src/Identity.Tests/bin/Debug/net9.0/Identity.Tests.dll" adapterTypeName="executor://xunit/VsTestRunner2/netcoreapp" className="Identity.Tests.Domain.ValueObjects.EmailTests" name="Create_WithValidEmailFormat_ShouldSucceed" />
    </UnitTest>
    <UnitTest name="Identity.Tests.Domain.ValueObjects.PasswordTests.Create_WithPasswordMissingComplexityRule_ShouldThrowDomainException(weakPassword: &quot;NoSpecialChar123&quot;)" storage="/home/pombo/dev/c#/cloudmart-ecommerce/src/identity.tests/bin/debug/net9.0/identity.tests.dll" id="f57cab95-7ee6-1d93-a53f-fea4c9ce6f84">
      <Execution id="4aafe32d-6bd9-4dcf-9b22-a96227530727" />
      <TestMethod codeBase="/home/pombo/Dev/C#/cloudmart-ecommerce/src/Identity.Tests/bin/Debug/net9.0/Identity.Tests.dll" adapterTypeName="executor://xunit/VsTestRunner2/netcoreapp" className="Identity.Tests.Domain.ValueObjects.PasswordTests" name="Create_WithPasswordMissingComplexityRule_ShouldThrowDomainException" />
    </UnitTest>
    <UnitTest name="Identity.Tests.Application.Users.Register.RegisterUserHandlerTests.Handle_WithNewEmail_ShouldCallAddAsyncOnRepository" storage="/home/pombo/dev/c#/cloudmart-ecommerce/src/identity.tests/bin/debug/net9.0/identity.tests.dll" id="fa6e52f6-5c29-5e71-f3c2-ec9c7333a711">
      <Execution id="5f69fa60-455d-4186-bc30-9739ea948c14" />
      <TestMethod codeBase="/home/pombo/Dev/C#/cloudmart-ecommerce/src/Identity.Tests/bin/Debug/net9.0/Identity.Tests.dll" adapterTypeName="executor://xunit/VsTestRunner2/netcoreapp" className="Identity.Tests.Application.Users.Register.RegisterUserHandlerTests" name="Handle_WithNewEmail_ShouldCallAddAsyncOnRepository" />
    </UnitTest>
  </TestDefinitions>
  <TestEntries>
    <TestEntry testId="91e8c3f5-2af9-f415-dedc-dc86add040b0" executionId="38cba165-06dd-4f0d-86fe-fef3bc7ef2c2" testListId="8c84fa94-04c1-424b-9868-57a2d4851a1d" />
    <TestEntry testId="6d39e308-758b-cd80-7953-12945bf35eb6" executionId="7084167e-0d5d-4bb2-b3b8-3c24415c8d2e" testListId="8c84fa94-04c1-424b-9868-57a2d4851a1d" />
    <TestEntry testId="2cff496a-448a-1223-8261-d693ec74a58c" executionId="fdcf8465-7b26-4463-b087-3f71af314ba1" testListId="8c84fa94-04c1-424b-9868-57a2d4851a1d" />
    <TestEntry testId="4c675138-8d08-8ee4-299d-e45bd16bf3ac" executionId="d13abf3d-0d00-4d61-bd32-2a5f74340fde" testListId="8c84fa94-04c1-424b-9868-57a2d4851a1d" />
    <TestEntry testId="4848cd30-4b2f-69e9-7c1d-c78c0f47e50a" executionId="060025ea-b2a1-47ad-b199-8e51b0c0ae4b" testListId="8c84fa94-04c1-424b-9868-57a2d4851a1d" />
    <TestEntry testId="85c7ee5d-8ac4-04d4-c023-2cc306c21e4d" executionId="8c81ac15-4c88-4386-b59b-c1abcffab6c9" testListId="8c84fa94-04c1-424b-9868-57a2d4851a1d" />
    <TestEntry testId="0539f599-0b90-5522-ccca-15316ad408bc" executionId="79394272-1e7d-4cd0-9f9e-ca4bb77f095c" testListId="8c84fa94-04c1-424b-9868-57a2d4851a1d" />
    <TestEntry testId="7d6627a0-9217-b6cc-641c-3183aba1a66f" executionId="9b8d25a4-70e2-4f59-a60b-2951a769de69" testListId="8c84fa94-04c1-424b-9868-57a2d4851a1d" />
    <TestEntry testId="6bdca0a6-ec07-6071-8804-b7b06a4b74f5" executionId="b267b3e1-2374-4770-9fe8-7cb0b1973797" testListId="8c84fa94-04c1-424b-9868-57a2d4851a1d" />
    <TestEntry testId="0d7258d6-e7eb-7967-7432-f109cf2e3d08" executionId="1a59ee59-eca9-4391-b48c-9afde18802c3" testListId="8c84fa94-04c1-424b-9868-57a2d4851a1d" />
    <TestEntry testId="a6f2e7a3-3a3f-c86a-3288-683ee8bb8cf7" executionId="0930b250-093a-47c0-a868-f806f41891c2" testListId="8c84fa94-04c1-424b-9868-57a2d4851a1d" />
    <TestEntry testId="b7669388-0941-66a1-ac72-16401dfbe304" executionId="5b43089f-7b65-4647-ac3b-66ec4d04a6da" testListId="8c84fa94-04c1-424b-9868-57a2d4851a1d" />
    <TestEntry testId="f57cab95-7ee6-1d93-a53f-fea4c9ce6f84" executionId="4aafe32d-6bd9-4dcf-9b22-a96227530727" testListId="8c84fa94-04c1-424b-9868-57a2d4851a1d" />
    <TestEntry testId="0e7a71b0-cd53-08a3-465f-202c03241461" executionId="7048107b-496c-47d8-8c2f-1cb4e04b6dd8" testListId="8c84fa94-04c1-424b-9868-57a2d4851a1d" />
    <TestEntry testId="6923638a-9f33-823d-7f15-b2ec1041f814" executionId="4ad86157-0a9a-465c-a430-151b83bf579e" testListId="8c84fa94-04c1-424b-9868-57a2d4851a1d" />
    <TestEntry testId="82f5ec48-a106-641c-1db7-1ef55dcc29a6" executionId="b02bbd80-b685-4a8e-9fb2-7068e9c62b16" testListId="8c84fa94-04c1-424b-9868-57a2d4851a1d" />
    <TestEntry testId="8bb77a73-db27-4411-01d5-7fb73e9855e8" executionId="1afcf9d3-ee22-4656-afae-ad32f1349702" testListId="8c84fa94-04c1-424b-9868-57a2d4851a1d" />
    <TestEntry testId="60e2c02f-c021-30ac-0af3-b42677cfe970" executionId="5e9d2df1-5938-4a0b-82b7-7402b7434535" testListId="8c84fa94-04c1-424b-9868-57a2d4851a1d" />
    <TestEntry testId="65bac05f-f892-4816-ed98-12727d80f7b9" executionId="00533e0f-3b39-4569-947f-57322077def9" testListId="8c84fa94-04c1-424b-9868-57a2d4851a1d" />
    <TestEntry testId="fefe0c39-aff0-ba09-b030-8b24c1e95ae2" executionId="e0d4d4a7-fb19-4d0b-9923-85d07afc74e5" testListId="8c84fa94-04c1-424b-9868-57a2d4851a1d" />
    <TestEntry testId="e1100ebf-73f8-cfb9-be3d-42a3620c21cb" executionId="8c0d1485-67d1-45be-9b03-ceffa7056972" testListId="8c84fa94-04c1-424b-9868-57a2d4851a1d" />
    <TestEntry testId="0b9cd77a-6120-52aa-82d1-7b1720c966ae" executionId="9095864a-1325-4bf2-9c0b-1280a5762fb8" testListId="8c84fa94-04c1-424b-9868-57a2d4851a1d" />
    <TestEntry testId="dd17e392-1c69-260e-c307-a78f95357ffa" executionId="8602d3ce-dada-4bdc-94f9-614463b93431" testListId="8c84fa94-04c1-424b-9868-57a2d4851a1d" />
    <TestEntry testId="f6cacf49-f35e-29c0-103a-914cd0fe24dd" executionId="12c55d3e-691f-4543-a428-e495d312bd2b" testListId="8c84fa94-04c1-424b-9868-57a2d4851a1d" />
    <TestEntry testId="1210bb37-5deb-7efb-f8b4-6264635c5c42" executionId="615a57ad-70b6-4bc4-a1f2-f0547d6099b8" testListId="8c84fa94-04c1-424b-9868-57a2d4851a1d" />
    <TestEntry testId="61767d10-258f-1ce8-f1f4-99c4b07d6c31" executionId="27a38fba-81d3-4d71-81c3-db282a23f8b1" testListId="8c84fa94-04c1-424b-9868-57a2d4851a1d" />
    <TestEntry testId="fa6e52f6-5c29-5e71-f3c2-ec9c7333a711" executionId="5f69fa60-455d-4186-bc30-9739ea948c14" testListId="8c84fa94-04c1-424b-9868-57a2d4851a1d" />
    <TestEntry testId="1a6e4076-106d-e57a-320b-bc99399e9d83" executionId="f4902581-0a0b-4fc1-80f8-ab6944769ca7" testListId="8c84fa94-04c1-424b-9868-57a2d4851a1d" />
    <TestEntry testId="2164ee36-77b0-8b41-fe5e-ae18efb04a19" executionId="6e48d535-b326-4aa8-a7d6-df6a8b967dc8" testListId="8c84fa94-04c1-424b-9868-57a2d4851a1d" />
    <TestEntry testId="84a2c1b5-163f-d755-d246-6da7cbb30999" executionId="98e12e1f-ea57-4f9b-bc69-566676f9d74f" testListId="8c84fa94-04c1-424b-9868-57a2d4851a1d" />
    <TestEntry testId="9e456675-b6ec-849a-fb23-381f118a9dea" executionId="4be2edac-1e2b-47df-b748-73912d6d2499" testListId="8c84fa94-04c1-424b-9868-57a2d4851a1d" />
    <TestEntry testId="198bac5d-865e-e10c-6e00-0285a13e4943" executionId="73436a2e-88a0-4a0a-bfba-8a4416efb784" testListId="8c84fa94-04c1-424b-9868-57a2d4851a1d" />
    <TestEntry testId="be3a5de2-5236-f46c-efe4-1a3d315a6fad" executionId="cad9c4dc-04f6-4f7d-8c4f-246a5bee5ef4" testListId="8c84fa94-04c1-424b-9868-57a2d4851a1d" />
    <TestEntry testId="714d7c07-d9ce-474e-3d9b-dea8b13154db" executionId="0f74e107-6ea1-4d13-a75e-5c2e0f9416d5" testListId="8c84fa94-04c1-424b-9868-57a2d4851a1d" />
    <TestEntry testId="d64e1aba-2a3e-533c-842b-6485ad37a88e" executionId="dd640e36-8bee-47b2-b1ce-4c5184da5b52" testListId="8c84fa94-04c1-424b-9868-57a2d4851a1d" />
    <TestEntry testId="3ed4350a-a705-bfe8-fc1e-5ef93dba5d7c" executionId="b6deb30d-2bf3-4519-8b92-43b80d8513ce" testListId="8c84fa94-04c1-424b-9868-57a2d4851a1d" />
    <TestEntry testId="6c8bd53b-0aea-4e85-e875-5fc8f3e2d675" executionId="ad674046-7571-4a93-bfd3-6ef370119abb" testListId="8c84fa94-04c1-424b-9868-57a2d4851a1d" />
    <TestEntry testId="0c1433f8-fd1c-8bb9-fac3-3b20f2f55f33" executionId="2f000d0b-d81d-4136-aba6-97969e0488ab" testListId="8c84fa94-04c1-424b-9868-57a2d4851a1d" />
    <TestEntry testId="235c8d3f-1f26-0a26-5d8a-27566755590f" executionId="b27af0c5-5a23-4859-a25f-50f879b80ff4" testListId="8c84fa94-04c1-424b-9868-57a2d4851a1d" />
    <TestEntry testId="2d964ca9-862d-a06e-8cff-f1f3b17942be" executionId="32d0abd9-0d5e-4c97-99b1-59b761947ba2" testListId="8c84fa94-04c1-424b-9868-57a2d4851a1d" />
    <TestEntry testId="b1bdba67-a360-b397-8547-e1a3a0cd1e03" executionId="99e5c3fc-eb87-47f3-a652-8791b5a2eecd" testListId="8c84fa94-04c1-424b-9868-57a2d4851a1d" />
    <TestEntry testId="444ccee1-0e5e-3086-c9b1-d7e1da2eafd3" executionId="4f7e310d-0878-4928-9ed6-7e7388cab315" testListId="8c84fa94-04c1-424b-9868-57a2d4851a1d" />
    <TestEntry testId="4b2297b1-9929-8fac-ef0a-7734b772a666" executionId="10d19c50-8ae2-4445-90d0-ff9d2f936505" testListId="8c84fa94-04c1-424b-9868-57a2d4851a1d" />
    <TestEntry testId="4877c871-4aaa-e5c5-652e-d70b2caf6aa0" executionId="b63b345e-335c-4d0e-8df3-9aa4123261bb" testListId="8c84fa94-04c1-424b-9868-57a2d4851a1d" />
    <TestEntry testId="e31517f0-e582-eb80-bc41-e023ef028ddf" executionId="7aa115e1-ca9b-4b37-b0bf-62eb5a8605b6" testListId="8c84fa94-04c1-424b-9868-57a2d4851a1d" />
    <TestEntry testId="a81738ef-902d-b18c-fd12-9a94f8a56fb7" executionId="1e042dac-ad42-4008-846f-1be1b3493c90" testListId="8c84fa94-04c1-424b-9868-57a2d4851a1d" />
    <TestEntry testId="f0395ec9-08cc-89a2-3ff1-20dbded38c8b" executionId="22b30498-2689-4123-a850-c0b4f76cc93b" testListId="8c84fa94-04c1-424b-9868-57a2d4851a1d" />
    <TestEntry testId="9ed9afbb-4c89-095a-21eb-5b30c1a25bd4" executionId="3b573a27-a593-44a4-83ed-9eb79a5e00a6" testListId="8c84fa94-04c1-424b-9868-57a2d4851a1d" />
    <TestEntry testId="92aeb8b3-f052-0bb4-32ac-b0b154a683ff" executionId="03624548-a27d-4893-9113-21da8e986505" testListId="8c84fa94-04c1-424b-9868-57a2d4851a1d" />
    <TestEntry testId="6e714ac3-93e8-c761-7c58-48aba9d8da56" executionId="cfb8762e-f4a5-45f5-b06c-79a936e57d0d" testListId="8c84fa94-04c1-424b-9868-57a2d4851a1d" />
    <TestEntry testId="0f742ff5-10ce-897e-a438-ae10fa51fb0c" executionId="763f4a0e-7791-4f08-b06c-fedd03fa21de" testListId="8c84fa94-04c1-424b-9868-57a2d4851a1d" />
    <TestEntry testId="33fa476f-fadd-c179-0065-f10fe6d99ada" executionId="67845c1a-b1e9-46f9-baef-deb960ed545e" testListId="8c84fa94-04c1-424b-9868-57a2d4851a1d" />
    <TestEntry testId="d4b8b358-5de1-1f7c-08c5-627fabb36318" executionId="ab1e8090-7a00-46ac-82ab-351fb693b20c" testListId="8c84fa94-04c1-424b-9868-57a2d4851a1d" />
    <TestEntry testId="a4cbc4bc-35b1-1bb4-2e3d-1fb47720a0d0" executionId="eb38ba74-ec69-4287-90a0-60cb28a58b9f" testListId="8c84fa94-04c1-424b-9868-57a2d4851a1d" />
    <TestEntry testId="27a0856f-fff4-f01c-8b04-2c13e5db5631" executionId="abf3ce3a-ac93-4408-aedf-7e2da7bc010d" testListId="8c84fa94-04c1-424b-9868-57a2d4851a1d" />
    <TestEntry testId="26565884-b110-28f7-a778-3df48fd51de6" executionId="b7b667b6-8798-4ca7-9fee-5ba4082685f0" testListId="8c84fa94-04c1-424b-9868-57a2d4851a1d" />
    <TestEntry testId="fbb3b841-6c4c-bfe3-f8aa-bc3daeaac023" executionId="70b4607f-358b-43cb-ac81-3546fef8817e" testListId="8c84fa94-04c1-424b-9868-57a2d4851a1d" />
    <TestEntry testId="991c6d01-af3c-2318-24b2-c23608ab6cda" executionId="5b6dc00c-a79b-4258-b09c-36f96bc1c86d" testListId="8c84fa94-04c1-424b-9868-57a2d4851a1d" />
    <TestEntry testId="5de5ee0f-ab48-9ac7-21c5-564c41b0b9f9" executionId="6b1b84cb-8a43-4f78-9c79-c05d1106bbbc" testListId="8c84fa94-04c1-424b-9868-57a2d4851a1d" />
    <TestEntry testId="b60496da-699a-f7e8-b512-4bef35ebb3c6" executionId="643cadd1-40d8-4deb-9fc5-a4a07dab2d03" testListId="8c84fa94-04c1-424b-9868-57a2d4851a1d" />
    <TestEntry testId="a5d964cc-969f-0e25-85e7-a449b3d69abb" executionId="b425274b-f202-499a-b0ee-b577ca655189" testListId="8c84fa94-04c1-424b-9868-57a2d4851a1d" />
    <TestEntry testId="f2f7a73a-7722-90e6-3cad-f5a0798eab02" executionId="308c96de-7833-4b64-bbc6-bb647b70a30d" testListId="8c84fa94-04c1-424b-9868-57a2d4851a1d" />
    <TestEntry testId="2f95a583-5ebf-642b-a683-631f65b6cde3" executionId="24550325-ac3a-4ecb-a7e5-63e6d08ac8a0" testListId="8c84fa94-04c1-424b-9868-57a2d4851a1d" />
  </TestEntries>
  <TestLists>
    <TestList name="Results Not in a List" id="8c84fa94-04c1-424b-9868-57a2d4851a1d" />
    <TestList name="All Loaded Results" id="19431567-8539-422a-85d7-44ee4e166bda" />
  </TestLists>
  <ResultSummary outcome="Completed">
    <Counters total="63" executed="63" passed="63" failed="0" error="0" timeout="0" aborted="0" inconclusive="0" passedButRunAborted="0" notRunnable="0" notExecuted="0" disconnected="0" warning="0" completed="0" inProgress="0" pending="0" />
    <Output>
      <StdOut>[xUnit.net 00:00:00.00] xUnit.net VSTest Adapter v2.8.2+699d445a1a (64-bit .NET 9.0.17)
[xUnit.net 00:00:00.08]   Discovering: Identity.Tests
[xUnit.net 00:00:00.13]   Discovered:  Identity.Tests
[xUnit.net 00:00:00.13]   Starting:    Identity.Tests
[testcontainers.org 00:00:00.22] Connected to Docker:
  Host: unix:///var/run/docker.sock
  Server Version: 29.6.0
  Kernel Version: 6.17.0-35-generic
  API Version: 1.55
  Operating System: Ubuntu 24.04.4 LTS
  Total Memory: 31.27 GB
[testcontainers.org 00:00:00.43] Docker container ef376ddd541d created
[testcontainers.org 00:00:00.50] Start Docker container ef376ddd541d
[testcontainers.org 00:00:00.66] Wait for Docker container ef376ddd541d to complete readiness checks
[testcontainers.org 00:00:01.69] Docker container ef376ddd541d ready
[testcontainers.org 00:00:01.82] Docker container c61921163cd8 created
[testcontainers.org 00:00:01.82] Start Docker container c61921163cd8
[testcontainers.org 00:00:01.95] Wait for Docker container c61921163cd8 to complete readiness checks
[testcontainers.org 00:00:01.96] Execute "pg_isready --host localhost --dbname IdentityDB_Test --username identity_test" at Docker container c61921163cd8
[testcontainers.org 00:00:03.03] Execute "pg_isready --host localhost --dbname IdentityDB_Test --username identity_test" at Docker container c61921163cd8
[testcontainers.org 00:00:04.07] Execute "pg_isready --host localhost --dbname IdentityDB_Test --username identity_test" at Docker container c61921163cd8
[testcontainers.org 00:00:04.13] Docker container c61921163cd8 ready
[testcontainers.org 00:00:05.64] Delete Docker container c61921163cd8
[xUnit.net 00:00:06.14]   Finished:    Identity.Tests
</StdOut>
    </Output>
    <CollectorDataEntries>
      <Collector agentName="pombo" uri="datacollector://microsoft/CoverletCodeCoverage/1.0" collectorDisplayName="XPlat code coverage">
        <UriAttachments>
          <UriAttachment>
            <A href="pombo/coverage.cobertura.xml"></A>
          </UriAttachment>
        </UriAttachments>
      </Collector>
    </CollectorDataEntries>
  </ResultSummary>
</TestRun>