<?xml version="1.0" encoding="utf-8"?>
<TestRun id="e518da6d-1404-4960-8ba0-20a258fb7ee2" name="@pombo 2026-06-28 18:07:51" xmlns="http://microsoft.com/schemas/VisualStudio/TeamTest/2010">
  <Times creation="2026-06-28T18:07:51.7665126+01:00" queuing="2026-06-28T18:07:51.7665126+01:00" start="2026-06-28T18:07:50.2359303+01:00" finish="2026-06-28T18:07:55.1046199+01:00" />
  <TestSettings name="default" id="fc83bbfa-3419-45a9-8576-0c11b8eddce1">
    <Deployment runDeploymentRoot="_pombo_2026-06-28_18_07_51" />
  </TestSettings>
  <Results>
    <UnitTestResult executionId="a0c715af-1071-4444-95ef-12aa10aead41" testId="4877c871-4aaa-e5c5-652e-d70b2caf6aa0" testName="Identity.Tests.Domain.ValueObjects.CompleteNameTests.Initials_ShouldBeComputedFromFirstAndLastName(firstName: &quot;Maria&quot;, lastName: &quot;DOS SANTOS&quot;, expectedInitials: &quot;MD&quot;)" computerName="pombo" duration="00:00:00.0002091" startTime="2026-06-28T18:07:51.7050706+01:00" endTime="2026-06-28T18:07:51.7050707+01:00" testType="13cdc9d9-ddb5-4fa4-a97d-d965ccfc6d4b" outcome="Passed" testListId="8c84fa94-04c1-424b-9868-57a2d4851a1d" relativeResultsDirectory="a0c715af-1071-4444-95ef-12aa10aead41" />
    <UnitTestResult executionId="09e8d162-eca7-4522-8514-47df10e3051a" testId="714d7c07-d9ce-474e-3d9b-dea8b13154db" testName="Identity.Tests.Domain.ValueObjects.EmailTests.Create_WithTooShortEmail_ShouldThrowDomainException(shortEmail: &quot;a@b.c&quot;)" computerName="pombo" duration="00:00:00.0002675" startTime="2026-06-28T18:07:51.7392752+01:00" endTime="2026-06-28T18:07:51.7392753+01:00" testType="13cdc9d9-ddb5-4fa4-a97d-d965ccfc6d4b" outcome="Passed" testListId="8c84fa94-04c1-424b-9868-57a2d4851a1d" relativeResultsDirectory="09e8d162-eca7-4522-8514-47df10e3051a" />
    <UnitTestResult executionId="8a4684af-322d-4c9e-a862-3266d9580e82" testId="61767d10-258f-1ce8-f1f4-99c4b07d6c31" testName="Identity.Tests.Domain.ValueObjects.EmailTests.Equals_TwoEmailWithDifferentAddress_ShouldNotBeEqual" computerName="pombo" duration="00:00:00.0031128" startTime="2026-06-28T18:07:51.7358913+01:00" endTime="2026-06-28T18:07:51.7358914+01:00" testType="13cdc9d9-ddb5-4fa4-a97d-d965ccfc6d4b" outcome="Passed" testListId="8c84fa94-04c1-424b-9868-57a2d4851a1d" relativeResultsDirectory="8a4684af-322d-4c9e-a862-3266d9580e82" />
    <UnitTestResult executionId="7f437df1-440f-454f-951d-0b18c84bf574" testId="2f95a583-5ebf-642b-a683-631f65b6cde3" testName="Identity.Tests.Domain.ValueObjects.EmailTests.Create_WithInvalidFormat_ShouldThrowDomainException(invalidEmail: &quot;user@.com&quot;)" computerName="pombo" duration="00:00:00.0001734" startTime="2026-06-28T18:07:51.7368881+01:00" endTime="2026-06-28T18:07:51.7368881+01:00" testType="13cdc9d9-ddb5-4fa4-a97d-d965ccfc6d4b" outcome="Passed" testListId="8c84fa94-04c1-424b-9868-57a2d4851a1d" relativeResultsDirectory="7f437df1-440f-454f-951d-0b18c84bf574" />
    <UnitTestResult executionId="eecef1fe-05de-498c-8f3c-0d31afd48cfd" testId="92aeb8b3-f052-0bb4-32ac-b0b154a683ff" testName="Identity.Tests.Domain.ValueObjects.CompleteNameTests.Create_WithNullOrWhitespaceName_ShouldThrowDomainException(firstName: null, lastName: &quot;Silva&quot;)" computerName="pombo" duration="00:00:00.0058091" startTime="2026-06-28T18:07:51.7063987+01:00" endTime="2026-06-28T18:07:51.7063988+01:00" testType="13cdc9d9-ddb5-4fa4-a97d-d965ccfc6d4b" outcome="Passed" testListId="8c84fa94-04c1-424b-9868-57a2d4851a1d" relativeResultsDirectory="eecef1fe-05de-498c-8f3c-0d31afd48cfd" />
    <UnitTestResult executionId="11a0b5ca-20a2-4c14-8818-e535b11461f5" testId="2d964ca9-862d-a06e-8cff-f1f3b17942be" testName="Identity.Tests.Domain.ValueObjects.EmailTests.HashSet_WithDuplicateEmails_ShouldDeduplicateBasedOnValue" computerName="pombo" duration="00:00:00.0019993" startTime="2026-06-28T18:07:51.7397378+01:00" endTime="2026-06-28T18:07:51.7397379+01:00" testType="13cdc9d9-ddb5-4fa4-a97d-d965ccfc6d4b" outcome="Passed" testListId="8c84fa94-04c1-424b-9868-57a2d4851a1d" relativeResultsDirectory="11a0b5ca-20a2-4c14-8818-e535b11461f5" />
    <UnitTestResult executionId="6027337c-b902-41cc-b742-f56937b69f37" testId="b60496da-699a-f7e8-b512-4bef35ebb3c6" testName="Identity.Tests.Domain.ValueObjects.PasswordTests.Verify_WithIncorrectPlainPassword_ShouldReturnFalse" computerName="pombo" duration="00:00:00.4944502" startTime="2026-06-28T18:07:54.5798478+01:00" endTime="2026-06-28T18:07:54.5798479+01:00" testType="13cdc9d9-ddb5-4fa4-a97d-d965ccfc6d4b" outcome="Passed" testListId="8c84fa94-04c1-424b-9868-57a2d4851a1d" relativeResultsDirectory="6027337c-b902-41cc-b742-f56937b69f37" />
    <UnitTestResult executionId="675f596b-abb8-409a-b982-42174aa21d3d" testId="4c675138-8d08-8ee4-299d-e45bd16bf3ac" testName="Identity.Tests.Domain.ValueObjects.PasswordTests.Create_WithPasswordMissingComplexityRule_ShouldThrowDomainException(weakPassword: &quot;Has Space123!&quot;)" computerName="pombo" duration="00:00:00.0001945" startTime="2026-06-28T18:07:51.7336088+01:00" endTime="2026-06-28T18:07:51.7336088+01:00" testType="13cdc9d9-ddb5-4fa4-a97d-d965ccfc6d4b" outcome="Passed" testListId="8c84fa94-04c1-424b-9868-57a2d4851a1d" relativeResultsDirectory="675f596b-abb8-409a-b982-42174aa21d3d" />
    <UnitTestResult executionId="a88407cd-ea9b-4a1c-aebd-46609223812a" testId="b1bdba67-a360-b397-8547-e1a3a0cd1e03" testName="Identity.Tests.Domain.ValueObjects.EmailTests.Create_WithInvalidFormat_ShouldThrowDomainException(invalidEmail: &quot;notaemail&quot;)" computerName="pombo" duration="00:00:00.0001629" startTime="2026-06-28T18:07:51.7373660+01:00" endTime="2026-06-28T18:07:51.7373661+01:00" testType="13cdc9d9-ddb5-4fa4-a97d-d965ccfc6d4b" outcome="Passed" testListId="8c84fa94-04c1-424b-9868-57a2d4851a1d" relativeResultsDirectory="a88407cd-ea9b-4a1c-aebd-46609223812a" />
    <UnitTestResult executionId="53585ee8-fac1-4528-a478-3e74e896e083" testId="be3a5de2-5236-f46c-efe4-1a3d315a6fad" testName="Identity.Tests.Domain.ValueObjects.EmailTests.Create_WithUppercaseEmail_ShouldNormalizeToLowercase" computerName="pombo" duration="00:00:00.0001062" startTime="2026-06-28T18:07:51.7376143+01:00" endTime="2026-06-28T18:07:51.7376144+01:00" testType="13cdc9d9-ddb5-4fa4-a97d-d965ccfc6d4b" outcome="Passed" testListId="8c84fa94-04c1-424b-9868-57a2d4851a1d" relativeResultsDirectory="53585ee8-fac1-4528-a478-3e74e896e083" />
    <UnitTestResult executionId="53d0660a-8ab4-4089-8104-6fe2d394a7d4" testId="0e7a71b0-cd53-08a3-465f-202c03241461" testName="Identity.Tests.Domain.ValueObjects.CompleteNameTests.Initials_ShouldBeComputedFromFirstAndLastName(firstName: &quot;ana&quot;, lastName: &quot;costa&quot;, expectedInitials: &quot;AC&quot;)" computerName="pombo" duration="00:00:00.0000068" startTime="2026-06-28T18:07:51.7058376+01:00" endTime="2026-06-28T18:07:51.7058376+01:00" testType="13cdc9d9-ddb5-4fa4-a97d-d965ccfc6d4b" outcome="Passed" testListId="8c84fa94-04c1-424b-9868-57a2d4851a1d" relativeResultsDirectory="53d0660a-8ab4-4089-8104-6fe2d394a7d4" />
    <UnitTestResult executionId="d0fe6694-ba7b-48c6-a9b1-0ef8402dd907" testId="6bdca0a6-ec07-6071-8804-b7b06a4b74f5" testName="Identity.Tests.Domain.Entities.UserTests.Create_WithValidData_ShouldReturnSuccessResult" computerName="pombo" duration="00:00:00.2511222" startTime="2026-06-28T18:07:52.6005267+01:00" endTime="2026-06-28T18:07:52.6005267+01:00" testType="13cdc9d9-ddb5-4fa4-a97d-d965ccfc6d4b" outcome="Passed" testListId="8c84fa94-04c1-424b-9868-57a2d4851a1d" relativeResultsDirectory="d0fe6694-ba7b-48c6-a9b1-0ef8402dd907" />
    <UnitTestResult executionId="6a39fae0-80f6-4a96-8a83-b5f710bdd754" testId="dd17e392-1c69-260e-c307-a78f95357ffa" testName="Identity.Tests.Domain.ValueObjects.CompleteNameTests.Create_WithNameStartingWithNumber_ShouldThrowDomainException(firstName: &quot;1 João&quot;, lastName: &quot;Silva&quot;)" computerName="pombo" duration="00:00:00.0001644" startTime="2026-06-28T18:07:51.7350288+01:00" endTime="2026-06-28T18:07:51.7350289+01:00" testType="13cdc9d9-ddb5-4fa4-a97d-d965ccfc6d4b" outcome="Passed" testListId="8c84fa94-04c1-424b-9868-57a2d4851a1d" relativeResultsDirectory="6a39fae0-80f6-4a96-8a83-b5f710bdd754" />
    <UnitTestResult executionId="c21ec32d-4535-43b1-be51-16f6e1274d76" testId="7d6627a0-9217-b6cc-641c-3183aba1a66f" testName="Identity.Tests.Domain.ValueObjects.EmailTests.Create_WithNullOrWhitespaces_ShouldThrowDomainException(invalidEmail: null)" computerName="pombo" duration="00:00:00.0052775" startTime="2026-06-28T18:07:51.7308132+01:00" endTime="2026-06-28T18:07:51.7308132+01:00" testType="13cdc9d9-ddb5-4fa4-a97d-d965ccfc6d4b" outcome="Passed" testListId="8c84fa94-04c1-424b-9868-57a2d4851a1d" relativeResultsDirectory="c21ec32d-4535-43b1-be51-16f6e1274d76" />
    <UnitTestResult executionId="5d898369-0ba2-4acd-ab98-cc32e27eabbb" testId="3ed4350a-a705-bfe8-fc1e-5ef93dba5d7c" testName="Identity.Tests.Domain.Entities.UserTests.Create_NewUser_ShouldBeActiveByDefault" computerName="pombo" duration="00:00:00.2477343" startTime="2026-06-28T18:07:53.8495358+01:00" endTime="2026-06-28T18:07:53.8495359+01:00" testType="13cdc9d9-ddb5-4fa4-a97d-d965ccfc6d4b" outcome="Passed" testListId="8c84fa94-04c1-424b-9868-57a2d4851a1d" relativeResultsDirectory="5d898369-0ba2-4acd-ab98-cc32e27eabbb" />
    <UnitTestResult executionId="671a5100-eef5-4aac-a8ee-6ba719c4dcd5" testId="0c1433f8-fd1c-8bb9-fac3-3b20f2f55f33" testName="Identity.Tests.Domain.ValueObjects.EmailTests.Equals_TwoEmailsWithSameAddress_ShouldBeEqual" computerName="pombo" duration="00:00:00.0000998" startTime="2026-06-28T18:07:51.7402257+01:00" endTime="2026-06-28T18:07:51.7402257+01:00" testType="13cdc9d9-ddb5-4fa4-a97d-d965ccfc6d4b" outcome="Passed" testListId="8c84fa94-04c1-424b-9868-57a2d4851a1d" relativeResultsDirectory="671a5100-eef5-4aac-a8ee-6ba719c4dcd5" />
    <UnitTestResult executionId="b53a9465-a3a7-4d9d-9886-a9c1d77ff752" testId="f2f7a73a-7722-90e6-3cad-f5a0798eab02" testName="Identity.Tests.Domain.ValueObjects.PasswordTests.Create_WithTooShortPassword_ShouldThrowDomainException(shortPassword: &quot;&quot;)" computerName="pombo" duration="00:00:00.0007341" startTime="2026-06-28T18:07:51.7297401+01:00" endTime="2026-06-28T18:07:51.7297401+01:00" testType="13cdc9d9-ddb5-4fa4-a97d-d965ccfc6d4b" outcome="Passed" testListId="8c84fa94-04c1-424b-9868-57a2d4851a1d" relativeResultsDirectory="b53a9465-a3a7-4d9d-9886-a9c1d77ff752" />
    <UnitTestResult executionId="53ec6010-54c9-46ec-ab45-7d07c44747cc" testId="4848cd30-4b2f-69e9-7c1d-c78c0f47e50a" testName="Identity.Tests.Domain.ValueObjects.CompleteNameTests.Equals_DifferentNames_ShouldNotBeEqual" computerName="pombo" duration="00:00:00.0001083" startTime="2026-06-28T18:07:51.7357721+01:00" endTime="2026-06-28T18:07:51.7357721+01:00" testType="13cdc9d9-ddb5-4fa4-a97d-d965ccfc6d4b" outcome="Passed" testListId="8c84fa94-04c1-424b-9868-57a2d4851a1d" relativeResultsDirectory="53ec6010-54c9-46ec-ab45-7d07c44747cc" />
    <UnitTestResult executionId="7e7eb5c9-2d40-439f-9994-c2dd00f1071c" testId="0f742ff5-10ce-897e-a438-ae10fa51fb0c" testName="Identity.Tests.Domain.ValueObjects.EmailTests.Create_WithValidEmailFormat_ShouldSucceed(validEmail: &quot;user@example.com&quot;)" computerName="pombo" duration="00:00:00.0002264" startTime="2026-06-28T18:07:51.7381184+01:00" endTime="2026-06-28T18:07:51.7381184+01:00" testType="13cdc9d9-ddb5-4fa4-a97d-d965ccfc6d4b" outcome="Passed" testListId="8c84fa94-04c1-424b-9868-57a2d4851a1d" relativeResultsDirectory="7e7eb5c9-2d40-439f-9994-c2dd00f1071c" />
    <UnitTestResult executionId="2aecfd72-4fa2-44fc-8907-d7244a5a8d16" testId="f0395ec9-08cc-89a2-3ff1-20dbded38c8b" testName="Identity.Tests.Domain.ValueObjects.CompleteNameTests.Equals_NamesWithDifferentCasing_ShouldBeEqual" computerName="pombo" duration="00:00:00.0009996" startTime="2026-06-28T18:07:51.7352950+01:00" endTime="2026-06-28T18:07:51.7352951+01:00" testType="13cdc9d9-ddb5-4fa4-a97d-d965ccfc6d4b" outcome="Passed" testListId="8c84fa94-04c1-424b-9868-57a2d4851a1d" relativeResultsDirectory="2aecfd72-4fa2-44fc-8907-d7244a5a8d16" />
    <UnitTestResult executionId="c2534a8a-9b37-4b0e-ab3d-7ca0e34e2281" testId="991c6d01-af3c-2318-24b2-c23608ab6cda" testName="Identity.Tests.Domain.ValueObjects.PasswordTests.Create_WithPasswordMissingComplexityRule_ShouldThrowDomainException(weakPassword: &quot;ALLUPPERCASE1!&quot;)" computerName="pombo" duration="00:00:00.0052846" startTime="2026-06-28T18:07:51.7328924+01:00" endTime="2026-06-28T18:07:51.7328925+01:00" testType="13cdc9d9-ddb5-4fa4-a97d-d965ccfc6d4b" outcome="Passed" testListId="8c84fa94-04c1-424b-9868-57a2d4851a1d" relativeResultsDirectory="c2534a8a-9b37-4b0e-ab3d-7ca0e34e2281" />
    <UnitTestResult executionId="e30e2c18-6fc0-43be-b5e3-8f79c8b6dd1d" testId="8bb77a73-db27-4411-01d5-7fb73e9855e8" testName="Identity.Tests.Domain.ValueObjects.PasswordTests.Verify_WithCorrectPlainPassword_ShouldReturnTrue" computerName="pombo" duration="00:00:00.6414166" startTime="2026-06-28T18:07:52.3460276+01:00" endTime="2026-06-28T18:07:52.3460277+01:00" testType="13cdc9d9-ddb5-4fa4-a97d-d965ccfc6d4b" outcome="Passed" testListId="8c84fa94-04c1-424b-9868-57a2d4851a1d" relativeResultsDirectory="e30e2c18-6fc0-43be-b5e3-8f79c8b6dd1d" />
    <UnitTestResult executionId="99871f38-e824-4059-9ddc-fa542dc7e0a1" testId="84a2c1b5-163f-d755-d246-6da7cbb30999" testName="Identity.Tests.Domain.Entities.UserTests.Revoke_WithNoTokens_ShouldNotThrow" computerName="pombo" duration="00:00:00.2490068" startTime="2026-06-28T18:07:54.3461140+01:00" endTime="2026-06-28T18:07:54.3461141+01:00" testType="13cdc9d9-ddb5-4fa4-a97d-d965ccfc6d4b" outcome="Passed" testListId="8c84fa94-04c1-424b-9868-57a2d4851a1d" relativeResultsDirectory="99871f38-e824-4059-9ddc-fa542dc7e0a1" />
    <UnitTestResult executionId="031030dc-69ab-43d1-82b4-7e173438cdaf" testId="4b2297b1-9929-8fac-ef0a-7734b772a666" testName="Identity.Tests.Domain.ValueObjects.EmailTests.Create_WithInvalidFormat_ShouldThrowDomainException(invalidEmail: &quot;missing@domain&quot;)" computerName="pombo" duration="00:00:00.0001655" startTime="2026-06-28T18:07:51.7366086+01:00" endTime="2026-06-28T18:07:51.7366086+01:00" testType="13cdc9d9-ddb5-4fa4-a97d-d965ccfc6d4b" outcome="Passed" testListId="8c84fa94-04c1-424b-9868-57a2d4851a1d" relativeResultsDirectory="031030dc-69ab-43d1-82b4-7e173438cdaf" />
    <UnitTestResult executionId="ae9378a5-9da2-4ac5-b3e2-f6b570738c55" testId="e31517f0-e582-eb80-bc41-e023ef028ddf" testName="Identity.Tests.Domain.ValueObjects.PasswordTests.Create_WithValidStringPassword_ShouldSucceed" computerName="pombo" duration="00:00:00.2454138" startTime="2026-06-28T18:07:54.8253778+01:00" endTime="2026-06-28T18:07:54.8253778+01:00" testType="13cdc9d9-ddb5-4fa4-a97d-d965ccfc6d4b" outcome="Passed" testListId="8c84fa94-04c1-424b-9868-57a2d4851a1d" relativeResultsDirectory="ae9378a5-9da2-4ac5-b3e2-f6b570738c55" />
    <UnitTestResult executionId="70a7485f-6ea2-4247-aa3e-7dd7173dbfb4" testId="1210bb37-5deb-7efb-f8b4-6264635c5c42" testName="Identity.Tests.Domain.Entities.UserTests.Revoke_ShouldNotAffectAlreadyRevokedTokens" computerName="pombo" duration="00:00:00.4246250" startTime="2026-06-28T18:07:52.0986697+01:00" endTime="2026-06-28T18:07:52.0986699+01:00" testType="13cdc9d9-ddb5-4fa4-a97d-d965ccfc6d4b" outcome="Passed" testListId="8c84fa94-04c1-424b-9868-57a2d4851a1d" relativeResultsDirectory="70a7485f-6ea2-4247-aa3e-7dd7173dbfb4" />
    <UnitTestResult executionId="2981d7f0-879c-4c5b-a5c0-758c1085340e" testId="a4cbc4bc-35b1-1bb4-2e3d-1fb47720a0d0" testName="Identity.Tests.Domain.ValueObjects.PasswordTests.Create_ShouldNeverExposePlainPassword" computerName="pombo" duration="00:00:00.2501135" startTime="2026-06-28T18:07:52.5962003+01:00" endTime="2026-06-28T18:07:52.5962004+01:00" testType="13cdc9d9-ddb5-4fa4-a97d-d965ccfc6d4b" outcome="Passed" testListId="8c84fa94-04c1-424b-9868-57a2d4851a1d" relativeResultsDirectory="2981d7f0-879c-4c5b-a5c0-758c1085340e" />
    <UnitTestResult executionId="feb6125a-aea2-4e20-828f-a653f1ace7ce" testId="0539f599-0b90-5522-ccca-15316ad408bc" testName="Identity.Tests.Domain.ValueObjects.EmailTests.Create_WithValidEmailFormat_ShouldSucceed(validEmail: &quot;user_name@example-domain.com&quot;)" computerName="pombo" duration="00:00:00.0000080" startTime="2026-06-28T18:07:51.7385772+01:00" endTime="2026-06-28T18:07:51.7385772+01:00" testType="13cdc9d9-ddb5-4fa4-a97d-d965ccfc6d4b" outcome="Passed" testListId="8c84fa94-04c1-424b-9868-57a2d4851a1d" relativeResultsDirectory="feb6125a-aea2-4e20-828f-a653f1ace7ce" />
    <UnitTestResult executionId="7c238965-dc65-48bc-8681-f60acdec3f87" testId="0b9cd77a-6120-52aa-82d1-7b1720c966ae" testName="Identity.Tests.Domain.ValueObjects.CompleteNameTests.Initials_ShouldBeComputedFromFirstAndLastName(firstName: &quot;João&quot;, lastName: &quot;Silva&quot;, expectedInitials: &quot;JS&quot;)" computerName="pombo" duration="00:00:00.0140382" startTime="2026-06-28T18:07:51.6912767+01:00" endTime="2026-06-28T18:07:51.6913079+01:00" testType="13cdc9d9-ddb5-4fa4-a97d-d965ccfc6d4b" outcome="Passed" testListId="8c84fa94-04c1-424b-9868-57a2d4851a1d" relativeResultsDirectory="7c238965-dc65-48bc-8681-f60acdec3f87" />
    <UnitTestResult executionId="f7a22571-55ad-47ca-b10b-951c007051f9" testId="2cff496a-448a-1223-8261-d693ec74a58c" testName="Identity.Tests.Domain.ValueObjects.CompleteNameTests.Create_WithNullOrWhitespaceName_ShouldThrowDomainException(firstName: &quot;  &quot;, lastName: &quot;Silva&quot;)" computerName="pombo" duration="00:00:00.0050299" startTime="2026-06-28T18:07:51.7305867+01:00" endTime="2026-06-28T18:07:51.7305868+01:00" testType="13cdc9d9-ddb5-4fa4-a97d-d965ccfc6d4b" outcome="Passed" testListId="8c84fa94-04c1-424b-9868-57a2d4851a1d" relativeResultsDirectory="f7a22571-55ad-47ca-b10b-951c007051f9" />
    <UnitTestResult executionId="3ea6a637-a86a-4b3d-a08f-f9b66e1ed45f" testId="fefe0c39-aff0-ba09-b030-8b24c1e95ae2" testName="Identity.Tests.Domain.ValueObjects.CompleteNameTests.Create_WithNameStartingWithNumber_ShouldThrowDomainException(firstName: &quot;99&quot;, lastName: &quot;00&quot;)" computerName="pombo" duration="00:00:00.0005112" startTime="2026-06-28T18:07:51.7338518+01:00" endTime="2026-06-28T18:07:51.7338518+01:00" testType="13cdc9d9-ddb5-4fa4-a97d-d965ccfc6d4b" outcome="Passed" testListId="8c84fa94-04c1-424b-9868-57a2d4851a1d" relativeResultsDirectory="3ea6a637-a86a-4b3d-a08f-f9b66e1ed45f" />
    <UnitTestResult executionId="d29808f3-b87d-4149-91ec-5ed66fad5ee9" testId="e1100ebf-73f8-cfb9-be3d-42a3620c21cb" testName="Identity.Tests.Domain.ValueObjects.CompleteNameTests.Create_WithNullOrWhitespaceName_ShouldThrowDomainException(firstName: &quot;João&quot;, lastName: null)" computerName="pombo" duration="00:00:00.0003472" startTime="2026-06-28T18:07:51.7311080+01:00" endTime="2026-06-28T18:07:51.7311081+01:00" testType="13cdc9d9-ddb5-4fa4-a97d-d965ccfc6d4b" outcome="Passed" testListId="8c84fa94-04c1-424b-9868-57a2d4851a1d" relativeResultsDirectory="d29808f3-b87d-4149-91ec-5ed66fad5ee9" />
    <UnitTestResult executionId="94d9cac2-44be-42fa-aa0b-6ed908e6a43f" testId="85c7ee5d-8ac4-04d4-c023-2cc306c21e4d" testName="Identity.Tests.Domain.ValueObjects.CompleteNameTests.Create_WithNullOrWhitespaceName_ShouldThrowDomainException(firstName: &quot;&quot;, lastName: &quot;Silva&quot;)" computerName="pombo" duration="00:00:00.0002633" startTime="2026-06-28T18:07:51.7331419+01:00" endTime="2026-06-28T18:07:51.7331419+01:00" testType="13cdc9d9-ddb5-4fa4-a97d-d965ccfc6d4b" outcome="Passed" testListId="8c84fa94-04c1-424b-9868-57a2d4851a1d" relativeResultsDirectory="94d9cac2-44be-42fa-aa0b-6ed908e6a43f" />
    <UnitTestResult executionId="091e1d29-c611-4d0f-b8f2-ac2e9ae5c483" testId="6e714ac3-93e8-c761-7c58-48aba9d8da56" testName="Identity.Tests.Domain.Entities.UserTests.Create_ShouldGenerateWithNonEmptyId" computerName="pombo" duration="00:00:00.2473579" startTime="2026-06-28T18:07:54.0970075+01:00" endTime="2026-06-28T18:07:54.0970076+01:00" testType="13cdc9d9-ddb5-4fa4-a97d-d965ccfc6d4b" outcome="Passed" testListId="8c84fa94-04c1-424b-9868-57a2d4851a1d" relativeResultsDirectory="091e1d29-c611-4d0f-b8f2-ac2e9ae5c483" />
    <UnitTestResult executionId="8eb67625-8bf7-441f-ba13-2e07dafed866" testId="0d7258d6-e7eb-7967-7432-f109cf2e3d08" testName="Identity.Tests.Domain.ValueObjects.PasswordTests.Equals_TwoPasswordWithDifferentSaltButSamePlainText_ShouldNotBeEqual" computerName="pombo" duration="00:00:00.4960333" startTime="2026-06-28T18:07:54.0852603+01:00" endTime="2026-06-28T18:07:54.0852603+01:00" testType="13cdc9d9-ddb5-4fa4-a97d-d965ccfc6d4b" outcome="Passed" testListId="8c84fa94-04c1-424b-9868-57a2d4851a1d" relativeResultsDirectory="8eb67625-8bf7-441f-ba13-2e07dafed866" />
    <UnitTestResult executionId="016ca75d-819c-4b58-b820-d9eac5539fb6" testId="1a6e4076-106d-e57a-320b-bc99399e9d83" testName="Identity.Tests.Domain.ValueObjects.EmailTests.Create_WithTooShortEmail_ShouldThrowDomainException(shortEmail: &quot;a@bc&quot;)" computerName="pombo" duration="00:00:00.0004567" startTime="2026-06-28T18:07:51.7390426+01:00" endTime="2026-06-28T18:07:51.7390427+01:00" testType="13cdc9d9-ddb5-4fa4-a97d-d965ccfc6d4b" outcome="Passed" testListId="8c84fa94-04c1-424b-9868-57a2d4851a1d" relativeResultsDirectory="016ca75d-819c-4b58-b820-d9eac5539fb6" />
    <UnitTestResult executionId="14214ff1-663a-4c10-ada8-0eb2495b98aa" testId="198bac5d-865e-e10c-6e00-0285a13e4943" testName="Identity.Tests.Domain.ValueObjects.PasswordTests.Create_SamePlainPasswordTwice_ShouldProduceDifferentHashes" computerName="pombo" duration="00:00:00.9927816" startTime="2026-06-28T18:07:53.5891228+01:00" endTime="2026-06-28T18:07:53.5891229+01:00" testType="13cdc9d9-ddb5-4fa4-a97d-d965ccfc6d4b" outcome="Passed" testListId="8c84fa94-04c1-424b-9868-57a2d4851a1d" relativeResultsDirectory="14214ff1-663a-4c10-ada8-0eb2495b98aa" />
    <UnitTestResult executionId="d666a188-38ce-4d8e-b5eb-46c870629422" testId="235c8d3f-1f26-0a26-5d8a-27566755590f" testName="Identity.Tests.Domain.ValueObjects.CompleteNameTests.Create_WithNullOrWhitespaceName_ShouldThrowDomainException(firstName: &quot;João&quot;, lastName: &quot;&quot;)" computerName="pombo" duration="00:00:00.0007187" startTime="2026-06-28T18:07:51.7295058+01:00" endTime="2026-06-28T18:07:51.7295058+01:00" testType="13cdc9d9-ddb5-4fa4-a97d-d965ccfc6d4b" outcome="Passed" testListId="8c84fa94-04c1-424b-9868-57a2d4851a1d" relativeResultsDirectory="d666a188-38ce-4d8e-b5eb-46c870629422" />
    <UnitTestResult executionId="f5d774d1-6342-4acc-9381-d5897a3c6773" testId="27a0856f-fff4-f01c-8b04-2c13e5db5631" testName="Identity.Tests.Domain.ValueObjects.EmailTests.Create_WithLeadingOrTrailingWhitespace_ShouldTrim" computerName="pombo" duration="00:00:00.0000802" startTime="2026-06-28T18:07:51.7378754+01:00" endTime="2026-06-28T18:07:51.7378755+01:00" testType="13cdc9d9-ddb5-4fa4-a97d-d965ccfc6d4b" outcome="Passed" testListId="8c84fa94-04c1-424b-9868-57a2d4851a1d" relativeResultsDirectory="f5d774d1-6342-4acc-9381-d5897a3c6773" />
    <UnitTestResult executionId="4fb1e997-dac2-49cf-a681-a2167c8defde" testId="82f5ec48-a106-641c-1db7-1ef55dcc29a6" testName="Identity.Tests.Domain.Entities.UserTests.Revoke_WithMultipleActiveTokens_ShouldRevokeAllOfThem" computerName="pombo" duration="00:00:00.2545719" startTime="2026-06-28T18:07:53.3523629+01:00" endTime="2026-06-28T18:07:53.3523630+01:00" testType="13cdc9d9-ddb5-4fa4-a97d-d965ccfc6d4b" outcome="Passed" testListId="8c84fa94-04c1-424b-9868-57a2d4851a1d" relativeResultsDirectory="4fb1e997-dac2-49cf-a681-a2167c8defde" />
    <UnitTestResult executionId="b81accdf-52bb-4cfd-8e91-7a589305d2f0" testId="6c8bd53b-0aea-4e85-e875-5fc8f3e2d675" testName="Identity.Tests.Domain.ValueObjects.EmailTests.Create_WithInvalidFormat_ShouldThrowDomainException(invalidEmail: &quot;user@@example.com&quot;)" computerName="pombo" duration="00:00:00.0003659" startTime="2026-06-28T18:07:51.7363864+01:00" endTime="2026-06-28T18:07:51.7363865+01:00" testType="13cdc9d9-ddb5-4fa4-a97d-d965ccfc6d4b" outcome="Passed" testListId="8c84fa94-04c1-424b-9868-57a2d4851a1d" relativeResultsDirectory="b81accdf-52bb-4cfd-8e91-7a589305d2f0" />
    <UnitTestResult executionId="b6103b33-a478-4a8a-ad34-05cda900a40a" testId="60e2c02f-c021-30ac-0af3-b42677cfe970" testName="Identity.Tests.Domain.ValueObjects.PasswordTests.Create_WithPasswordMissingComplexityRule_ShouldThrowDomainException(weakPassword: &quot;alllowercase1!&quot;)" computerName="pombo" duration="00:00:00.0001817" startTime="2026-06-28T18:07:51.7343183+01:00" endTime="2026-06-28T18:07:51.7343184+01:00" testType="13cdc9d9-ddb5-4fa4-a97d-d965ccfc6d4b" outcome="Passed" testListId="8c84fa94-04c1-424b-9868-57a2d4851a1d" relativeResultsDirectory="b6103b33-a478-4a8a-ad34-05cda900a40a" />
    <UnitTestResult executionId="cf2480a7-a3dd-4075-bcce-50f79ca40de9" testId="f6cacf49-f35e-29c0-103a-914cd0fe24dd" testName="Identity.Tests.Domain.Entities.UserTests.Create_NewUser_ShouldSetCreateAtToUtcNow" computerName="pombo" duration="00:00:00.2492674" startTime="2026-06-28T18:07:53.6016864+01:00" endTime="2026-06-28T18:07:53.6016871+01:00" testType="13cdc9d9-ddb5-4fa4-a97d-d965ccfc6d4b" outcome="Passed" testListId="8c84fa94-04c1-424b-9868-57a2d4851a1d" relativeResultsDirectory="cf2480a7-a3dd-4075-bcce-50f79ca40de9" />
    <UnitTestResult executionId="3076bde4-e2aa-419f-9a83-ace2e8a94c2d" testId="9e456675-b6ec-849a-fb23-381f118a9dea" testName="Identity.Tests.Domain.ValueObjects.EmailTests.GetHashCode_TwoEqualEmail_ShouldHaveSameHashCode" computerName="pombo" duration="00:00:00.0008317" startTime="2026-06-28T18:07:51.7399777+01:00" endTime="2026-06-28T18:07:51.7399777+01:00" testType="13cdc9d9-ddb5-4fa4-a97d-d965ccfc6d4b" outcome="Passed" testListId="8c84fa94-04c1-424b-9868-57a2d4851a1d" relativeResultsDirectory="3076bde4-e2aa-419f-9a83-ace2e8a94c2d" />
    <UnitTestResult executionId="ff21b767-dee5-449a-88d8-0c2adcc130a1" testId="2164ee36-77b0-8b41-fe5e-ae18efb04a19" testName="Identity.Tests.Domain.ValueObjects.PasswordTests.Create_WithTooShortPassword_ShouldThrowDomainException(shortPassword: &quot;short1!&quot;)" computerName="pombo" duration="00:00:00.0229824" startTime="2026-06-28T18:07:51.7061574+01:00" endTime="2026-06-28T18:07:51.7061574+01:00" testType="13cdc9d9-ddb5-4fa4-a97d-d965ccfc6d4b" outcome="Passed" testListId="8c84fa94-04c1-424b-9868-57a2d4851a1d" relativeResultsDirectory="ff21b767-dee5-449a-88d8-0c2adcc130a1" />
    <UnitTestResult executionId="6558e442-079c-468a-9229-bf51b9f69d66" testId="5de5ee0f-ab48-9ac7-21c5-564c41b0b9f9" testName="Identity.Tests.Domain.ValueObjects.PasswordTests.Create_WithTooShortPassword_ShouldThrowDomainException(shortPassword: &quot;   &quot;)" computerName="pombo" duration="00:00:00.0002392" startTime="2026-06-28T18:07:51.7303489+01:00" endTime="2026-06-28T18:07:51.7303490+01:00" testType="13cdc9d9-ddb5-4fa4-a97d-d965ccfc6d4b" outcome="Passed" testListId="8c84fa94-04c1-424b-9868-57a2d4851a1d" relativeResultsDirectory="6558e442-079c-468a-9229-bf51b9f69d66" />
    <UnitTestResult executionId="56766213-31bb-4a54-9363-869ee61a770e" testId="b7669388-0941-66a1-ac72-16401dfbe304" testName="Identity.Tests.Domain.Entities.UserTests.TwoUsersWithDifferentIds_ShouldNotBeConsideredTheSameEntity" computerName="pombo" duration="00:00:00.4970171" startTime="2026-06-28T18:07:53.0976836+01:00" endTime="2026-06-28T18:07:53.0976837+01:00" testType="13cdc9d9-ddb5-4fa4-a97d-d965ccfc6d4b" outcome="Passed" testListId="8c84fa94-04c1-424b-9868-57a2d4851a1d" relativeResultsDirectory="56766213-31bb-4a54-9363-869ee61a770e" />
    <UnitTestResult executionId="3af015de-d1b0-4561-aaa4-c65862e9caed" testId="fbb3b841-6c4c-bfe3-f8aa-bc3daeaac023" testName="Identity.Tests.Domain.ValueObjects.EmailTests.Create_WithNullOrWhitespaces_ShouldThrowDomainException(invalidEmail: &quot;&quot;)" computerName="pombo" duration="00:00:00.0230203" startTime="2026-06-28T18:07:51.7062785+01:00" endTime="2026-06-28T18:07:51.7062786+01:00" testType="13cdc9d9-ddb5-4fa4-a97d-d965ccfc6d4b" outcome="Passed" testListId="8c84fa94-04c1-424b-9868-57a2d4851a1d" relativeResultsDirectory="3af015de-d1b0-4561-aaa4-c65862e9caed" />
    <UnitTestResult executionId="f5a681a5-a2bf-41e2-a627-f6f389f07e04" testId="d64e1aba-2a3e-533c-842b-6485ad37a88e" testName="Identity.Tests.Domain.ValueObjects.CompleteNameTests.Create_WithNameStartingWithNumber_ShouldThrowDomainException(firstName: &quot;João&quot;, lastName: &quot;2Silva&quot;)" computerName="pombo" duration="00:00:00.0003626" startTime="2026-06-28T18:07:51.7345510+01:00" endTime="2026-06-28T18:07:51.7345510+01:00" testType="13cdc9d9-ddb5-4fa4-a97d-d965ccfc6d4b" outcome="Passed" testListId="8c84fa94-04c1-424b-9868-57a2d4851a1d" relativeResultsDirectory="f5a681a5-a2bf-41e2-a627-f6f389f07e04" />
    <UnitTestResult executionId="899e3b2f-d293-4679-81c2-e042b05a30fa" testId="91e8c3f5-2af9-f415-dedc-dc86add040b0" testName="Identity.Tests.Domain.ValueObjects.PasswordTests.Create_WithPasswordMissingComplexityRule_ShouldThrowDomainException(weakPassword: &quot;NoNumbersHere!&quot;)" computerName="pombo" duration="00:00:00.0003607" startTime="2026-06-28T18:07:51.7333816+01:00" endTime="2026-06-28T18:07:51.7333817+01:00" testType="13cdc9d9-ddb5-4fa4-a97d-d965ccfc6d4b" outcome="Passed" testListId="8c84fa94-04c1-424b-9868-57a2d4851a1d" relativeResultsDirectory="899e3b2f-d293-4679-81c2-e042b05a30fa" />
    <UnitTestResult executionId="e411fb98-7e86-4ead-aa1e-7e7e22891971" testId="a81738ef-902d-b18c-fd12-9a94f8a56fb7" testName="Identity.Tests.Domain.ValueObjects.CompleteNameTests.Create_WithValidNames_ShouldSucceed" computerName="pombo" duration="00:00:00.0001600" startTime="2026-06-28T18:07:51.7355418+01:00" endTime="2026-06-28T18:07:51.7355419+01:00" testType="13cdc9d9-ddb5-4fa4-a97d-d965ccfc6d4b" outcome="Passed" testListId="8c84fa94-04c1-424b-9868-57a2d4851a1d" relativeResultsDirectory="e411fb98-7e86-4ead-aa1e-7e7e22891971" />
    <UnitTestResult executionId="6433741b-8474-4b3a-a924-a44158b79fcb" testId="f57cab95-7ee6-1d93-a53f-fea4c9ce6f84" testName="Identity.Tests.Domain.ValueObjects.PasswordTests.Create_WithPasswordMissingComplexityRule_ShouldThrowDomainException(weakPassword: &quot;NoSpecialChar123&quot;)" computerName="pombo" duration="00:00:00.0002091" startTime="2026-06-28T18:07:51.7340895+01:00" endTime="2026-06-28T18:07:51.7340896+01:00" testType="13cdc9d9-ddb5-4fa4-a97d-d965ccfc6d4b" outcome="Passed" testListId="8c84fa94-04c1-424b-9868-57a2d4851a1d" relativeResultsDirectory="6433741b-8474-4b3a-a924-a44158b79fcb" />
    <UnitTestResult executionId="79a7274d-3b29-4747-a9c4-4bf4e1d5ffb1" testId="6923638a-9f33-823d-7f15-b2ec1041f814" testName="Identity.Tests.Domain.ValueObjects.EmailTests.Create_WithNullOrWhitespaces_ShouldThrowDomainException(invalidEmail: &quot;   &quot;)" computerName="pombo" duration="00:00:00.0007136" startTime="2026-06-28T18:07:51.7299843+01:00" endTime="2026-06-28T18:07:51.7299844+01:00" testType="13cdc9d9-ddb5-4fa4-a97d-d965ccfc6d4b" outcome="Passed" testListId="8c84fa94-04c1-424b-9868-57a2d4851a1d" relativeResultsDirectory="79a7274d-3b29-4747-a9c4-4bf4e1d5ffb1" />
    <UnitTestResult executionId="36dccfbc-3fd1-4c7a-9844-7afb85c67fdd" testId="65bac05f-f892-4816-ed98-12727d80f7b9" testName="Identity.Tests.Domain.ValueObjects.EmailTests.Create_WithInvalidFormat_ShouldThrowDomainException(invalidEmail: &quot;@example.com&quot;)" computerName="pombo" duration="00:00:00.0010945" startTime="2026-06-28T18:07:51.7361599+01:00" endTime="2026-06-28T18:07:51.7361599+01:00" testType="13cdc9d9-ddb5-4fa4-a97d-d965ccfc6d4b" outcome="Passed" testListId="8c84fa94-04c1-424b-9868-57a2d4851a1d" relativeResultsDirectory="36dccfbc-3fd1-4c7a-9844-7afb85c67fdd" />
    <UnitTestResult executionId="040f9239-01da-4eac-885b-a8e93f0e8919" testId="444ccee1-0e5e-3086-c9b1-d7e1da2eafd3" testName="Identity.Tests.Domain.Entities.UserTests.AddRefreshToken_ShouldAddTokenCollection" computerName="pombo" duration="00:00:00.2506568" startTime="2026-06-28T18:07:52.3493681+01:00" endTime="2026-06-28T18:07:52.3493682+01:00" testType="13cdc9d9-ddb5-4fa4-a97d-d965ccfc6d4b" outcome="Passed" testListId="8c84fa94-04c1-424b-9868-57a2d4851a1d" relativeResultsDirectory="040f9239-01da-4eac-885b-a8e93f0e8919" />
    <UnitTestResult executionId="c94fe3f6-a729-4198-85af-ce147ad276fa" testId="a5d964cc-969f-0e25-85e7-a449b3d69abb" testName="Identity.Tests.Domain.ValueObjects.EmailTests.Create_WithValidEmailFormat_ShouldSucceed(validEmail: &quot;user+tag@example.co.uk&quot;)" computerName="pombo" duration="00:00:00.0000054" startTime="2026-06-28T18:07:51.7388017+01:00" endTime="2026-06-28T18:07:51.7388017+01:00" testType="13cdc9d9-ddb5-4fa4-a97d-d965ccfc6d4b" outcome="Passed" testListId="8c84fa94-04c1-424b-9868-57a2d4851a1d" relativeResultsDirectory="c94fe3f6-a729-4198-85af-ce147ad276fa" />
    <UnitTestResult executionId="65b01d40-fec5-4f8b-8a44-c1305e9e94c7" testId="33fa476f-fadd-c179-0065-f10fe6d99ada" testName="Identity.Tests.Domain.ValueObjects.EmailTests.Create_WithValidEmailFormat_ShouldSucceed(validEmail: &quot;first.last@example.com&quot;)" computerName="pombo" duration="00:00:00.0001447" startTime="2026-06-28T18:07:51.7383508+01:00" endTime="2026-06-28T18:07:51.7383509+01:00" testType="13cdc9d9-ddb5-4fa4-a97d-d965ccfc6d4b" outcome="Passed" testListId="8c84fa94-04c1-424b-9868-57a2d4851a1d" relativeResultsDirectory="65b01d40-fec5-4f8b-8a44-c1305e9e94c7" />
  </Results>
  <TestDefinitions>
    <UnitTest name="Identity.Tests.Domain.ValueObjects.EmailTests.Create_WithValidEmailFormat_ShouldSucceed(validEmail: &quot;user@example.com&quot;)" storage="/home/pombo/dev/c#/cloudmart-ecommerce/src/identity.tests/bin/release/net9.0/identity.tests.dll" id="0f742ff5-10ce-897e-a438-ae10fa51fb0c">
      <Execution id="7e7eb5c9-2d40-439f-9994-c2dd00f1071c" />
      <TestMethod codeBase="/home/pombo/Dev/C#/cloudmart-ecommerce/src/Identity.Tests/bin/Release/net9.0/Identity.Tests.dll" adapterTypeName="executor://xunit/VsTestRunner2/netcoreapp" className="Identity.Tests.Domain.ValueObjects.EmailTests" name="Create_WithValidEmailFormat_ShouldSucceed" />
    </UnitTest>
    <UnitTest name="Identity.Tests.Domain.ValueObjects.PasswordTests.Create_WithPasswordMissingComplexityRule_ShouldThrowDomainException(weakPassword: &quot;Has Space123!&quot;)" storage="/home/pombo/dev/c#/cloudmart-ecommerce/src/identity.tests/bin/release/net9.0/identity.tests.dll" id="4c675138-8d08-8ee4-299d-e45bd16bf3ac">
      <Execution id="675f596b-abb8-409a-b982-42174aa21d3d" />
      <TestMethod codeBase="/home/pombo/Dev/C#/cloudmart-ecommerce/src/Identity.Tests/bin/Release/net9.0/Identity.Tests.dll" adapterTypeName="executor://xunit/VsTestRunner2/netcoreapp" className="Identity.Tests.Domain.ValueObjects.PasswordTests" name="Create_WithPasswordMissingComplexityRule_ShouldThrowDomainException" />
    </UnitTest>
    <UnitTest name="Identity.Tests.Domain.ValueObjects.EmailTests.Equals_TwoEmailsWithSameAddress_ShouldBeEqual" storage="/home/pombo/dev/c#/cloudmart-ecommerce/src/identity.tests/bin/release/net9.0/identity.tests.dll" id="0c1433f8-fd1c-8bb9-fac3-3b20f2f55f33">
      <Execution id="671a5100-eef5-4aac-a8ee-6ba719c4dcd5" />
      <TestMethod codeBase="/home/pombo/Dev/C#/cloudmart-ecommerce/src/Identity.Tests/bin/Release/net9.0/Identity.Tests.dll" adapterTypeName="executor://xunit/VsTestRunner2/netcoreapp" className="Identity.Tests.Domain.ValueObjects.EmailTests" name="Equals_TwoEmailsWithSameAddress_ShouldBeEqual" />
    </UnitTest>
    <UnitTest name="Identity.Tests.Domain.ValueObjects.CompleteNameTests.Create_WithNameStartingWithNumber_ShouldThrowDomainException(firstName: &quot;João&quot;, lastName: &quot;2Silva&quot;)" storage="/home/pombo/dev/c#/cloudmart-ecommerce/src/identity.tests/bin/release/net9.0/identity.tests.dll" id="d64e1aba-2a3e-533c-842b-6485ad37a88e">
      <Execution id="f5a681a5-a2bf-41e2-a627-f6f389f07e04" />
      <TestMethod codeBase="/home/pombo/Dev/C#/cloudmart-ecommerce/src/Identity.Tests/bin/Release/net9.0/Identity.Tests.dll" adapterTypeName="executor://xunit/VsTestRunner2/netcoreapp" className="Identity.Tests.Domain.ValueObjects.CompleteNameTests" name="Create_WithNameStartingWithNumber_ShouldThrowDomainException" />
    </UnitTest>
    <UnitTest name="Identity.Tests.Domain.ValueObjects.CompleteNameTests.Create_WithNullOrWhitespaceName_ShouldThrowDomainException(firstName: &quot;João&quot;, lastName: null)" storage="/home/pombo/dev/c#/cloudmart-ecommerce/src/identity.tests/bin/release/net9.0/identity.tests.dll" id="e1100ebf-73f8-cfb9-be3d-42a3620c21cb">
      <Execution id="d29808f3-b87d-4149-91ec-5ed66fad5ee9" />
      <TestMethod codeBase="/home/pombo/Dev/C#/cloudmart-ecommerce/src/Identity.Tests/bin/Release/net9.0/Identity.Tests.dll" adapterTypeName="executor://xunit/VsTestRunner2/netcoreapp" className="Identity.Tests.Domain.ValueObjects.CompleteNameTests" name="Create_WithNullOrWhitespaceName_ShouldThrowDomainException" />
    </UnitTest>
    <UnitTest name="Identity.Tests.Domain.Entities.UserTests.TwoUsersWithDifferentIds_ShouldNotBeConsideredTheSameEntity" storage="/home/pombo/dev/c#/cloudmart-ecommerce/src/identity.tests/bin/release/net9.0/identity.tests.dll" id="b7669388-0941-66a1-ac72-16401dfbe304">
      <Execution id="56766213-31bb-4a54-9363-869ee61a770e" />
      <TestMethod codeBase="/home/pombo/Dev/C#/cloudmart-ecommerce/src/Identity.Tests/bin/Release/net9.0/Identity.Tests.dll" adapterTypeName="executor://xunit/VsTestRunner2/netcoreapp" className="Identity.Tests.Domain.Entities.UserTests" name="TwoUsersWithDifferentIds_ShouldNotBeConsideredTheSameEntity" />
    </UnitTest>
    <UnitTest name="Identity.Tests.Domain.ValueObjects.CompleteNameTests.Initials_ShouldBeComputedFromFirstAndLastName(firstName: &quot;ana&quot;, lastName: &quot;costa&quot;, expectedInitials: &quot;AC&quot;)" storage="/home/pombo/dev/c#/cloudmart-ecommerce/src/identity.tests/bin/release/net9.0/identity.tests.dll" id="0e7a71b0-cd53-08a3-465f-202c03241461">
      <Execution id="53d0660a-8ab4-4089-8104-6fe2d394a7d4" />
      <TestMethod codeBase="/home/pombo/Dev/C#/cloudmart-ecommerce/src/Identity.Tests/bin/Release/net9.0/Identity.Tests.dll" adapterTypeName="executor://xunit/VsTestRunner2/netcoreapp" className="Identity.Tests.Domain.ValueObjects.CompleteNameTests" name="Initials_ShouldBeComputedFromFirstAndLastName" />
    </UnitTest>
    <UnitTest name="Identity.Tests.Domain.ValueObjects.CompleteNameTests.Equals_DifferentNames_ShouldNotBeEqual" storage="/home/pombo/dev/c#/cloudmart-ecommerce/src/identity.tests/bin/release/net9.0/identity.tests.dll" id="4848cd30-4b2f-69e9-7c1d-c78c0f47e50a">
      <Execution id="53ec6010-54c9-46ec-ab45-7d07c44747cc" />
      <TestMethod codeBase="/home/pombo/Dev/C#/cloudmart-ecommerce/src/Identity.Tests/bin/Release/net9.0/Identity.Tests.dll" adapterTypeName="executor://xunit/VsTestRunner2/netcoreapp" className="Identity.Tests.Domain.ValueObjects.CompleteNameTests" name="Equals_DifferentNames_ShouldNotBeEqual" />
    </UnitTest>
    <UnitTest name="Identity.Tests.Domain.ValueObjects.CompleteNameTests.Create_WithNameStartingWithNumber_ShouldThrowDomainException(firstName: &quot;99&quot;, lastName: &quot;00&quot;)" storage="/home/pombo/dev/c#/cloudmart-ecommerce/src/identity.tests/bin/release/net9.0/identity.tests.dll" id="fefe0c39-aff0-ba09-b030-8b24c1e95ae2">
      <Execution id="3ea6a637-a86a-4b3d-a08f-f9b66e1ed45f" />
      <TestMethod codeBase="/home/pombo/Dev/C#/cloudmart-ecommerce/src/Identity.Tests/bin/Release/net9.0/Identity.Tests.dll" adapterTypeName="executor://xunit/VsTestRunner2/netcoreapp" className="Identity.Tests.Domain.ValueObjects.CompleteNameTests" name="Create_WithNameStartingWithNumber_ShouldThrowDomainException" />
    </UnitTest>
    <UnitTest name="Identity.Tests.Domain.ValueObjects.EmailTests.Create_WithInvalidFormat_ShouldThrowDomainException(invalidEmail: &quot;user@.com&quot;)" storage="/home/pombo/dev/c#/cloudmart-ecommerce/src/identity.tests/bin/release/net9.0/identity.tests.dll" id="2f95a583-5ebf-642b-a683-631f65b6cde3">
      <Execution id="7f437df1-440f-454f-951d-0b18c84bf574" />
      <TestMethod codeBase="/home/pombo/Dev/C#/cloudmart-ecommerce/src/Identity.Tests/bin/Release/net9.0/Identity.Tests.dll" adapterTypeName="executor://xunit/VsTestRunner2/netcoreapp" className="Identity.Tests.Domain.ValueObjects.EmailTests" name="Create_WithInvalidFormat_ShouldThrowDomainException" />
    </UnitTest>
    <UnitTest name="Identity.Tests.Domain.ValueObjects.PasswordTests.Equals_TwoPasswordWithDifferentSaltButSamePlainText_ShouldNotBeEqual" storage="/home/pombo/dev/c#/cloudmart-ecommerce/src/identity.tests/bin/release/net9.0/identity.tests.dll" id="0d7258d6-e7eb-7967-7432-f109cf2e3d08">
      <Execution id="8eb67625-8bf7-441f-ba13-2e07dafed866" />
      <TestMethod codeBase="/home/pombo/Dev/C#/cloudmart-ecommerce/src/Identity.Tests/bin/Release/net9.0/Identity.Tests.dll" adapterTypeName="executor://xunit/VsTestRunner2/netcoreapp" className="Identity.Tests.Domain.ValueObjects.PasswordTests" name="Equals_TwoPasswordWithDifferentSaltButSamePlainText_ShouldNotBeEqual" />
    </UnitTest>
    <UnitTest name="Identity.Tests.Domain.ValueObjects.EmailTests.Create_WithInvalidFormat_ShouldThrowDomainException(invalidEmail: &quot;notaemail&quot;)" storage="/home/pombo/dev/c#/cloudmart-ecommerce/src/identity.tests/bin/release/net9.0/identity.tests.dll" id="b1bdba67-a360-b397-8547-e1a3a0cd1e03">
      <Execution id="a88407cd-ea9b-4a1c-aebd-46609223812a" />
      <TestMethod codeBase="/home/pombo/Dev/C#/cloudmart-ecommerce/src/Identity.Tests/bin/Release/net9.0/Identity.Tests.dll" adapterTypeName="executor://xunit/VsTestRunner2/netcoreapp" className="Identity.Tests.Domain.ValueObjects.EmailTests" name="Create_WithInvalidFormat_ShouldThrowDomainException" />
    </UnitTest>
    <UnitTest name="Identity.Tests.Domain.ValueObjects.CompleteNameTests.Create_WithNameStartingWithNumber_ShouldThrowDomainException(firstName: &quot;1 João&quot;, lastName: &quot;Silva&quot;)" storage="/home/pombo/dev/c#/cloudmart-ecommerce/src/identity.tests/bin/release/net9.0/identity.tests.dll" id="dd17e392-1c69-260e-c307-a78f95357ffa">
      <Execution id="6a39fae0-80f6-4a96-8a83-b5f710bdd754" />
      <TestMethod codeBase="/home/pombo/Dev/C#/cloudmart-ecommerce/src/Identity.Tests/bin/Release/net9.0/Identity.Tests.dll" adapterTypeName="executor://xunit/VsTestRunner2/netcoreapp" className="Identity.Tests.Domain.ValueObjects.CompleteNameTests" name="Create_WithNameStartingWithNumber_ShouldThrowDomainException" />
    </UnitTest>
    <UnitTest name="Identity.Tests.Domain.ValueObjects.EmailTests.HashSet_WithDuplicateEmails_ShouldDeduplicateBasedOnValue" storage="/home/pombo/dev/c#/cloudmart-ecommerce/src/identity.tests/bin/release/net9.0/identity.tests.dll" id="2d964ca9-862d-a06e-8cff-f1f3b17942be">
      <Execution id="11a0b5ca-20a2-4c14-8818-e535b11461f5" />
      <TestMethod codeBase="/home/pombo/Dev/C#/cloudmart-ecommerce/src/Identity.Tests/bin/Release/net9.0/Identity.Tests.dll" adapterTypeName="executor://xunit/VsTestRunner2/netcoreapp" className="Identity.Tests.Domain.ValueObjects.EmailTests" name="HashSet_WithDuplicateEmails_ShouldDeduplicateBasedOnValue" />
    </UnitTest>
    <UnitTest name="Identity.Tests.Domain.ValueObjects.EmailTests.Create_WithValidEmailFormat_ShouldSucceed(validEmail: &quot;user+tag@example.co.uk&quot;)" storage="/home/pombo/dev/c#/cloudmart-ecommerce/src/identity.tests/bin/release/net9.0/identity.tests.dll" id="a5d964cc-969f-0e25-85e7-a449b3d69abb">
      <Execution id="c94fe3f6-a729-4198-85af-ce147ad276fa" />
      <TestMethod codeBase="/home/pombo/Dev/C#/cloudmart-ecommerce/src/Identity.Tests/bin/Release/net9.0/Identity.Tests.dll" adapterTypeName="executor://xunit/VsTestRunner2/netcoreapp" className="Identity.Tests.Domain.ValueObjects.EmailTests" name="Create_WithValidEmailFormat_ShouldSucceed" />
    </UnitTest>
    <UnitTest name="Identity.Tests.Domain.ValueObjects.PasswordTests.Create_WithValidStringPassword_ShouldSucceed" storage="/home/pombo/dev/c#/cloudmart-ecommerce/src/identity.tests/bin/release/net9.0/identity.tests.dll" id="e31517f0-e582-eb80-bc41-e023ef028ddf">
      <Execution id="ae9378a5-9da2-4ac5-b3e2-f6b570738c55" />
      <TestMethod codeBase="/home/pombo/Dev/C#/cloudmart-ecommerce/src/Identity.Tests/bin/Release/net9.0/Identity.Tests.dll" adapterTypeName="executor://xunit/VsTestRunner2/netcoreapp" className="Identity.Tests.Domain.ValueObjects.PasswordTests" name="Create_WithValidStringPassword_ShouldSucceed" />
    </UnitTest>
    <UnitTest name="Identity.Tests.Domain.ValueObjects.EmailTests.Create_WithNullOrWhitespaces_ShouldThrowDomainException(invalidEmail: &quot;&quot;)" storage="/home/pombo/dev/c#/cloudmart-ecommerce/src/identity.tests/bin/release/net9.0/identity.tests.dll" id="fbb3b841-6c4c-bfe3-f8aa-bc3daeaac023">
      <Execution id="3af015de-d1b0-4561-aaa4-c65862e9caed" />
      <TestMethod codeBase="/home/pombo/Dev/C#/cloudmart-ecommerce/src/Identity.Tests/bin/Release/net9.0/Identity.Tests.dll" adapterTypeName="executor://xunit/VsTestRunner2/netcoreapp" className="Identity.Tests.Domain.ValueObjects.EmailTests" name="Create_WithNullOrWhitespaces_ShouldThrowDomainException" />
    </UnitTest>
    <UnitTest name="Identity.Tests.Domain.ValueObjects.EmailTests.Create_WithTooShortEmail_ShouldThrowDomainException(shortEmail: &quot;a@b.c&quot;)" storage="/home/pombo/dev/c#/cloudmart-ecommerce/src/identity.tests/bin/release/net9.0/identity.tests.dll" id="714d7c07-d9ce-474e-3d9b-dea8b13154db">
      <Execution id="09e8d162-eca7-4522-8514-47df10e3051a" />
      <TestMethod codeBase="/home/pombo/Dev/C#/cloudmart-ecommerce/src/Identity.Tests/bin/Release/net9.0/Identity.Tests.dll" adapterTypeName="executor://xunit/VsTestRunner2/netcoreapp" className="Identity.Tests.Domain.ValueObjects.EmailTests" name="Create_WithTooShortEmail_ShouldThrowDomainException" />
    </UnitTest>
    <UnitTest name="Identity.Tests.Domain.ValueObjects.CompleteNameTests.Create_WithNullOrWhitespaceName_ShouldThrowDomainException(firstName: &quot;&quot;, lastName: &quot;Silva&quot;)" storage="/home/pombo/dev/c#/cloudmart-ecommerce/src/identity.tests/bin/release/net9.0/identity.tests.dll" id="85c7ee5d-8ac4-04d4-c023-2cc306c21e4d">
      <Execution id="94d9cac2-44be-42fa-aa0b-6ed908e6a43f" />
      <TestMethod codeBase="/home/pombo/Dev/C#/cloudmart-ecommerce/src/Identity.Tests/bin/Release/net9.0/Identity.Tests.dll" adapterTypeName="executor://xunit/VsTestRunner2/netcoreapp" className="Identity.Tests.Domain.ValueObjects.CompleteNameTests" name="Create_WithNullOrWhitespaceName_ShouldThrowDomainException" />
    </UnitTest>
    <UnitTest name="Identity.Tests.Domain.ValueObjects.PasswordTests.Create_WithPasswordMissingComplexityRule_ShouldThrowDomainException(weakPassword: &quot;ALLUPPERCASE1!&quot;)" storage="/home/pombo/dev/c#/cloudmart-ecommerce/src/identity.tests/bin/release/net9.0/identity.tests.dll" id="991c6d01-af3c-2318-24b2-c23608ab6cda">
      <Execution id="c2534a8a-9b37-4b0e-ab3d-7ca0e34e2281" />
      <TestMethod codeBase="/home/pombo/Dev/C#/cloudmart-ecommerce/src/Identity.Tests/bin/Release/net9.0/Identity.Tests.dll" adapterTypeName="executor://xunit/VsTestRunner2/netcoreapp" className="Identity.Tests.Domain.ValueObjects.PasswordTests" name="Create_WithPasswordMissingComplexityRule_ShouldThrowDomainException" />
    </UnitTest>
    <UnitTest name="Identity.Tests.Domain.ValueObjects.PasswordTests.Create_WithPasswordMissingComplexityRule_ShouldThrowDomainException(weakPassword: &quot;NoNumbersHere!&quot;)" storage="/home/pombo/dev/c#/cloudmart-ecommerce/src/identity.tests/bin/release/net9.0/identity.tests.dll" id="91e8c3f5-2af9-f415-dedc-dc86add040b0">
      <Execution id="899e3b2f-d293-4679-81c2-e042b05a30fa" />
      <TestMethod codeBase="/home/pombo/Dev/C#/cloudmart-ecommerce/src/Identity.Tests/bin/Release/net9.0/Identity.Tests.dll" adapterTypeName="executor://xunit/VsTestRunner2/netcoreapp" className="Identity.Tests.Domain.ValueObjects.PasswordTests" name="Create_WithPasswordMissingComplexityRule_ShouldThrowDomainException" />
    </UnitTest>
    <UnitTest name="Identity.Tests.Domain.Entities.UserTests.Revoke_WithMultipleActiveTokens_ShouldRevokeAllOfThem" storage="/home/pombo/dev/c#/cloudmart-ecommerce/src/identity.tests/bin/release/net9.0/identity.tests.dll" id="82f5ec48-a106-641c-1db7-1ef55dcc29a6">
      <Execution id="4fb1e997-dac2-49cf-a681-a2167c8defde" />
      <TestMethod codeBase="/home/pombo/Dev/C#/cloudmart-ecommerce/src/Identity.Tests/bin/Release/net9.0/Identity.Tests.dll" adapterTypeName="executor://xunit/VsTestRunner2/netcoreapp" className="Identity.Tests.Domain.Entities.UserTests" name="Revoke_WithMultipleActiveTokens_ShouldRevokeAllOfThem" />
    </UnitTest>
    <UnitTest name="Identity.Tests.Domain.ValueObjects.PasswordTests.Create_ShouldNeverExposePlainPassword" storage="/home/pombo/dev/c#/cloudmart-ecommerce/src/identity.tests/bin/release/net9.0/identity.tests.dll" id="a4cbc4bc-35b1-1bb4-2e3d-1fb47720a0d0">
      <Execution id="2981d7f0-879c-4c5b-a5c0-758c1085340e" />
      <TestMethod codeBase="/home/pombo/Dev/C#/cloudmart-ecommerce/src/Identity.Tests/bin/Release/net9.0/Identity.Tests.dll" adapterTypeName="executor://xunit/VsTestRunner2/netcoreapp" className="Identity.Tests.Domain.ValueObjects.PasswordTests" name="Create_ShouldNeverExposePlainPassword" />
    </UnitTest>
    <UnitTest name="Identity.Tests.Domain.ValueObjects.PasswordTests.Create_WithPasswordMissingComplexityRule_ShouldThrowDomainException(weakPassword: &quot;alllowercase1!&quot;)" storage="/home/pombo/dev/c#/cloudmart-ecommerce/src/identity.tests/bin/release/net9.0/identity.tests.dll" id="60e2c02f-c021-30ac-0af3-b42677cfe970">
      <Execution id="b6103b33-a478-4a8a-ad34-05cda900a40a" />
      <TestMethod codeBase="/home/pombo/Dev/C#/cloudmart-ecommerce/src/Identity.Tests/bin/Release/net9.0/Identity.Tests.dll" adapterTypeName="executor://xunit/VsTestRunner2/netcoreapp" className="Identity.Tests.Domain.ValueObjects.PasswordTests" name="Create_WithPasswordMissingComplexityRule_ShouldThrowDomainException" />
    </UnitTest>
    <UnitTest name="Identity.Tests.Domain.Entities.UserTests.Create_WithValidData_ShouldReturnSuccessResult" storage="/home/pombo/dev/c#/cloudmart-ecommerce/src/identity.tests/bin/release/net9.0/identity.tests.dll" id="6bdca0a6-ec07-6071-8804-b7b06a4b74f5">
      <Execution id="d0fe6694-ba7b-48c6-a9b1-0ef8402dd907" />
      <TestMethod codeBase="/home/pombo/Dev/C#/cloudmart-ecommerce/src/Identity.Tests/bin/Release/net9.0/Identity.Tests.dll" adapterTypeName="executor://xunit/VsTestRunner2/netcoreapp" className="Identity.Tests.Domain.Entities.UserTests" name="Create_WithValidData_ShouldReturnSuccessResult" />
    </UnitTest>
    <UnitTest name="Identity.Tests.Domain.ValueObjects.CompleteNameTests.Create_WithNullOrWhitespaceName_ShouldThrowDomainException(firstName: null, lastName: &quot;Silva&quot;)" storage="/home/pombo/dev/c#/cloudmart-ecommerce/src/identity.tests/bin/release/net9.0/identity.tests.dll" id="92aeb8b3-f052-0bb4-32ac-b0b154a683ff">
      <Execution id="eecef1fe-05de-498c-8f3c-0d31afd48cfd" />
      <TestMethod codeBase="/home/pombo/Dev/C#/cloudmart-ecommerce/src/Identity.Tests/bin/Release/net9.0/Identity.Tests.dll" adapterTypeName="executor://xunit/VsTestRunner2/netcoreapp" className="Identity.Tests.Domain.ValueObjects.CompleteNameTests" name="Create_WithNullOrWhitespaceName_ShouldThrowDomainException" />
    </UnitTest>
    <UnitTest name="Identity.Tests.Domain.ValueObjects.PasswordTests.Create_WithTooShortPassword_ShouldThrowDomainException(shortPassword: &quot;&quot;)" storage="/home/pombo/dev/c#/cloudmart-ecommerce/src/identity.tests/bin/release/net9.0/identity.tests.dll" id="f2f7a73a-7722-90e6-3cad-f5a0798eab02">
      <Execution id="b53a9465-a3a7-4d9d-9886-a9c1d77ff752" />
      <TestMethod codeBase="/home/pombo/Dev/C#/cloudmart-ecommerce/src/Identity.Tests/bin/Release/net9.0/Identity.Tests.dll" adapterTypeName="executor://xunit/VsTestRunner2/netcoreapp" className="Identity.Tests.Domain.ValueObjects.PasswordTests" name="Create_WithTooShortPassword_ShouldThrowDomainException" />
    </UnitTest>
    <UnitTest name="Identity.Tests.Domain.Entities.UserTests.Revoke_WithNoTokens_ShouldNotThrow" storage="/home/pombo/dev/c#/cloudmart-ecommerce/src/identity.tests/bin/release/net9.0/identity.tests.dll" id="84a2c1b5-163f-d755-d246-6da7cbb30999">
      <Execution id="99871f38-e824-4059-9ddc-fa542dc7e0a1" />
      <TestMethod codeBase="/home/pombo/Dev/C#/cloudmart-ecommerce/src/Identity.Tests/bin/Release/net9.0/Identity.Tests.dll" adapterTypeName="executor://xunit/VsTestRunner2/netcoreapp" className="Identity.Tests.Domain.Entities.UserTests" name="Revoke_WithNoTokens_ShouldNotThrow" />
    </UnitTest>
    <UnitTest name="Identity.Tests.Domain.ValueObjects.EmailTests.Create_WithInvalidFormat_ShouldThrowDomainException(invalidEmail: &quot;@example.com&quot;)" storage="/home/pombo/dev/c#/cloudmart-ecommerce/src/identity.tests/bin/release/net9.0/identity.tests.dll" id="65bac05f-f892-4816-ed98-12727d80f7b9">
      <Execution id="36dccfbc-3fd1-4c7a-9844-7afb85c67fdd" />
      <TestMethod codeBase="/home/pombo/Dev/C#/cloudmart-ecommerce/src/Identity.Tests/bin/Release/net9.0/Identity.Tests.dll" adapterTypeName="executor://xunit/VsTestRunner2/netcoreapp" className="Identity.Tests.Domain.ValueObjects.EmailTests" name="Create_WithInvalidFormat_ShouldThrowDomainException" />
    </UnitTest>
    <UnitTest name="Identity.Tests.Domain.Entities.UserTests.Create_NewUser_ShouldBeActiveByDefault" storage="/home/pombo/dev/c#/cloudmart-ecommerce/src/identity.tests/bin/release/net9.0/identity.tests.dll" id="3ed4350a-a705-bfe8-fc1e-5ef93dba5d7c">
      <Execution id="5d898369-0ba2-4acd-ab98-cc32e27eabbb" />
      <TestMethod codeBase="/home/pombo/Dev/C#/cloudmart-ecommerce/src/Identity.Tests/bin/Release/net9.0/Identity.Tests.dll" adapterTypeName="executor://xunit/VsTestRunner2/netcoreapp" className="Identity.Tests.Domain.Entities.UserTests" name="Create_NewUser_ShouldBeActiveByDefault" />
    </UnitTest>
    <UnitTest name="Identity.Tests.Domain.ValueObjects.CompleteNameTests.Initials_ShouldBeComputedFromFirstAndLastName(firstName: &quot;João&quot;, lastName: &quot;Silva&quot;, expectedInitials: &quot;JS&quot;)" storage="/home/pombo/dev/c#/cloudmart-ecommerce/src/identity.tests/bin/release/net9.0/identity.tests.dll" id="0b9cd77a-6120-52aa-82d1-7b1720c966ae">
      <Execution id="7c238965-dc65-48bc-8681-f60acdec3f87" />
      <TestMethod codeBase="/home/pombo/Dev/C#/cloudmart-ecommerce/src/Identity.Tests/bin/Release/net9.0/Identity.Tests.dll" adapterTypeName="executor://xunit/VsTestRunner2/netcoreapp" className="Identity.Tests.Domain.ValueObjects.CompleteNameTests" name="Initials_ShouldBeComputedFromFirstAndLastName" />
    </UnitTest>
    <UnitTest name="Identity.Tests.Domain.ValueObjects.PasswordTests.Verify_WithIncorrectPlainPassword_ShouldReturnFalse" storage="/home/pombo/dev/c#/cloudmart-ecommerce/src/identity.tests/bin/release/net9.0/identity.tests.dll" id="b60496da-699a-f7e8-b512-4bef35ebb3c6">
      <Execution id="6027337c-b902-41cc-b742-f56937b69f37" />
      <TestMethod codeBase="/home/pombo/Dev/C#/cloudmart-ecommerce/src/Identity.Tests/bin/Release/net9.0/Identity.Tests.dll" adapterTypeName="executor://xunit/VsTestRunner2/netcoreapp" className="Identity.Tests.Domain.ValueObjects.PasswordTests" name="Verify_WithIncorrectPlainPassword_ShouldReturnFalse" />
    </UnitTest>
    <UnitTest name="Identity.Tests.Domain.ValueObjects.CompleteNameTests.Equals_NamesWithDifferentCasing_ShouldBeEqual" storage="/home/pombo/dev/c#/cloudmart-ecommerce/src/identity.tests/bin/release/net9.0/identity.tests.dll" id="f0395ec9-08cc-89a2-3ff1-20dbded38c8b">
      <Execution id="2aecfd72-4fa2-44fc-8907-d7244a5a8d16" />
      <TestMethod codeBase="/home/pombo/Dev/C#/cloudmart-ecommerce/src/Identity.Tests/bin/Release/net9.0/Identity.Tests.dll" adapterTypeName="executor://xunit/VsTestRunner2/netcoreapp" className="Identity.Tests.Domain.ValueObjects.CompleteNameTests" name="Equals_NamesWithDifferentCasing_ShouldBeEqual" />
    </UnitTest>
    <UnitTest name="Identity.Tests.Domain.ValueObjects.CompleteNameTests.Create_WithNullOrWhitespaceName_ShouldThrowDomainException(firstName: &quot;João&quot;, lastName: &quot;&quot;)" storage="/home/pombo/dev/c#/cloudmart-ecommerce/src/identity.tests/bin/release/net9.0/identity.tests.dll" id="235c8d3f-1f26-0a26-5d8a-27566755590f">
      <Execution id="d666a188-38ce-4d8e-b5eb-46c870629422" />
      <TestMethod codeBase="/home/pombo/Dev/C#/cloudmart-ecommerce/src/Identity.Tests/bin/Release/net9.0/Identity.Tests.dll" adapterTypeName="executor://xunit/VsTestRunner2/netcoreapp" className="Identity.Tests.Domain.ValueObjects.CompleteNameTests" name="Create_WithNullOrWhitespaceName_ShouldThrowDomainException" />
    </UnitTest>
    <UnitTest name="Identity.Tests.Domain.ValueObjects.EmailTests.Create_WithTooShortEmail_ShouldThrowDomainException(shortEmail: &quot;a@bc&quot;)" storage="/home/pombo/dev/c#/cloudmart-ecommerce/src/identity.tests/bin/release/net9.0/identity.tests.dll" id="1a6e4076-106d-e57a-320b-bc99399e9d83">
      <Execution id="016ca75d-819c-4b58-b820-d9eac5539fb6" />
      <TestMethod codeBase="/home/pombo/Dev/C#/cloudmart-ecommerce/src/Identity.Tests/bin/Release/net9.0/Identity.Tests.dll" adapterTypeName="executor://xunit/VsTestRunner2/netcoreapp" className="Identity.Tests.Domain.ValueObjects.EmailTests" name="Create_WithTooShortEmail_ShouldThrowDomainException" />
    </UnitTest>
    <UnitTest name="Identity.Tests.Domain.ValueObjects.EmailTests.Create_WithNullOrWhitespaces_ShouldThrowDomainException(invalidEmail: null)" storage="/home/pombo/dev/c#/cloudmart-ecommerce/src/identity.tests/bin/release/net9.0/identity.tests.dll" id="7d6627a0-9217-b6cc-641c-3183aba1a66f">
      <Execution id="c21ec32d-4535-43b1-be51-16f6e1274d76" />
      <TestMethod codeBase="/home/pombo/Dev/C#/cloudmart-ecommerce/src/Identity.Tests/bin/Release/net9.0/Identity.Tests.dll" adapterTypeName="executor://xunit/VsTestRunner2/netcoreapp" className="Identity.Tests.Domain.ValueObjects.EmailTests" name="Create_WithNullOrWhitespaces_ShouldThrowDomainException" />
    </UnitTest>
    <UnitTest name="Identity.Tests.Domain.ValueObjects.PasswordTests.Create_WithTooShortPassword_ShouldThrowDomainException(shortPassword: &quot;   &quot;)" storage="/home/pombo/dev/c#/cloudmart-ecommerce/src/identity.tests/bin/release/net9.0/identity.tests.dll" id="5de5ee0f-ab48-9ac7-21c5-564c41b0b9f9">
      <Execution id="6558e442-079c-468a-9229-bf51b9f69d66" />
      <TestMethod codeBase="/home/pombo/Dev/C#/cloudmart-ecommerce/src/Identity.Tests/bin/Release/net9.0/Identity.Tests.dll" adapterTypeName="executor://xunit/VsTestRunner2/netcoreapp" className="Identity.Tests.Domain.ValueObjects.PasswordTests" name="Create_WithTooShortPassword_ShouldThrowDomainException" />
    </UnitTest>
    <UnitTest name="Identity.Tests.Domain.ValueObjects.EmailTests.Create_WithUppercaseEmail_ShouldNormalizeToLowercase" storage="/home/pombo/dev/c#/cloudmart-ecommerce/src/identity.tests/bin/release/net9.0/identity.tests.dll" id="be3a5de2-5236-f46c-efe4-1a3d315a6fad">
      <Execution id="53585ee8-fac1-4528-a478-3e74e896e083" />
      <TestMethod codeBase="/home/pombo/Dev/C#/cloudmart-ecommerce/src/Identity.Tests/bin/Release/net9.0/Identity.Tests.dll" adapterTypeName="executor://xunit/VsTestRunner2/netcoreapp" className="Identity.Tests.Domain.ValueObjects.EmailTests" name="Create_WithUppercaseEmail_ShouldNormalizeToLowercase" />
    </UnitTest>
    <UnitTest name="Identity.Tests.Domain.Entities.UserTests.Revoke_ShouldNotAffectAlreadyRevokedTokens" storage="/home/pombo/dev/c#/cloudmart-ecommerce/src/identity.tests/bin/release/net9.0/identity.tests.dll" id="1210bb37-5deb-7efb-f8b4-6264635c5c42">
      <Execution id="70a7485f-6ea2-4247-aa3e-7dd7173dbfb4" />
      <TestMethod codeBase="/home/pombo/Dev/C#/cloudmart-ecommerce/src/Identity.Tests/bin/Release/net9.0/Identity.Tests.dll" adapterTypeName="executor://xunit/VsTestRunner2/netcoreapp" className="Identity.Tests.Domain.Entities.UserTests" name="Revoke_ShouldNotAffectAlreadyRevokedTokens" />
    </UnitTest>
    <UnitTest name="Identity.Tests.Domain.ValueObjects.CompleteNameTests.Create_WithNullOrWhitespaceName_ShouldThrowDomainException(firstName: &quot;  &quot;, lastName: &quot;Silva&quot;)" storage="/home/pombo/dev/c#/cloudmart-ecommerce/src/identity.tests/bin/release/net9.0/identity.tests.dll" id="2cff496a-448a-1223-8261-d693ec74a58c">
      <Execution id="f7a22571-55ad-47ca-b10b-951c007051f9" />
      <TestMethod codeBase="/home/pombo/Dev/C#/cloudmart-ecommerce/src/Identity.Tests/bin/Release/net9.0/Identity.Tests.dll" adapterTypeName="executor://xunit/VsTestRunner2/netcoreapp" className="Identity.Tests.Domain.ValueObjects.CompleteNameTests" name="Create_WithNullOrWhitespaceName_ShouldThrowDomainException" />
    </UnitTest>
    <UnitTest name="Identity.Tests.Domain.ValueObjects.PasswordTests.Create_SamePlainPasswordTwice_ShouldProduceDifferentHashes" storage="/home/pombo/dev/c#/cloudmart-ecommerce/src/identity.tests/bin/release/net9.0/identity.tests.dll" id="198bac5d-865e-e10c-6e00-0285a13e4943">
      <Execution id="14214ff1-663a-4c10-ada8-0eb2495b98aa" />
      <TestMethod codeBase="/home/pombo/Dev/C#/cloudmart-ecommerce/src/Identity.Tests/bin/Release/net9.0/Identity.Tests.dll" adapterTypeName="executor://xunit/VsTestRunner2/netcoreapp" className="Identity.Tests.Domain.ValueObjects.PasswordTests" name="Create_SamePlainPasswordTwice_ShouldProduceDifferentHashes" />
    </UnitTest>
    <UnitTest name="Identity.Tests.Domain.ValueObjects.PasswordTests.Verify_WithCorrectPlainPassword_ShouldReturnTrue" storage="/home/pombo/dev/c#/cloudmart-ecommerce/src/identity.tests/bin/release/net9.0/identity.tests.dll" id="8bb77a73-db27-4411-01d5-7fb73e9855e8">
      <Execution id="e30e2c18-6fc0-43be-b5e3-8f79c8b6dd1d" />
      <TestMethod codeBase="/home/pombo/Dev/C#/cloudmart-ecommerce/src/Identity.Tests/bin/Release/net9.0/Identity.Tests.dll" adapterTypeName="executor://xunit/VsTestRunner2/netcoreapp" className="Identity.Tests.Domain.ValueObjects.PasswordTests" name="Verify_WithCorrectPlainPassword_ShouldReturnTrue" />
    </UnitTest>
    <UnitTest name="Identity.Tests.Domain.ValueObjects.EmailTests.Create_WithValidEmailFormat_ShouldSucceed(validEmail: &quot;user_name@example-domain.com&quot;)" storage="/home/pombo/dev/c#/cloudmart-ecommerce/src/identity.tests/bin/release/net9.0/identity.tests.dll" id="0539f599-0b90-5522-ccca-15316ad408bc">
      <Execution id="feb6125a-aea2-4e20-828f-a653f1ace7ce" />
      <TestMethod codeBase="/home/pombo/Dev/C#/cloudmart-ecommerce/src/Identity.Tests/bin/Release/net9.0/Identity.Tests.dll" adapterTypeName="executor://xunit/VsTestRunner2/netcoreapp" className="Identity.Tests.Domain.ValueObjects.EmailTests" name="Create_WithValidEmailFormat_ShouldSucceed" />
    </UnitTest>
    <UnitTest name="Identity.Tests.Domain.ValueObjects.EmailTests.Create_WithInvalidFormat_ShouldThrowDomainException(invalidEmail: &quot;user@@example.com&quot;)" storage="/home/pombo/dev/c#/cloudmart-ecommerce/src/identity.tests/bin/release/net9.0/identity.tests.dll" id="6c8bd53b-0aea-4e85-e875-5fc8f3e2d675">
      <Execution id="b81accdf-52bb-4cfd-8e91-7a589305d2f0" />
      <TestMethod codeBase="/home/pombo/Dev/C#/cloudmart-ecommerce/src/Identity.Tests/bin/Release/net9.0/Identity.Tests.dll" adapterTypeName="executor://xunit/VsTestRunner2/netcoreapp" className="Identity.Tests.Domain.ValueObjects.EmailTests" name="Create_WithInvalidFormat_ShouldThrowDomainException" />
    </UnitTest>
    <UnitTest name="Identity.Tests.Domain.ValueObjects.EmailTests.Create_WithNullOrWhitespaces_ShouldThrowDomainException(invalidEmail: &quot;   &quot;)" storage="/home/pombo/dev/c#/cloudmart-ecommerce/src/identity.tests/bin/release/net9.0/identity.tests.dll" id="6923638a-9f33-823d-7f15-b2ec1041f814">
      <Execution id="79a7274d-3b29-4747-a9c4-4bf4e1d5ffb1" />
      <TestMethod codeBase="/home/pombo/Dev/C#/cloudmart-ecommerce/src/Identity.Tests/bin/Release/net9.0/Identity.Tests.dll" adapterTypeName="executor://xunit/VsTestRunner2/netcoreapp" className="Identity.Tests.Domain.ValueObjects.EmailTests" name="Create_WithNullOrWhitespaces_ShouldThrowDomainException" />
    </UnitTest>
    <UnitTest name="Identity.Tests.Domain.Entities.UserTests.Create_ShouldGenerateWithNonEmptyId" storage="/home/pombo/dev/c#/cloudmart-ecommerce/src/identity.tests/bin/release/net9.0/identity.tests.dll" id="6e714ac3-93e8-c761-7c58-48aba9d8da56">
      <Execution id="091e1d29-c611-4d0f-b8f2-ac2e9ae5c483" />
      <TestMethod codeBase="/home/pombo/Dev/C#/cloudmart-ecommerce/src/Identity.Tests/bin/Release/net9.0/Identity.Tests.dll" adapterTypeName="executor://xunit/VsTestRunner2/netcoreapp" className="Identity.Tests.Domain.Entities.UserTests" name="Create_ShouldGenerateWithNonEmptyId" />
    </UnitTest>
    <UnitTest name="Identity.Tests.Domain.ValueObjects.PasswordTests.Create_WithTooShortPassword_ShouldThrowDomainException(shortPassword: &quot;short1!&quot;)" storage="/home/pombo/dev/c#/cloudmart-ecommerce/src/identity.tests/bin/release/net9.0/identity.tests.dll" id="2164ee36-77b0-8b41-fe5e-ae18efb04a19">
      <Execution id="ff21b767-dee5-449a-88d8-0c2adcc130a1" />
      <TestMethod codeBase="/home/pombo/Dev/C#/cloudmart-ecommerce/src/Identity.Tests/bin/Release/net9.0/Identity.Tests.dll" adapterTypeName="executor://xunit/VsTestRunner2/netcoreapp" className="Identity.Tests.Domain.ValueObjects.PasswordTests" name="Create_WithTooShortPassword_ShouldThrowDomainException" />
    </UnitTest>
    <UnitTest name="Identity.Tests.Domain.ValueObjects.CompleteNameTests.Initials_ShouldBeComputedFromFirstAndLastName(firstName: &quot;Maria&quot;, lastName: &quot;DOS SANTOS&quot;, expectedInitials: &quot;MD&quot;)" storage="/home/pombo/dev/c#/cloudmart-ecommerce/src/identity.tests/bin/release/net9.0/identity.tests.dll" id="4877c871-4aaa-e5c5-652e-d70b2caf6aa0">
      <Execution id="a0c715af-1071-4444-95ef-12aa10aead41" />
      <TestMethod codeBase="/home/pombo/Dev/C#/cloudmart-ecommerce/src/Identity.Tests/bin/Release/net9.0/Identity.Tests.dll" adapterTypeName="executor://xunit/VsTestRunner2/netcoreapp" className="Identity.Tests.Domain.ValueObjects.CompleteNameTests" name="Initials_ShouldBeComputedFromFirstAndLastName" />
    </UnitTest>
    <UnitTest name="Identity.Tests.Domain.Entities.UserTests.AddRefreshToken_ShouldAddTokenCollection" storage="/home/pombo/dev/c#/cloudmart-ecommerce/src/identity.tests/bin/release/net9.0/identity.tests.dll" id="444ccee1-0e5e-3086-c9b1-d7e1da2eafd3">
      <Execution id="040f9239-01da-4eac-885b-a8e93f0e8919" />
      <TestMethod codeBase="/home/pombo/Dev/C#/cloudmart-ecommerce/src/Identity.Tests/bin/Release/net9.0/Identity.Tests.dll" adapterTypeName="executor://xunit/VsTestRunner2/netcoreapp" className="Identity.Tests.Domain.Entities.UserTests" name="AddRefreshToken_ShouldAddTokenCollection" />
    </UnitTest>
    <UnitTest name="Identity.Tests.Domain.ValueObjects.EmailTests.Equals_TwoEmailWithDifferentAddress_ShouldNotBeEqual" storage="/home/pombo/dev/c#/cloudmart-ecommerce/src/identity.tests/bin/release/net9.0/identity.tests.dll" id="61767d10-258f-1ce8-f1f4-99c4b07d6c31">
      <Execution id="8a4684af-322d-4c9e-a862-3266d9580e82" />
      <TestMethod codeBase="/home/pombo/Dev/C#/cloudmart-ecommerce/src/Identity.Tests/bin/Release/net9.0/Identity.Tests.dll" adapterTypeName="executor://xunit/VsTestRunner2/netcoreapp" className="Identity.Tests.Domain.ValueObjects.EmailTests" name="Equals_TwoEmailWithDifferentAddress_ShouldNotBeEqual" />
    </UnitTest>
    <UnitTest name="Identity.Tests.Domain.ValueObjects.CompleteNameTests.Create_WithValidNames_ShouldSucceed" storage="/home/pombo/dev/c#/cloudmart-ecommerce/src/identity.tests/bin/release/net9.0/identity.tests.dll" id="a81738ef-902d-b18c-fd12-9a94f8a56fb7">
      <Execution id="e411fb98-7e86-4ead-aa1e-7e7e22891971" />
      <TestMethod codeBase="/home/pombo/Dev/C#/cloudmart-ecommerce/src/Identity.Tests/bin/Release/net9.0/Identity.Tests.dll" adapterTypeName="executor://xunit/VsTestRunner2/netcoreapp" className="Identity.Tests.Domain.ValueObjects.CompleteNameTests" name="Create_WithValidNames_ShouldSucceed" />
    </UnitTest>
    <UnitTest name="Identity.Tests.Domain.ValueObjects.EmailTests.Create_WithLeadingOrTrailingWhitespace_ShouldTrim" storage="/home/pombo/dev/c#/cloudmart-ecommerce/src/identity.tests/bin/release/net9.0/identity.tests.dll" id="27a0856f-fff4-f01c-8b04-2c13e5db5631">
      <Execution id="f5d774d1-6342-4acc-9381-d5897a3c6773" />
      <TestMethod codeBase="/home/pombo/Dev/C#/cloudmart-ecommerce/src/Identity.Tests/bin/Release/net9.0/Identity.Tests.dll" adapterTypeName="executor://xunit/VsTestRunner2/netcoreapp" className="Identity.Tests.Domain.ValueObjects.EmailTests" name="Create_WithLeadingOrTrailingWhitespace_ShouldTrim" />
    </UnitTest>
    <UnitTest name="Identity.Tests.Domain.Entities.UserTests.Create_NewUser_ShouldSetCreateAtToUtcNow" storage="/home/pombo/dev/c#/cloudmart-ecommerce/src/identity.tests/bin/release/net9.0/identity.tests.dll" id="f6cacf49-f35e-29c0-103a-914cd0fe24dd">
      <Execution id="cf2480a7-a3dd-4075-bcce-50f79ca40de9" />
      <TestMethod codeBase="/home/pombo/Dev/C#/cloudmart-ecommerce/src/Identity.Tests/bin/Release/net9.0/Identity.Tests.dll" adapterTypeName="executor://xunit/VsTestRunner2/netcoreapp" className="Identity.Tests.Domain.Entities.UserTests" name="Create_NewUser_ShouldSetCreateAtToUtcNow" />
    </UnitTest>
    <UnitTest name="Identity.Tests.Domain.ValueObjects.EmailTests.Create_WithInvalidFormat_ShouldThrowDomainException(invalidEmail: &quot;missing@domain&quot;)" storage="/home/pombo/dev/c#/cloudmart-ecommerce/src/identity.tests/bin/release/net9.0/identity.tests.dll" id="4b2297b1-9929-8fac-ef0a-7734b772a666">
      <Execution id="031030dc-69ab-43d1-82b4-7e173438cdaf" />
      <TestMethod codeBase="/home/pombo/Dev/C#/cloudmart-ecommerce/src/Identity.Tests/bin/Release/net9.0/Identity.Tests.dll" adapterTypeName="executor://xunit/VsTestRunner2/netcoreapp" className="Identity.Tests.Domain.ValueObjects.EmailTests" name="Create_WithInvalidFormat_ShouldThrowDomainException" />
    </UnitTest>
    <UnitTest name="Identity.Tests.Domain.ValueObjects.EmailTests.GetHashCode_TwoEqualEmail_ShouldHaveSameHashCode" storage="/home/pombo/dev/c#/cloudmart-ecommerce/src/identity.tests/bin/release/net9.0/identity.tests.dll" id="9e456675-b6ec-849a-fb23-381f118a9dea">
      <Execution id="3076bde4-e2aa-419f-9a83-ace2e8a94c2d" />
      <TestMethod codeBase="/home/pombo/Dev/C#/cloudmart-ecommerce/src/Identity.Tests/bin/Release/net9.0/Identity.Tests.dll" adapterTypeName="executor://xunit/VsTestRunner2/netcoreapp" className="Identity.Tests.Domain.ValueObjects.EmailTests" name="GetHashCode_TwoEqualEmail_ShouldHaveSameHashCode" />
    </UnitTest>
    <UnitTest name="Identity.Tests.Domain.ValueObjects.EmailTests.Create_WithValidEmailFormat_ShouldSucceed(validEmail: &quot;first.last@example.com&quot;)" storage="/home/pombo/dev/c#/cloudmart-ecommerce/src/identity.tests/bin/release/net9.0/identity.tests.dll" id="33fa476f-fadd-c179-0065-f10fe6d99ada">
      <Execution id="65b01d40-fec5-4f8b-8a44-c1305e9e94c7" />
      <TestMethod codeBase="/home/pombo/Dev/C#/cloudmart-ecommerce/src/Identity.Tests/bin/Release/net9.0/Identity.Tests.dll" adapterTypeName="executor://xunit/VsTestRunner2/netcoreapp" className="Identity.Tests.Domain.ValueObjects.EmailTests" name="Create_WithValidEmailFormat_ShouldSucceed" />
    </UnitTest>
    <UnitTest name="Identity.Tests.Domain.ValueObjects.PasswordTests.Create_WithPasswordMissingComplexityRule_ShouldThrowDomainException(weakPassword: &quot;NoSpecialChar123&quot;)" storage="/home/pombo/dev/c#/cloudmart-ecommerce/src/identity.tests/bin/release/net9.0/identity.tests.dll" id="f57cab95-7ee6-1d93-a53f-fea4c9ce6f84">
      <Execution id="6433741b-8474-4b3a-a924-a44158b79fcb" />
      <TestMethod codeBase="/home/pombo/Dev/C#/cloudmart-ecommerce/src/Identity.Tests/bin/Release/net9.0/Identity.Tests.dll" adapterTypeName="executor://xunit/VsTestRunner2/netcoreapp" className="Identity.Tests.Domain.ValueObjects.PasswordTests" name="Create_WithPasswordMissingComplexityRule_ShouldThrowDomainException" />
    </UnitTest>
  </TestDefinitions>
  <TestEntries>
    <TestEntry testId="4877c871-4aaa-e5c5-652e-d70b2caf6aa0" executionId="a0c715af-1071-4444-95ef-12aa10aead41" testListId="8c84fa94-04c1-424b-9868-57a2d4851a1d" />
    <TestEntry testId="714d7c07-d9ce-474e-3d9b-dea8b13154db" executionId="09e8d162-eca7-4522-8514-47df10e3051a" testListId="8c84fa94-04c1-424b-9868-57a2d4851a1d" />
    <TestEntry testId="61767d10-258f-1ce8-f1f4-99c4b07d6c31" executionId="8a4684af-322d-4c9e-a862-3266d9580e82" testListId="8c84fa94-04c1-424b-9868-57a2d4851a1d" />
    <TestEntry testId="2f95a583-5ebf-642b-a683-631f65b6cde3" executionId="7f437df1-440f-454f-951d-0b18c84bf574" testListId="8c84fa94-04c1-424b-9868-57a2d4851a1d" />
    <TestEntry testId="92aeb8b3-f052-0bb4-32ac-b0b154a683ff" executionId="eecef1fe-05de-498c-8f3c-0d31afd48cfd" testListId="8c84fa94-04c1-424b-9868-57a2d4851a1d" />
    <TestEntry testId="2d964ca9-862d-a06e-8cff-f1f3b17942be" executionId="11a0b5ca-20a2-4c14-8818-e535b11461f5" testListId="8c84fa94-04c1-424b-9868-57a2d4851a1d" />
    <TestEntry testId="b60496da-699a-f7e8-b512-4bef35ebb3c6" executionId="6027337c-b902-41cc-b742-f56937b69f37" testListId="8c84fa94-04c1-424b-9868-57a2d4851a1d" />
    <TestEntry testId="4c675138-8d08-8ee4-299d-e45bd16bf3ac" executionId="675f596b-abb8-409a-b982-42174aa21d3d" testListId="8c84fa94-04c1-424b-9868-57a2d4851a1d" />
    <TestEntry testId="b1bdba67-a360-b397-8547-e1a3a0cd1e03" executionId="a88407cd-ea9b-4a1c-aebd-46609223812a" testListId="8c84fa94-04c1-424b-9868-57a2d4851a1d" />
    <TestEntry testId="be3a5de2-5236-f46c-efe4-1a3d315a6fad" executionId="53585ee8-fac1-4528-a478-3e74e896e083" testListId="8c84fa94-04c1-424b-9868-57a2d4851a1d" />
    <TestEntry testId="0e7a71b0-cd53-08a3-465f-202c03241461" executionId="53d0660a-8ab4-4089-8104-6fe2d394a7d4" testListId="8c84fa94-04c1-424b-9868-57a2d4851a1d" />
    <TestEntry testId="6bdca0a6-ec07-6071-8804-b7b06a4b74f5" executionId="d0fe6694-ba7b-48c6-a9b1-0ef8402dd907" testListId="8c84fa94-04c1-424b-9868-57a2d4851a1d" />
    <TestEntry testId="dd17e392-1c69-260e-c307-a78f95357ffa" executionId="6a39fae0-80f6-4a96-8a83-b5f710bdd754" testListId="8c84fa94-04c1-424b-9868-57a2d4851a1d" />
    <TestEntry testId="7d6627a0-9217-b6cc-641c-3183aba1a66f" executionId="c21ec32d-4535-43b1-be51-16f6e1274d76" testListId="8c84fa94-04c1-424b-9868-57a2d4851a1d" />
    <TestEntry testId="3ed4350a-a705-bfe8-fc1e-5ef93dba5d7c" executionId="5d898369-0ba2-4acd-ab98-cc32e27eabbb" testListId="8c84fa94-04c1-424b-9868-57a2d4851a1d" />
    <TestEntry testId="0c1433f8-fd1c-8bb9-fac3-3b20f2f55f33" executionId="671a5100-eef5-4aac-a8ee-6ba719c4dcd5" testListId="8c84fa94-04c1-424b-9868-57a2d4851a1d" />
    <TestEntry testId="f2f7a73a-7722-90e6-3cad-f5a0798eab02" executionId="b53a9465-a3a7-4d9d-9886-a9c1d77ff752" testListId="8c84fa94-04c1-424b-9868-57a2d4851a1d" />
    <TestEntry testId="4848cd30-4b2f-69e9-7c1d-c78c0f47e50a" executionId="53ec6010-54c9-46ec-ab45-7d07c44747cc" testListId="8c84fa94-04c1-424b-9868-57a2d4851a1d" />
    <TestEntry testId="0f742ff5-10ce-897e-a438-ae10fa51fb0c" executionId="7e7eb5c9-2d40-439f-9994-c2dd00f1071c" testListId="8c84fa94-04c1-424b-9868-57a2d4851a1d" />
    <TestEntry testId="f0395ec9-08cc-89a2-3ff1-20dbded38c8b" executionId="2aecfd72-4fa2-44fc-8907-d7244a5a8d16" testListId="8c84fa94-04c1-424b-9868-57a2d4851a1d" />
    <TestEntry testId="991c6d01-af3c-2318-24b2-c23608ab6cda" executionId="c2534a8a-9b37-4b0e-ab3d-7ca0e34e2281" testListId="8c84fa94-04c1-424b-9868-57a2d4851a1d" />
    <TestEntry testId="8bb77a73-db27-4411-01d5-7fb73e9855e8" executionId="e30e2c18-6fc0-43be-b5e3-8f79c8b6dd1d" testListId="8c84fa94-04c1-424b-9868-57a2d4851a1d" />
    <TestEntry testId="84a2c1b5-163f-d755-d246-6da7cbb30999" executionId="99871f38-e824-4059-9ddc-fa542dc7e0a1" testListId="8c84fa94-04c1-424b-9868-57a2d4851a1d" />
    <TestEntry testId="4b2297b1-9929-8fac-ef0a-7734b772a666" executionId="031030dc-69ab-43d1-82b4-7e173438cdaf" testListId="8c84fa94-04c1-424b-9868-57a2d4851a1d" />
    <TestEntry testId="e31517f0-e582-eb80-bc41-e023ef028ddf" executionId="ae9378a5-9da2-4ac5-b3e2-f6b570738c55" testListId="8c84fa94-04c1-424b-9868-57a2d4851a1d" />
    <TestEntry testId="1210bb37-5deb-7efb-f8b4-6264635c5c42" executionId="70a7485f-6ea2-4247-aa3e-7dd7173dbfb4" testListId="8c84fa94-04c1-424b-9868-57a2d4851a1d" />
    <TestEntry testId="a4cbc4bc-35b1-1bb4-2e3d-1fb47720a0d0" executionId="2981d7f0-879c-4c5b-a5c0-758c1085340e" testListId="8c84fa94-04c1-424b-9868-57a2d4851a1d" />
    <TestEntry testId="0539f599-0b90-5522-ccca-15316ad408bc" executionId="feb6125a-aea2-4e20-828f-a653f1ace7ce" testListId="8c84fa94-04c1-424b-9868-57a2d4851a1d" />
    <TestEntry testId="0b9cd77a-6120-52aa-82d1-7b1720c966ae" executionId="7c238965-dc65-48bc-8681-f60acdec3f87" testListId="8c84fa94-04c1-424b-9868-57a2d4851a1d" />
    <TestEntry testId="2cff496a-448a-1223-8261-d693ec74a58c" executionId="f7a22571-55ad-47ca-b10b-951c007051f9" testListId="8c84fa94-04c1-424b-9868-57a2d4851a1d" />
    <TestEntry testId="fefe0c39-aff0-ba09-b030-8b24c1e95ae2" executionId="3ea6a637-a86a-4b3d-a08f-f9b66e1ed45f" testListId="8c84fa94-04c1-424b-9868-57a2d4851a1d" />
    <TestEntry testId="e1100ebf-73f8-cfb9-be3d-42a3620c21cb" executionId="d29808f3-b87d-4149-91ec-5ed66fad5ee9" testListId="8c84fa94-04c1-424b-9868-57a2d4851a1d" />
    <TestEntry testId="85c7ee5d-8ac4-04d4-c023-2cc306c21e4d" executionId="94d9cac2-44be-42fa-aa0b-6ed908e6a43f" testListId="8c84fa94-04c1-424b-9868-57a2d4851a1d" />
    <TestEntry testId="6e714ac3-93e8-c761-7c58-48aba9d8da56" executionId="091e1d29-c611-4d0f-b8f2-ac2e9ae5c483" testListId="8c84fa94-04c1-424b-9868-57a2d4851a1d" />
    <TestEntry testId="0d7258d6-e7eb-7967-7432-f109cf2e3d08" executionId="8eb67625-8bf7-441f-ba13-2e07dafed866" testListId="8c84fa94-04c1-424b-9868-57a2d4851a1d" />
    <TestEntry testId="1a6e4076-106d-e57a-320b-bc99399e9d83" executionId="016ca75d-819c-4b58-b820-d9eac5539fb6" testListId="8c84fa94-04c1-424b-9868-57a2d4851a1d" />
    <TestEntry testId="198bac5d-865e-e10c-6e00-0285a13e4943" executionId="14214ff1-663a-4c10-ada8-0eb2495b98aa" testListId="8c84fa94-04c1-424b-9868-57a2d4851a1d" />
    <TestEntry testId="235c8d3f-1f26-0a26-5d8a-27566755590f" executionId="d666a188-38ce-4d8e-b5eb-46c870629422" testListId="8c84fa94-04c1-424b-9868-57a2d4851a1d" />
    <TestEntry testId="27a0856f-fff4-f01c-8b04-2c13e5db5631" executionId="f5d774d1-6342-4acc-9381-d5897a3c6773" testListId="8c84fa94-04c1-424b-9868-57a2d4851a1d" />
    <TestEntry testId="82f5ec48-a106-641c-1db7-1ef55dcc29a6" executionId="4fb1e997-dac2-49cf-a681-a2167c8defde" testListId="8c84fa94-04c1-424b-9868-57a2d4851a1d" />
    <TestEntry testId="6c8bd53b-0aea-4e85-e875-5fc8f3e2d675" executionId="b81accdf-52bb-4cfd-8e91-7a589305d2f0" testListId="8c84fa94-04c1-424b-9868-57a2d4851a1d" />
    <TestEntry testId="60e2c02f-c021-30ac-0af3-b42677cfe970" executionId="b6103b33-a478-4a8a-ad34-05cda900a40a" testListId="8c84fa94-04c1-424b-9868-57a2d4851a1d" />
    <TestEntry testId="f6cacf49-f35e-29c0-103a-914cd0fe24dd" executionId="cf2480a7-a3dd-4075-bcce-50f79ca40de9" testListId="8c84fa94-04c1-424b-9868-57a2d4851a1d" />
    <TestEntry testId="9e456675-b6ec-849a-fb23-381f118a9dea" executionId="3076bde4-e2aa-419f-9a83-ace2e8a94c2d" testListId="8c84fa94-04c1-424b-9868-57a2d4851a1d" />
    <TestEntry testId="2164ee36-77b0-8b41-fe5e-ae18efb04a19" executionId="ff21b767-dee5-449a-88d8-0c2adcc130a1" testListId="8c84fa94-04c1-424b-9868-57a2d4851a1d" />
    <TestEntry testId="5de5ee0f-ab48-9ac7-21c5-564c41b0b9f9" executionId="6558e442-079c-468a-9229-bf51b9f69d66" testListId="8c84fa94-04c1-424b-9868-57a2d4851a1d" />
    <TestEntry testId="b7669388-0941-66a1-ac72-16401dfbe304" executionId="56766213-31bb-4a54-9363-869ee61a770e" testListId="8c84fa94-04c1-424b-9868-57a2d4851a1d" />
    <TestEntry testId="fbb3b841-6c4c-bfe3-f8aa-bc3daeaac023" executionId="3af015de-d1b0-4561-aaa4-c65862e9caed" testListId="8c84fa94-04c1-424b-9868-57a2d4851a1d" />
    <TestEntry testId="d64e1aba-2a3e-533c-842b-6485ad37a88e" executionId="f5a681a5-a2bf-41e2-a627-f6f389f07e04" testListId="8c84fa94-04c1-424b-9868-57a2d4851a1d" />
    <TestEntry testId="91e8c3f5-2af9-f415-dedc-dc86add040b0" executionId="899e3b2f-d293-4679-81c2-e042b05a30fa" testListId="8c84fa94-04c1-424b-9868-57a2d4851a1d" />
    <TestEntry testId="a81738ef-902d-b18c-fd12-9a94f8a56fb7" executionId="e411fb98-7e86-4ead-aa1e-7e7e22891971" testListId="8c84fa94-04c1-424b-9868-57a2d4851a1d" />
    <TestEntry testId="f57cab95-7ee6-1d93-a53f-fea4c9ce6f84" executionId="6433741b-8474-4b3a-a924-a44158b79fcb" testListId="8c84fa94-04c1-424b-9868-57a2d4851a1d" />
    <TestEntry testId="6923638a-9f33-823d-7f15-b2ec1041f814" executionId="79a7274d-3b29-4747-a9c4-4bf4e1d5ffb1" testListId="8c84fa94-04c1-424b-9868-57a2d4851a1d" />
    <TestEntry testId="65bac05f-f892-4816-ed98-12727d80f7b9" executionId="36dccfbc-3fd1-4c7a-9844-7afb85c67fdd" testListId="8c84fa94-04c1-424b-9868-57a2d4851a1d" />
    <TestEntry testId="444ccee1-0e5e-3086-c9b1-d7e1da2eafd3" executionId="040f9239-01da-4eac-885b-a8e93f0e8919" testListId="8c84fa94-04c1-424b-9868-57a2d4851a1d" />
    <TestEntry testId="a5d964cc-969f-0e25-85e7-a449b3d69abb" executionId="c94fe3f6-a729-4198-85af-ce147ad276fa" testListId="8c84fa94-04c1-424b-9868-57a2d4851a1d" />
    <TestEntry testId="33fa476f-fadd-c179-0065-f10fe6d99ada" executionId="65b01d40-fec5-4f8b-8a44-c1305e9e94c7" testListId="8c84fa94-04c1-424b-9868-57a2d4851a1d" />
  </TestEntries>
  <TestLists>
    <TestList name="Results Not in a List" id="8c84fa94-04c1-424b-9868-57a2d4851a1d" />
    <TestList name="All Loaded Results" id="19431567-8539-422a-85d7-44ee4e166bda" />
  </TestLists>
  <ResultSummary outcome="Completed">
    <Counters total="57" executed="57" passed="57" failed="0" error="0" timeout="0" aborted="0" inconclusive="0" passedButRunAborted="0" notRunnable="0" notExecuted="0" disconnected="0" warning="0" completed="0" inProgress="0" pending="0" />
    <Output>
      <StdOut>[xUnit.net 00:00:00.00] xUnit.net VSTest Adapter v2.8.2+699d445a1a (64-bit .NET 9.0.17)
[xUnit.net 00:00:00.07]   Discovering: Identity.Tests
[xUnit.net 00:00:00.13]   Discovered:  Identity.Tests
[xUnit.net 00:00:00.13]   Starting:    Identity.Tests
[xUnit.net 00:00:03.33]   Finished:    Identity.Tests
</StdOut>
    </Output>
    <CollectorDataEntries>
      <Collector agentName="pombo" uri="datacollector://microsoft/CoverletCodeCoverage/1.0" collectorDisplayName="XPlat code coverage">
        <UriAttachments>
          <UriAttachment>
            <A href="pombo/coverage.cobertura.xml"></A>
          </UriAttachment>
        </UriAttachments>
      </Collector>
    </CollectorDataEntries>
  </ResultSummary>
</TestRun>